<?xml version="1.0" encoding="utf-8"?>
<django-objects version="1.0">
    <object pk="23" model="contenttypes.contenttype">
        <field type="CharField" name="name">address</field>
        <field type="CharField" name="app_label">webshop</field>
        <field type="CharField" name="model">address</field>
    </object>
    <object pk="9" model="contenttypes.contenttype">
        <field type="CharField" name="name">choice</field>
        <field type="CharField" name="app_label">polls</field>
        <field type="CharField" name="model">choice</field>
    </object>
    <object pk="13" model="contenttypes.contenttype">
        <field type="CharField" name="name">comment</field>
        <field type="CharField" name="app_label">webshop</field>
        <field type="CharField" name="model">comment</field>
    </object>
    <object pk="5" model="contenttypes.contenttype">
        <field type="CharField" name="name">content type</field>
        <field type="CharField" name="app_label">contenttypes</field>
        <field type="CharField" name="model">contenttype</field>
    </object>
    <object pk="2" model="contenttypes.contenttype">
        <field type="CharField" name="name">group</field>
        <field type="CharField" name="app_label">auth</field>
        <field type="CharField" name="model">group</field>
    </object>
    <object pk="18" model="contenttypes.contenttype">
        <field type="CharField" name="name">log entry</field>
        <field type="CharField" name="app_label">admin</field>
        <field type="CharField" name="model">logentry</field>
    </object>
    <object pk="4" model="contenttypes.contenttype">
        <field type="CharField" name="name">message</field>
        <field type="CharField" name="app_label">auth</field>
        <field type="CharField" name="model">message</field>
    </object>
    <object pk="15" model="contenttypes.contenttype">
        <field type="CharField" name="name">order</field>
        <field type="CharField" name="app_label">webshop</field>
        <field type="CharField" name="model">order</field>
    </object>
    <object pk="24" model="contenttypes.contenttype">
        <field type="CharField" name="name">order item</field>
        <field type="CharField" name="app_label">webshop</field>
        <field type="CharField" name="model">orderitem</field>
    </object>
    <object pk="1" model="contenttypes.contenttype">
        <field type="CharField" name="name">permission</field>
        <field type="CharField" name="app_label">auth</field>
        <field type="CharField" name="model">permission</field>
    </object>
    <object pk="8" model="contenttypes.contenttype">
        <field type="CharField" name="name">poll</field>
        <field type="CharField" name="app_label">polls</field>
        <field type="CharField" name="model">poll</field>
    </object>
    <object pk="11" model="contenttypes.contenttype">
        <field type="CharField" name="name">product</field>
        <field type="CharField" name="app_label">webshop</field>
        <field type="CharField" name="model">product</field>
    </object>
    <object pk="14" model="contenttypes.contenttype">
        <field type="CharField" name="name">rating</field>
        <field type="CharField" name="app_label">webshop</field>
        <field type="CharField" name="model">rating</field>
    </object>
    <object pk="20" model="contenttypes.contenttype">
        <field type="CharField" name="name">sale item</field>
        <field type="CharField" name="app_label">webshop</field>
        <field type="CharField" name="model">saleitem</field>
    </object>
    <object pk="6" model="contenttypes.contenttype">
        <field type="CharField" name="name">session</field>
        <field type="CharField" name="app_label">sessions</field>
        <field type="CharField" name="model">session</field>
    </object>
    <object pk="25" model="contenttypes.contenttype">
        <field type="CharField" name="name">shipping method</field>
        <field type="CharField" name="app_label">webshop</field>
        <field type="CharField" name="model">shippingmethod</field>
    </object>
    <object pk="7" model="contenttypes.contenttype">
        <field type="CharField" name="name">site</field>
        <field type="CharField" name="app_label">sites</field>
        <field type="CharField" name="model">site</field>
    </object>
    <object pk="21" model="contenttypes.contenttype">
        <field type="CharField" name="name">statistic</field>
        <field type="CharField" name="app_label">webshop</field>
        <field type="CharField" name="model">statistic</field>
    </object>
    <object pk="19" model="contenttypes.contenttype">
        <field type="CharField" name="name">type</field>
        <field type="CharField" name="app_label">webshop</field>
        <field type="CharField" name="model">type</field>
    </object>
    <object pk="3" model="contenttypes.contenttype">
        <field type="CharField" name="name">user</field>
        <field type="CharField" name="app_label">auth</field>
        <field type="CharField" name="model">user</field>
    </object>
    <object pk="f7297ba7673287244e69b0f078582068" model="sessions.session">
        <field type="TextField" name="session_data">gAJ9cQEoVRJfYXV0aF91c2VyX2JhY2tlbmRxAlUpZGphbmdvLmNvbnRyaWIuYXV0aC5iYWNrZW5k
cy5Nb2RlbEJhY2tlbmRxA1UNX2F1dGhfdXNlcl9pZHEESwF1LjFhNDdmN2RmYTZkNzFhYjExYjNk
YjM2OTc0NDVhNjFh
</field>
        <field type="DateTimeField" name="expire_date">2011-03-04 14:32:43</field>
    </object>
    <object pk="7458a4626a37a0e529bd6cf4c722ee7f" model="sessions.session">
        <field type="TextField" name="session_data">gAJ9cQEoVRJfYXV0aF91c2VyX2JhY2tlbmRxAlUpZGphbmdvLmNvbnRyaWIuYXV0aC5iYWNrZW5k
cy5Nb2RlbEJhY2tlbmRxA1UNX2F1dGhfdXNlcl9pZHEESwF1LjFhNDdmN2RmYTZkNzFhYjExYjNk
YjM2OTc0NDVhNjFh
</field>
        <field type="DateTimeField" name="expire_date">2011-03-07 02:01:45</field>
    </object>
    <object pk="2993d2f8de6f5a7930cd6346b4bfd5f2" model="sessions.session">
        <field type="TextField" name="session_data">gAJ9cQEoVRJfYXV0aF91c2VyX2JhY2tlbmRxAlUpZGphbmdvLmNvbnRyaWIuYXV0aC5iYWNrZW5k
cy5Nb2RlbEJhY2tlbmRxA1UNX2F1dGhfdXNlcl9pZHEESwJ1LjI5Zjg0ZjdkY2YyZTMyMDA3ZTZl
YmQwNmY1OWQ4MmFk
</field>
        <field type="DateTimeField" name="expire_date">2011-03-08 01:10:21</field>
    </object>
    <object pk="1bdc4ecf3758030235a9b0978a3b1f29" model="sessions.session">
        <field type="TextField" name="session_data">gAJ9cQEuOTQ0NTE0YzViMTUzZTFjZDUwMWQ1OTQ3YzQ1ZjJkZjQ=
</field>
        <field type="DateTimeField" name="expire_date">2011-03-10 03:11:39</field>
    </object>
    <object pk="87569d286b249f7a2999d7a95df18a82" model="sessions.session">
        <field type="TextField" name="session_data">gAJ9cQEoVRJfYXV0aF91c2VyX2JhY2tlbmRxAlUpZGphbmdvLmNvbnRyaWIuYXV0aC5iYWNrZW5k
cy5Nb2RlbEJhY2tlbmRxA1UNX2F1dGhfdXNlcl9pZHEESwF1LjFhNDdmN2RmYTZkNzFhYjExYjNk
YjM2OTc0NDVhNjFh
</field>
        <field type="DateTimeField" name="expire_date">2011-03-16 13:50:41</field>
    </object>
    <object pk="060a75a976e3b1b0cbda3c314760a174" model="sessions.session">
        <field type="TextField" name="session_data">gAJ9cQEuOTQ0NTE0YzViMTUzZTFjZDUwMWQ1OTQ3YzQ1ZjJkZjQ=
</field>
        <field type="DateTimeField" name="expire_date">2011-03-17 14:44:29</field>
    </object>
    <object pk="82e314b6664dd30f873e97ed14ef65df" model="sessions.session">
        <field type="TextField" name="session_data">gAJ9cQEoVQp0ZXN0Y29va2llcQJVBndvcmtlZHEDVRJfYXV0aF91c2VyX2JhY2tlbmRxBFUpZGph
bmdvLmNvbnRyaWIuYXV0aC5iYWNrZW5kcy5Nb2RlbEJhY2tlbmRxBVUNX2F1dGhfdXNlcl9pZHEG
SwF1Ljg5NDQ0YjBhYzRiYmQzNjRmOGZkYjk4NTA4NjdmYmMz
</field>
        <field type="DateTimeField" name="expire_date">2011-03-20 15:14:16</field>
    </object>
    <object pk="9a5bb73da0ffbe044e751f0089a09593" model="sessions.session">
        <field type="TextField" name="session_data">gAJ9cQEoVRJfYXV0aF91c2VyX2JhY2tlbmRxAlUpZGphbmdvLmNvbnRyaWIuYXV0aC5iYWNrZW5k
cy5Nb2RlbEJhY2tlbmRxA1UNX2F1dGhfdXNlcl9pZHEESwF1LjFhNDdmN2RmYTZkNzFhYjExYjNk
YjM2OTc0NDVhNjFh
</field>
        <field type="DateTimeField" name="expire_date">2011-03-21 13:49:30</field>
    </object>
    <object pk="0e6d180af38be3a16863ebcadb744a29" model="sessions.session">
        <field type="TextField" name="session_data">gAJ9cQEoVRJfYXV0aF91c2VyX2JhY2tlbmRxAlUpZGphbmdvLmNvbnRyaWIuYXV0aC5iYWNrZW5k
cy5Nb2RlbEJhY2tlbmRxA1UNX2F1dGhfdXNlcl9pZHEESwF1LjFhNDdmN2RmYTZkNzFhYjExYjNk
YjM2OTc0NDVhNjFh
</field>
        <field type="DateTimeField" name="expire_date">2011-03-22 02:53:23</field>
    </object>
    <object pk="7d063e20963707836383fd6af214e34a" model="sessions.session">
        <field type="TextField" name="session_data">gAJ9cQEoVRJfYXV0aF91c2VyX2JhY2tlbmRxAlUpZGphbmdvLmNvbnRyaWIuYXV0aC5iYWNrZW5k
cy5Nb2RlbEJhY2tlbmRxA1UNX2F1dGhfdXNlcl9pZHEESwJ1LjI5Zjg0ZjdkY2YyZTMyMDA3ZTZl
YmQwNmY1OWQ4MmFk
</field>
        <field type="DateTimeField" name="expire_date">2011-03-22 08:16:11</field>
    </object>
    <object pk="6ccc5a3c0c6942882d954c158c581727" model="sessions.session">
        <field type="TextField" name="session_data">gAJ9cQEuOTQ0NTE0YzViMTUzZTFjZDUwMWQ1OTQ3YzQ1ZjJkZjQ=
</field>
        <field type="DateTimeField" name="expire_date">2011-03-23 01:52:45</field>
    </object>
    <object pk="8b67af925efe72e7c2159789446fbfc8" model="sessions.session">
        <field type="TextField" name="session_data">gAJ9cQEuOTQ0NTE0YzViMTUzZTFjZDUwMWQ1OTQ3YzQ1ZjJkZjQ=
</field>
        <field type="DateTimeField" name="expire_date">2011-03-09 09:59:30</field>
    </object>
    <object pk="e34ef1fa67abc12df39da48f65675f96" model="sessions.session">
        <field type="TextField" name="session_data">gAJ9cQEoVRJfYXV0aF91c2VyX2JhY2tlbmRxAlUpZGphbmdvLmNvbnRyaWIuYXV0aC5iYWNrZW5k
cy5Nb2RlbEJhY2tlbmRxA1UNX2F1dGhfdXNlcl9pZHEESwF1LjFhNDdmN2RmYTZkNzFhYjExYjNk
YjM2OTc0NDVhNjFh
</field>
        <field type="DateTimeField" name="expire_date">2011-03-09 09:59:54</field>
    </object>
    <object pk="74ffe6d80e6b4c28ef0008e10719d1c3" model="sessions.session">
        <field type="TextField" name="session_data">gAJ9cQEuOTQ0NTE0YzViMTUzZTFjZDUwMWQ1OTQ3YzQ1ZjJkZjQ=
</field>
        <field type="DateTimeField" name="expire_date">2011-03-09 10:00:10</field>
    </object>
    <object pk="b50be5eb455f1acbd871675490ceeeda" model="sessions.session">
        <field type="TextField" name="session_data">gAJ9cQEoVRJfYXV0aF91c2VyX2JhY2tlbmRxAlUpZGphbmdvLmNvbnRyaWIuYXV0aC5iYWNrZW5k
cy5Nb2RlbEJhY2tlbmRxA1UNX2F1dGhfdXNlcl9pZHEESwF1LjFhNDdmN2RmYTZkNzFhYjExYjNk
YjM2OTc0NDVhNjFh
</field>
        <field type="DateTimeField" name="expire_date">2011-03-09 10:00:24</field>
    </object>
    <object pk="fb028d5e6cc80440690ce9f3319860c8" model="sessions.session">
        <field type="TextField" name="session_data">gAJ9cQEoVRJfYXV0aF91c2VyX2JhY2tlbmRxAlUpZGphbmdvLmNvbnRyaWIuYXV0aC5iYWNrZW5k
cy5Nb2RlbEJhY2tlbmRxA1UNX2F1dGhfdXNlcl9pZHEESwF1LjFhNDdmN2RmYTZkNzFhYjExYjNk
YjM2OTc0NDVhNjFh
</field>
        <field type="DateTimeField" name="expire_date">2011-03-09 10:00:41</field>
    </object>
    <object pk="46e52d0645f41dc4d2d895290d32a6f0" model="sessions.session">
        <field type="TextField" name="session_data">gAJ9cQEoVRJfYXV0aF91c2VyX2JhY2tlbmRxAlUpZGphbmdvLmNvbnRyaWIuYXV0aC5iYWNrZW5k
cy5Nb2RlbEJhY2tlbmRxA1UNX2F1dGhfdXNlcl9pZHEESwF1LjFhNDdmN2RmYTZkNzFhYjExYjNk
YjM2OTc0NDVhNjFh
</field>
        <field type="DateTimeField" name="expire_date">2011-03-09 11:04:23</field>
    </object>
    <object pk="17c3a7bd8522588377ae3da55f3a3a04" model="sessions.session">
        <field type="TextField" name="session_data">gAJ9cQEoVRJfYXV0aF91c2VyX2JhY2tlbmRxAlUpZGphbmdvLmNvbnRyaWIuYXV0aC5iYWNrZW5k
cy5Nb2RlbEJhY2tlbmRxA1UNX2F1dGhfdXNlcl9pZHEESwF1LjFhNDdmN2RmYTZkNzFhYjExYjNk
YjM2OTc0NDVhNjFh
</field>
        <field type="DateTimeField" name="expire_date">2011-03-09 12:51:38</field>
    </object>
    <object pk="4eda29a79b0eb84a51f16bca0146cd1d" model="sessions.session">
        <field type="TextField" name="session_data">gAJ9cQEoVRJfYXV0aF91c2VyX2JhY2tlbmRxAlUpZGphbmdvLmNvbnRyaWIuYXV0aC5iYWNrZW5k
cy5Nb2RlbEJhY2tlbmRxA1UNX2F1dGhfdXNlcl9pZHEESwF1LjFhNDdmN2RmYTZkNzFhYjExYjNk
YjM2OTc0NDVhNjFh
</field>
        <field type="DateTimeField" name="expire_date">2011-03-09 13:51:52</field>
    </object>
    <object pk="e095b267bf6567a88720b28563d1cae0" model="sessions.session">
        <field type="TextField" name="session_data">gAJ9cQEoVRJfYXV0aF91c2VyX2JhY2tlbmRxAlUpZGphbmdvLmNvbnRyaWIuYXV0aC5iYWNrZW5k
cy5Nb2RlbEJhY2tlbmRxA1UNX2F1dGhfdXNlcl9pZHEESwF1LjFhNDdmN2RmYTZkNzFhYjExYjNk
YjM2OTc0NDVhNjFh
</field>
        <field type="DateTimeField" name="expire_date">2011-03-09 14:52:03</field>
    </object>
    <object pk="8b1a36f168bdb3f6f51ec58670b360d0" model="sessions.session">
        <field type="TextField" name="session_data">gAJ9cQEoVQp0ZXN0Y29va2llcQJVBndvcmtlZHEDVRJfYXV0aF91c2VyX2JhY2tlbmRxBFUpZGph
bmdvLmNvbnRyaWIuYXV0aC5iYWNrZW5kcy5Nb2RlbEJhY2tlbmRxBVUNX2F1dGhfdXNlcl9pZHEG
SwF1Ljg5NDQ0YjBhYzRiYmQzNjRmOGZkYjk4NTA4NjdmYmMz
</field>
        <field type="DateTimeField" name="expire_date">2011-03-09 16:00:39</field>
    </object>
    <object pk="978cd3698041ecf98ee6600c7c81b6e2" model="sessions.session">
        <field type="TextField" name="session_data">gAJ9cQEoVRJfYXV0aF91c2VyX2JhY2tlbmRxAlUpZGphbmdvLmNvbnRyaWIuYXV0aC5iYWNrZW5k
cy5Nb2RlbEJhY2tlbmRxA1UNX2F1dGhfdXNlcl9pZHEESwF1LjFhNDdmN2RmYTZkNzFhYjExYjNk
YjM2OTc0NDVhNjFh
</field>
        <field type="DateTimeField" name="expire_date">2011-03-10 03:55:57</field>
    </object>
    <object pk="54adba2cb7917f0c6a2c3e8efa29beda" model="sessions.session">
        <field type="TextField" name="session_data">gAJ9cQEuOTQ0NTE0YzViMTUzZTFjZDUwMWQ1OTQ3YzQ1ZjJkZjQ=
</field>
        <field type="DateTimeField" name="expire_date">2011-03-10 05:23:37</field>
    </object>
    <object pk="092c813e7b6e26f92f6c6705385829f8" model="sessions.session">
        <field type="TextField" name="session_data">gAJ9cQEuOTQ0NTE0YzViMTUzZTFjZDUwMWQ1OTQ3YzQ1ZjJkZjQ=
</field>
        <field type="DateTimeField" name="expire_date">2011-03-10 08:02:10</field>
    </object>
    <object pk="86ba6722764dfa34934fe25d53514ef1" model="sessions.session">
        <field type="TextField" name="session_data">gAJ9cQEuOTQ0NTE0YzViMTUzZTFjZDUwMWQ1OTQ3YzQ1ZjJkZjQ=
</field>
        <field type="DateTimeField" name="expire_date">2011-03-10 09:55:25</field>
    </object>
    <object pk="8bcc3c5700884938059dbd5490167f5d" model="sessions.session">
        <field type="TextField" name="session_data">gAJ9cQEoVRJfYXV0aF91c2VyX2JhY2tlbmRxAlUpZGphbmdvLmNvbnRyaWIuYXV0aC5iYWNrZW5k
cy5Nb2RlbEJhY2tlbmRxA1UNX2F1dGhfdXNlcl9pZHEESwF1LjFhNDdmN2RmYTZkNzFhYjExYjNk
YjM2OTc0NDVhNjFh
</field>
        <field type="DateTimeField" name="expire_date">2011-03-10 15:53:02</field>
    </object>
    <object pk="be10ec1757174c332faf5737e3e09240" model="sessions.session">
        <field type="TextField" name="session_data">gAJ9cQEuOTQ0NTE0YzViMTUzZTFjZDUwMWQ1OTQ3YzQ1ZjJkZjQ=
</field>
        <field type="DateTimeField" name="expire_date">2011-03-10 23:40:50</field>
    </object>
    <object pk="b32a31fce32d7385706ca584bcc5adc3" model="sessions.session">
        <field type="TextField" name="session_data">gAJ9cQEoVQR0ZXN0cQJVBHRlc3RxA1UEY2FydHEEY2RqYW5nby5kYi5tb2RlbHMuYmFzZQptb2Rl
bF91bnBpY2tsZQpxBWN3ZWJzaG9wLm1vZGVscwpPcmRlcgpxBl1jZGphbmdvLmRiLm1vZGVscy5i
YXNlCnNpbXBsZV9jbGFzc19mYWN0b3J5CnEHh1JxCH1xCShVCWRlbGl2ZXJlZHEKiVUHdXNlcl9p
ZHELTlUGX3N0YXRlcQxjZGphbmdvLmRiLm1vZGVscy5iYXNlCk1vZGVsU3RhdGUKcQ0pgXEOfXEP
VQJkYnEQVQdkZWZhdWx0cRFzYlUEcGFpZHESiVURc2hpcHBpbmdNZXRob2RfaWRxE05VBGRhdGVx
FGNkYXRldGltZQpkYXRldGltZQpxFVUKB9sDCwADKQFd+4VScRZVAmlkcRdOdWJVCm9yZGVySXRl
bXNxGF1xGWgFY3dlYnNob3AubW9kZWxzCk9yZGVySXRlbQpxGl1oB4dScRt9cRwoVQhvcmRlcl9p
ZHEdTlUPX3NhbGVJdGVtX2NhY2hlcR5oBWN3ZWJzaG9wLm1vZGVscwpTYWxlSXRlbQpxH11oB4dS
cSB9cSEoVQZvblNhbGVxIohVCnByb2R1Y3RfaWRxI0s9VQVwcmljZXEkY2RlY2ltYWwKRGVjaW1h
bApxJVUDMTAwcSaFUnEnaAxoDSmBcSh9cSloEGgRc2JVDl9wcm9kdWN0X2NhY2hlcSpoBWN3ZWJz
aG9wLm1vZGVscwpQcm9kdWN0CnErXWgHh1JxLH1xLShVCmltYWdlVGh1bWJxLlghAAAAaW1hZ2Vz
L3Byb2R1Y3RzL3RodW1icy9iZi04MDMuanBncS9VC2Rlc2NyaXB0aW9ucTBYgQAAAFRoaXMgdGlt
ZSB5b3UgYXJlIGluIGNvbnRyb2wgb2YgYSBraWQgd2l0aCBhIGpldCBtYWNoaW5lIG9uIGhpcyBi
YWNrLCBqdW1waW5nIGZyb20gb25lIHBvbGUgdG8gYW5vdGhlciwgdHJ5aW5nIHRvIHNob290IGJh
bGxvb25zLnExVQd0eXBlX2lkcTJLClUFaW1hZ2VxM1gaAAAAaW1hZ2VzL3Byb2R1Y3RzL2JmLTgw
My5qcGdxNFUFdGl0bGVxNVgNAAAAQmFsbG9vbiBGaWdodHE2aAxoDSmBcTd9cThoEGgRc2JVBnJh
cml0eXE5SwVVCHByb2R1Y2VkcTpKkNADAFUNZGF0ZU9mUmVsZWFzZXE7Y2RhdGV0aW1lCmRhdGUK
cTxVBAfCCxOFUnE9VQVtb2RlbHE+WAYAAABCRi04MDNxP1ULX3R5cGVfY2FjaGVxQGgFY3dlYnNo
b3AubW9kZWxzClR5cGUKcUFdaAeHUnFCfXFDKGgzWB8AAABpbWFnZXMvdHlwZXMvY3J5c3RhbF9z
Y3JlZW4uanBncURoLlgmAAAAaW1hZ2VzL3R5cGVzL3RodW1icy9jcnlzdGFsX3NjcmVlbi5qcGdx
RWgMaA0pgXFGfXFHaBBoEXNiaBdLClUEbmFtZXFIWA4AAABDcnlzdGFsIFNjcmVlbnFJdWJoF0s9
VQhxdWFudGl0eXFKSwF1YmgXSz11YmgMaA0pgXFLfXFMaBBoEXNiVQxfb3JkZXJfY2FjaGVxTWgI
VQtzYWxlSXRlbV9pZHFOSz1oF05oSksBdWJhdS5jNDIyNjg0MDFjODc1YzEyOWQxYjJkNjAyODI3
ZmQxYg==
</field>
        <field type="DateTimeField" name="expire_date">2011-03-11 01:03:45</field>
    </object>
    <object pk="c649d0c1285d960052eb8247a828769d" model="sessions.session">
        <field type="TextField" name="session_data">gAJ9cQFVCm9yZGVySXRlbXNxAl1xA2NkamFuZ28uZGIubW9kZWxzLmJhc2UKbW9kZWxfdW5waWNr
bGUKcQRjd2Vic2hvcC5tb2RlbHMKT3JkZXJJdGVtCnEFXWNkamFuZ28uZGIubW9kZWxzLmJhc2UK
c2ltcGxlX2NsYXNzX2ZhY3RvcnkKcQaHUnEHfXEIKFUIb3JkZXJfaWRxCU5VD19zYWxlSXRlbV9j
YWNoZXEKaARjd2Vic2hvcC5tb2RlbHMKU2FsZUl0ZW0KcQtdaAaHUnEMfXENKFUGb25TYWxlcQ6I
VQpwcm9kdWN0X2lkcQ9LCFUFcHJpY2VxEGNkZWNpbWFsCkRlY2ltYWwKcRFVAjUwcRKFUnETVQZf
c3RhdGVxFGNkamFuZ28uZGIubW9kZWxzLmJhc2UKTW9kZWxTdGF0ZQpxFSmBcRZ9cRdVAmRicRhV
B2RlZmF1bHRxGXNiVQ5fcHJvZHVjdF9jYWNoZXEaaARjd2Vic2hvcC5tb2RlbHMKUHJvZHVjdApx
G11oBodScRx9cR0oVQppbWFnZVRodW1icR5YIAAAAGltYWdlcy9wcm9kdWN0cy90aHVtYnMvY24t
MDcuanBncR9VC2Rlc2NyaXB0aW9ucSBYLgAAAFJlYWNoIHRoZSBzaGVkIHdoaWxlIGF2b2lkaW5n
IGZhbGxpbmcgb2JqZWN0cy5xIVUHdHlwZV9pZHEiSwJVBWltYWdlcSNYGQAAAGltYWdlcy9wcm9k
dWN0cy9jbi0wNy5qcGdxJFUFdGl0bGVxJVgGAAAASGVsbWV0cSZoFGgVKYFxJ31xKGgYaBlzYlUG
cmFyaXR5cSlLA1UIcHJvZHVjZWRxKkogoQcAVQ1kYXRlT2ZSZWxlYXNlcStjZGF0ZXRpbWUKZGF0
ZQpxLFUEB70CFYVScS1VBW1vZGVscS5YBQAAAENOLTA3cS9VC190eXBlX2NhY2hlcTBoBGN3ZWJz
aG9wLm1vZGVscwpUeXBlCnExXWgGh1JxMn1xMyhoI1gVAAAAaW1hZ2VzL3R5cGVzL2dvbGQuanBn
cTRoHlgcAAAAaW1hZ2VzL3R5cGVzL3RodW1icy9nb2xkLmpwZ3E1aBRoFSmBcTZ9cTdoGGgZc2JV
AmlkcThLAlUEbmFtZXE5WAQAAABHb2xkcTp1Ymg4SwhVCHF1YW50aXR5cTtLCnViaDhLCHViaBRo
FSmBcTx9cT1oGGgZc2JVC3NhbGVJdGVtX2lkcT5LCGg4Tmg7SwF1YmFzLmNlZGJhZWIxOGFjMmMx
ZWRkYjAwNTg1ODdjNjUwZGJj
</field>
        <field type="DateTimeField" name="expire_date">2011-03-11 01:21:42</field>
    </object>
    <object pk="e34e76fd644594b3fa1e5bfe123e838a" model="sessions.session">
        <field type="TextField" name="session_data">gAJ9cQFVCm9yZGVySXRlbXNxAl1xAyhjZGphbmdvLmRiLm1vZGVscy5iYXNlCm1vZGVsX3VucGlj
a2xlCnEEY3dlYnNob3AubW9kZWxzCk9yZGVySXRlbQpxBV1jZGphbmdvLmRiLm1vZGVscy5iYXNl
CnNpbXBsZV9jbGFzc19mYWN0b3J5CnEGh1JxB31xCChVCG9yZGVyX2lkcQlOVQ9fc2FsZUl0ZW1f
Y2FjaGVxCmgEY3dlYnNob3AubW9kZWxzClNhbGVJdGVtCnELXWgGh1JxDH1xDShVBm9uU2FsZXEO
iFUKcHJvZHVjdF9pZHEPSwhVBXByaWNlcRBjZGVjaW1hbApEZWNpbWFsCnERVQI1MHEShVJxE1UG
X3N0YXRlcRRjZGphbmdvLmRiLm1vZGVscy5iYXNlCk1vZGVsU3RhdGUKcRUpgXEWfXEXVQJkYnEY
VQdkZWZhdWx0cRlzYlUOX3Byb2R1Y3RfY2FjaGVxGmgEY3dlYnNob3AubW9kZWxzClByb2R1Y3QK
cRtdaAaHUnEcfXEdKFUKaW1hZ2VUaHVtYnEeWCAAAABpbWFnZXMvcHJvZHVjdHMvdGh1bWJzL2Nu
LTA3LmpwZ3EfVQtkZXNjcmlwdGlvbnEgWC4AAABSZWFjaCB0aGUgc2hlZCB3aGlsZSBhdm9pZGlu
ZyBmYWxsaW5nIG9iamVjdHMucSFVB3R5cGVfaWRxIksCVQVpbWFnZXEjWBkAAABpbWFnZXMvcHJv
ZHVjdHMvY24tMDcuanBncSRVBXRpdGxlcSVYBgAAAEhlbG1ldHEmaBRoFSmBcSd9cShoGGgZc2JV
BnJhcml0eXEpSwNVCHByb2R1Y2VkcSpKIKEHAFUNZGF0ZU9mUmVsZWFzZXErY2RhdGV0aW1lCmRh
dGUKcSxVBAe9AhWFUnEtVQVtb2RlbHEuWAUAAABDTi0wN3EvVQtfdHlwZV9jYWNoZXEwaARjd2Vi
c2hvcC5tb2RlbHMKVHlwZQpxMV1oBodScTJ9cTMoaCNYFQAAAGltYWdlcy90eXBlcy9nb2xkLmpw
Z3E0aB5YHAAAAGltYWdlcy90eXBlcy90aHVtYnMvZ29sZC5qcGdxNWgUaBUpgXE2fXE3aBhoGXNi
VQJpZHE4SwJVBG5hbWVxOVgEAAAAR29sZHE6dWJoOEsIVQhxdWFudGl0eXE7Swp1Ymg4Swh1YmgU
aBUpgXE8fXE9aBhoGXNiVQtzYWxlSXRlbV9pZHE+SwhoOE5oO0sBdWJoBGgFXWgGh1JxP31xQChV
CG9yZGVyX2lkcUFOVQ9fc2FsZUl0ZW1fY2FjaGVxQmgEaAtdaAaHUnFDfXFEKFUGb25TYWxlcUWI
VQpwcm9kdWN0X2lkcUZLLFUFcHJpY2VxR2gRVQMxMDBxSIVScUlVBl9zdGF0ZXFKaBUpgXFLfXFM
VQJkYnFNVQdkZWZhdWx0cU5zYlUOX3Byb2R1Y3RfY2FjaGVxT2gEaBtdaAaHUnFQfXFRKFUKaW1h
Z2VUaHVtYnFSWCAAAABpbWFnZXMvcHJvZHVjdHMvdGh1bWJzL21rLTk2LmpwZ3FTVQtkZXNjcmlw
dGlvbnFUWEYAAABTYW1lIGdhbWUgcGxheSBhcyBNaWNrZXkgcGFub3JhbWEgYnV0IHlvdSBjb250
cm9sIERvbmtleSBLb25nIGluc3RlYWQucVVVB3R5cGVfaWRxVksGVQVpbWFnZXFXWBkAAABpbWFn
ZXMvcHJvZHVjdHMvbWstOTYuanBncVhVBXRpdGxlcVlYEgAAAERvbmtleSBLb25nIENpcmN1c3Fa
aEpoFSmBcVt9cVxoTWhOc2JVBnJhcml0eXFdSwVVCHByb2R1Y2VkcV5KkNADAFUNZGF0ZU9mUmVs
ZWFzZXFfaCxVBAfACQaFUnFgVQVtb2RlbHFhWAUAAABNSy05NnFiVQtfdHlwZV9jYWNoZXFjaARo
MV1oBodScWR9cWUoaFdYIAAAAGltYWdlcy90eXBlcy9wYW5vcmFtYV9zY3JlZW4uanBncWZoUlgn
AAAAaW1hZ2VzL3R5cGVzL3RodW1icy9wYW5vcmFtYV9zY3JlZW4uanBncWdoSmgVKYFxaH1xaWhN
aE5zYlUCaWRxaksGVQRuYW1lcWtYDwAAAFBhbm9yYW1hIFNjcmVlbnFsdWJoakssVQhxdWFudGl0
eXFtSwF1YmhqSyx1YmhKaBUpgXFufXFvaE1oTnNiVQtzYWxlSXRlbV9pZHFwSyxoak5obUsBdWJo
BGgFXWgGh1JxcX1xcihVCG9yZGVyX2lkcXNOVQ9fc2FsZUl0ZW1fY2FjaGVxdGgEaAtdaAaHUnF1
fXF2KFUGb25TYWxlcXeIVQpwcm9kdWN0X2lkcXhLCFUFcHJpY2VxeWgRVQI1MHF6hVJxe1UGX3N0
YXRlcXxoFSmBcX19cX5VAmRicX9VB2RlZmF1bHRxgHNiVQ5fcHJvZHVjdF9jYWNoZXGBaARoG11o
BodScYJ9cYMoVQppbWFnZVRodW1icYRYIAAAAGltYWdlcy9wcm9kdWN0cy90aHVtYnMvY24tMDcu
anBncYVVC2Rlc2NyaXB0aW9ucYZYLgAAAFJlYWNoIHRoZSBzaGVkIHdoaWxlIGF2b2lkaW5nIGZh
bGxpbmcgb2JqZWN0cy5xh1UHdHlwZV9pZHGISwJVBWltYWdlcYlYGQAAAGltYWdlcy9wcm9kdWN0
cy9jbi0wNy5qcGdxilUFdGl0bGVxi1gGAAAASGVsbWV0cYxofGgVKYFxjX1xjmh/aIBzYlUGcmFy
aXR5cY9LA1UIcHJvZHVjZWRxkEogoQcAVQ1kYXRlT2ZSZWxlYXNlcZFoLFUEB70CFYVScZJVBW1v
ZGVscZNYBQAAAENOLTA3cZRVC190eXBlX2NhY2hlcZVoBGgxXWgGh1Jxln1xlyhoiVgVAAAAaW1h
Z2VzL3R5cGVzL2dvbGQuanBncZhohFgcAAAAaW1hZ2VzL3R5cGVzL3RodW1icy9nb2xkLmpwZ3GZ
aHxoFSmBcZp9cZtof2iAc2JVAmlkcZxLAlUEbmFtZXGdWAQAAABHb2xkcZ51YmicSwhVCHF1YW50
aXR5cZ9LCnViaJxLCHViaHxoFSmBcaB9caFof2iAc2JVC3NhbGVJdGVtX2lkcaJLCGicTmifSwF1
YmVzLjdhYjNkOGI1MTU1NzA1ZmZhZTVjOGQ4NWZiZTUyYWI4
</field>
        <field type="DateTimeField" name="expire_date">2011-03-11 01:30:08</field>
    </object>
    <object pk="efb7d6b5787d5c63d4e88072fc5fad48" model="sessions.session">
        <field type="TextField" name="session_data">gAJ9cQFVCm9yZGVySXRlbXNxAl1xAyhjZGphbmdvLmRiLm1vZGVscy5iYXNlCm1vZGVsX3VucGlj
a2xlCnEEY3dlYnNob3AubW9kZWxzCk9yZGVySXRlbQpxBV1jZGphbmdvLmRiLm1vZGVscy5iYXNl
CnNpbXBsZV9jbGFzc19mYWN0b3J5CnEGh1JxB31xCChVCG9yZGVyX2lkcQlOVQ9fc2FsZUl0ZW1f
Y2FjaGVxCmgEY3dlYnNob3AubW9kZWxzClNhbGVJdGVtCnELXWgGh1JxDH1xDShVBm9uU2FsZXEO
iFUKcHJvZHVjdF9pZHEPSwhVBXByaWNlcRBjZGVjaW1hbApEZWNpbWFsCnERVQI1MHEShVJxE1UG
X3N0YXRlcRRjZGphbmdvLmRiLm1vZGVscy5iYXNlCk1vZGVsU3RhdGUKcRUpgXEWfXEXVQJkYnEY
VQdkZWZhdWx0cRlzYlUOX3Byb2R1Y3RfY2FjaGVxGmgEY3dlYnNob3AubW9kZWxzClByb2R1Y3QK
cRtdaAaHUnEcfXEdKFUKaW1hZ2VUaHVtYnEeWCAAAABpbWFnZXMvcHJvZHVjdHMvdGh1bWJzL2Nu
LTA3LmpwZ3EfVQtkZXNjcmlwdGlvbnEgWC4AAABSZWFjaCB0aGUgc2hlZCB3aGlsZSBhdm9pZGlu
ZyBmYWxsaW5nIG9iamVjdHMucSFVB3R5cGVfaWRxIksCVQVpbWFnZXEjWBkAAABpbWFnZXMvcHJv
ZHVjdHMvY24tMDcuanBncSRVBXRpdGxlcSVYBgAAAEhlbG1ldHEmaBRoFSmBcSd9cShoGGgZc2JV
BnJhcml0eXEpSwNVCHByb2R1Y2VkcSpKIKEHAFUNZGF0ZU9mUmVsZWFzZXErY2RhdGV0aW1lCmRh
dGUKcSxVBAe9AhWFUnEtVQVtb2RlbHEuWAUAAABDTi0wN3EvVQtfdHlwZV9jYWNoZXEwaARjd2Vi
c2hvcC5tb2RlbHMKVHlwZQpxMV1oBodScTJ9cTMoaCNYFQAAAGltYWdlcy90eXBlcy9nb2xkLmpw
Z3E0aB5YHAAAAGltYWdlcy90eXBlcy90aHVtYnMvZ29sZC5qcGdxNWgUaBUpgXE2fXE3aBhoGXNi
VQJpZHE4SwJVBG5hbWVxOVgEAAAAR29sZHE6dWJoOEsIVQhxdWFudGl0eXE7Swp1Ymg4Swh1YmgU
aBUpgXE8fXE9aBhoGXNiVQtzYWxlSXRlbV9pZHE+SwhoOE5oO0sBdWJoBGgFXWgGh1JxP31xQChV
CG9yZGVyX2lkcUFOVQ9fc2FsZUl0ZW1fY2FjaGVxQmgEaAtdaAaHUnFDfXFEKFUGb25TYWxlcUWI
VQpwcm9kdWN0X2lkcUZLCFUFcHJpY2VxR2gRVQI1MHFIhVJxSVUGX3N0YXRlcUpoFSmBcUt9cUxV
AmRicU1VB2RlZmF1bHRxTnNiVQ5fcHJvZHVjdF9jYWNoZXFPaARoG11oBodScVB9cVEoVQppbWFn
ZVRodW1icVJYIAAAAGltYWdlcy9wcm9kdWN0cy90aHVtYnMvY24tMDcuanBncVNVC2Rlc2NyaXB0
aW9ucVRYLgAAAFJlYWNoIHRoZSBzaGVkIHdoaWxlIGF2b2lkaW5nIGZhbGxpbmcgb2JqZWN0cy5x
VVUHdHlwZV9pZHFWSwJVBWltYWdlcVdYGQAAAGltYWdlcy9wcm9kdWN0cy9jbi0wNy5qcGdxWFUF
dGl0bGVxWVgGAAAASGVsbWV0cVpoSmgVKYFxW31xXGhNaE5zYlUGcmFyaXR5cV1LA1UIcHJvZHVj
ZWRxXkogoQcAVQ1kYXRlT2ZSZWxlYXNlcV9oLFUEB70CFYVScWBVBW1vZGVscWFYBQAAAENOLTA3
cWJVC190eXBlX2NhY2hlcWNoBGgxXWgGh1JxZH1xZShoV1gVAAAAaW1hZ2VzL3R5cGVzL2dvbGQu
anBncWZoUlgcAAAAaW1hZ2VzL3R5cGVzL3RodW1icy9nb2xkLmpwZ3FnaEpoFSmBcWh9cWloTWhO
c2JVAmlkcWpLAlUEbmFtZXFrWAQAAABHb2xkcWx1YmhqSwhVCHF1YW50aXR5cW1LCnViaGpLCHVi
aEpoFSmBcW59cW9oTWhOc2JVC3NhbGVJdGVtX2lkcXBLCGhqTmhtSwJ1YmVzLjYyNGJlNjNkYjJj
YzE3MDA5ODg3YzkzMGQzMzQ5NzAw
</field>
        <field type="DateTimeField" name="expire_date">2011-03-11 01:51:03</field>
    </object>
    <object pk="53ed48a6ed91d1ecda4ab8875ab1d510" model="sessions.session">
        <field type="TextField" name="session_data">gAJ9cQFVCm9yZGVySXRlbXNxAl1xA2NkamFuZ28uZGIubW9kZWxzLmJhc2UKbW9kZWxfdW5waWNr
bGUKcQRjd2Vic2hvcC5tb2RlbHMKT3JkZXJJdGVtCnEFXWNkamFuZ28uZGIubW9kZWxzLmJhc2UK
c2ltcGxlX2NsYXNzX2ZhY3RvcnkKcQaHUnEHfXEIKFUIb3JkZXJfaWRxCU5VD19zYWxlSXRlbV9j
YWNoZXEKaARjd2Vic2hvcC5tb2RlbHMKU2FsZUl0ZW0KcQtdaAaHUnEMfXENKFUGb25TYWxlcQ6I
VQVwcmljZXEPY2RlY2ltYWwKRGVjaW1hbApxEFUCNTBxEYVScRJVBl9zdGF0ZXETY2RqYW5nby5k
Yi5tb2RlbHMuYmFzZQpNb2RlbFN0YXRlCnEUKYFxFX1xFlUCZGJxF1UHZGVmYXVsdHEYc2JVAmlk
cRlLCFUKcHJvZHVjdF9pZHEaSwh1YmgTaBQpgXEbfXEcaBdoGHNiVQtzYWxlSXRlbV9pZHEdSwho
GU5VCHF1YW50aXR5cR5LAnViYXMuMmFlZGYzNWViYzM0MzM1YmM5NjVkYmQ0NjQxYTJmMzU=
</field>
        <field type="DateTimeField" name="expire_date">2011-03-11 02:28:25</field>
    </object>
    <object pk="3331009f2ab41267c62d79cbccf54a48" model="sessions.session">
        <field type="TextField" name="session_data">gAJ9cQEoVQp0ZXN0Y29va2llcQJVBndvcmtlZHEDVQpvcmRlckl0ZW1zcQRdcQV1Ljg0YTk0ZTI0
Y2M4YTI5Y2RiY2E2M2M2ODg4YmFhZDQ2
</field>
        <field type="DateTimeField" name="expire_date">2011-03-11 03:36:49</field>
    </object>
    <object pk="e37729cac36dc2c6f864d210421352c9" model="sessions.session">
        <field type="TextField" name="session_data">gAJ9cQEoVRJfYXV0aF91c2VyX2JhY2tlbmRxAlUpZGphbmdvLmNvbnRyaWIuYXV0aC5iYWNrZW5k
cy5Nb2RlbEJhY2tlbmRxA1UOc2hpcHBpbmdNZXRob2RxBFgHAAAARXhwcmVzc3EFVQ1fYXV0aF91
c2VyX2lkcQZLBlUKb3JkZXJJdGVtc3EHXXEIY2RqYW5nby5kYi5tb2RlbHMuYmFzZQptb2RlbF91
bnBpY2tsZQpxCWN3ZWJzaG9wLm1vZGVscwpPcmRlckl0ZW0KcQpdY2RqYW5nby5kYi5tb2RlbHMu
YmFzZQpzaW1wbGVfY2xhc3NfZmFjdG9yeQpxC4dScQx9cQ0oVQhvcmRlcl9pZHEOTlUPX3NhbGVJ
dGVtX2NhY2hlcQ9oCWN3ZWJzaG9wLm1vZGVscwpTYWxlSXRlbQpxEF1oC4dScRF9cRIoVQZvblNh
bGVxE4hVCnByb2R1Y3RfaWRxFEsIVQVwcmljZXEVY2RlY2ltYWwKRGVjaW1hbApxFlUCNTBxF4VS
cRhVBl9zdGF0ZXEZY2RqYW5nby5kYi5tb2RlbHMuYmFzZQpNb2RlbFN0YXRlCnEaKYFxG31xHFUC
ZGJxHVUHZGVmYXVsdHEec2JVDl9wcm9kdWN0X2NhY2hlcR9oCWN3ZWJzaG9wLm1vZGVscwpQcm9k
dWN0CnEgXWgLh1JxIX1xIihVCmltYWdlVGh1bWJxI1ggAAAAaW1hZ2VzL3Byb2R1Y3RzL3RodW1i
cy9jbi0wNy5qcGdxJFULZGVzY3JpcHRpb25xJVguAAAAUmVhY2ggdGhlIHNoZWQgd2hpbGUgYXZv
aWRpbmcgZmFsbGluZyBvYmplY3RzLnEmVQd0eXBlX2lkcSdLAlUFaW1hZ2VxKFgZAAAAaW1hZ2Vz
L3Byb2R1Y3RzL2NuLTA3LmpwZ3EpVQV0aXRsZXEqWAYAAABIZWxtZXRxK1UGX3N0YXRlcSxoGimB
cS19cS5VAmRicS9oHnNiVQZyYXJpdHlxMEsDVQhwcm9kdWNlZHExSiChBwBVDWRhdGVPZlJlbGVh
c2VxMmNkYXRldGltZQpkYXRlCnEzVQQHvQIVhVJxNFUFbW9kZWxxNVgFAAAAQ04tMDdxNlULX3R5
cGVfY2FjaGVxN2gJY3dlYnNob3AubW9kZWxzClR5cGUKcThdaAuHUnE5fXE6KGgoWBUAAABpbWFn
ZXMvdHlwZXMvZ29sZC5qcGdxO2gjWBwAAABpbWFnZXMvdHlwZXMvdGh1bWJzL2dvbGQuanBncTxo
LGgaKYFxPX1xPmgvaB5zYlUCaWRxP0sCVQRuYW1lcUBYBAAAAEdvbGRxQXViaD9LCFUIcXVhbnRp
dHlxQksKdWJVAmlkcUNLCHViaBloGimBcUR9cUVoHWgec2JVC3NhbGVJdGVtX2lkcUZLCGhDTlUI
cXVhbnRpdHlxR0sBdWJhdS44ZTM1Mzk0ZDBjYTQwNjg4MTUwMGM0YmE2NTNjMDFhZg==
</field>
        <field type="DateTimeField" name="expire_date">2011-03-11 05:06:18</field>
    </object>
    <object pk="6495d00b73068eaeb4dbdc7025826286" model="sessions.session">
        <field type="TextField" name="session_data">gAJ9cQEoVRJfYXV0aF91c2VyX2JhY2tlbmRxAlUpZGphbmdvLmNvbnRyaWIuYXV0aC5iYWNrZW5k
cy5Nb2RlbEJhY2tlbmRxA1UNX2F1dGhfdXNlcl9pZHEESwZVCm9yZGVySXRlbXNxBV1xBmNkamFu
Z28uZGIubW9kZWxzLmJhc2UKbW9kZWxfdW5waWNrbGUKcQdjd2Vic2hvcC5tb2RlbHMKT3JkZXJJ
dGVtCnEIXWNkamFuZ28uZGIubW9kZWxzLmJhc2UKc2ltcGxlX2NsYXNzX2ZhY3RvcnkKcQmHUnEK
fXELKFUIb3JkZXJfaWRxDE5VD19zYWxlSXRlbV9jYWNoZXENaAdjd2Vic2hvcC5tb2RlbHMKU2Fs
ZUl0ZW0KcQ5daAmHUnEPfXEQKFUGb25TYWxlcRGIVQVwcmljZXESY2RlY2ltYWwKRGVjaW1hbApx
E1UCNTBxFIVScRVVBl9zdGF0ZXEWY2RqYW5nby5kYi5tb2RlbHMuYmFzZQpNb2RlbFN0YXRlCnEX
KYFxGH1xGVUCZGJxGlUHZGVmYXVsdHEbc2JVAmlkcRxLCFUKcHJvZHVjdF9pZHEdSwh1YmgWaBcp
gXEefXEfaBpoG3NiVQtzYWxlSXRlbV9pZHEgSwhoHE5VCHF1YW50aXR5cSFLAXViYXUuNzZlNGIx
OWMzNzMzN2RhOTAxNGM4OTU4ZjM0ZTYyNjY=
</field>
        <field type="DateTimeField" name="expire_date">2011-03-11 04:27:59</field>
    </object>
    <object pk="59a8d9bb1e13ac6cf0ba07ef47622aaf" model="sessions.session">
        <field type="TextField" name="session_data">gAJ9cQEoVRJfYXV0aF91c2VyX2JhY2tlbmRxAlUpZGphbmdvLmNvbnRyaWIuYXV0aC5iYWNrZW5k
cy5Nb2RlbEJhY2tlbmRxA1UNX2F1dGhfdXNlcl9pZHEESwF1LjFhNDdmN2RmYTZkNzFhYjExYjNk
YjM2OTc0NDVhNjFh
</field>
        <field type="DateTimeField" name="expire_date">2011-03-11 05:17:06</field>
    </object>
    <object pk="1" model="sites.site">
        <field type="CharField" name="domain">localhost:8000</field>
        <field type="CharField" name="name">localhost:8000</field>
    </object>
    <object pk="1" model="webshop.type">
        <field type="CharField" name="name">Silver</field>
        <field type="FileField" name="image">images/types/silver.jpg</field>
        <field type="FileField" name="imageThumb">images/types/thumbs/silver.jpg</field>
    </object>
    <object pk="2" model="webshop.type">
        <field type="CharField" name="name">Gold</field>
        <field type="FileField" name="image">images/types/gold.jpg</field>
        <field type="FileField" name="imageThumb">images/types/thumbs/gold.jpg</field>
    </object>
    <object pk="3" model="webshop.type">
        <field type="CharField" name="name">Wide Screen</field>
        <field type="FileField" name="image">images/types/wide_screen.jpg</field>
        <field type="FileField" name="imageThumb">images/types/thumbs/wide_screen.jpg</field>
    </object>
    <object pk="4" model="webshop.type">
        <field type="CharField" name="name">Multi Screen</field>
        <field type="FileField" name="image">images/types/multi_screen.jpg</field>
        <field type="FileField" name="imageThumb">images/types/thumbs/multi_screen.jpg</field>
    </object>
    <object pk="5" model="webshop.type">
        <field type="CharField" name="name">Table Top</field>
        <field type="FileField" name="image">images/types/table_top.jpg</field>
        <field type="FileField" name="imageThumb">images/types/thumbs/table_top.jpg</field>
    </object>
    <object pk="6" model="webshop.type">
        <field type="CharField" name="name">Panorama Screen</field>
        <field type="FileField" name="image">images/types/panorama_screen.jpg</field>
        <field type="FileField" name="imageThumb">images/types/thumbs/panorama_screen.jpg</field>
    </object>
    <object pk="7" model="webshop.type">
        <field type="CharField" name="name">New Wide Screen</field>
        <field type="FileField" name="image">images/types/new_wide_screen.jpg</field>
        <field type="FileField" name="imageThumb">images/types/thumbs/new_wide_screen.jpg</field>
    </object>
    <object pk="8" model="webshop.type">
        <field type="CharField" name="name">Super Color</field>
        <field type="FileField" name="image">images/types/super_color.jpg</field>
        <field type="FileField" name="imageThumb">images/types/thumbs/super_color.jpg</field>
    </object>
    <object pk="9" model="webshop.type">
        <field type="CharField" name="name">Micro vs. System</field>
        <field type="FileField" name="image">images/types/micro_vs_system.jpg</field>
        <field type="FileField" name="imageThumb">images/types/thumbs/micro_vs_system.jpg</field>
    </object>
    <object pk="10" model="webshop.type">
        <field type="CharField" name="name">Crystal Screen</field>
        <field type="FileField" name="image">images/types/crystal_screen.jpg</field>
        <field type="FileField" name="imageThumb">images/types/thumbs/crystal_screen.jpg</field>
    </object>
    <object pk="11" model="webshop.type">
        <field type="CharField" name="name">Special</field>
        <field type="FileField" name="image">images/types/special.jpg</field>
        <field type="FileField" name="imageThumb">images/types/thumbs/special.jpg</field>
    </object>
    <object pk="12" model="webshop.type">
        <field type="CharField" name="name">2010</field>
        <field type="FileField" name="image">images/types/2010.jpg</field>
        <field type="FileField" name="imageThumb">images/types/thumbs/2010.jpg</field>
    </object>
    <object pk="1" model="webshop.product">
        <field type="CharField" name="title">Ball</field>
        <field to="webshop.type" name="type" rel="ManyToOneRel">1</field>
        <field type="CharField" name="model">AC-01</field>
        <field type="DateField" name="dateOfRelease">1980-04-28</field>
        <field type="IntegerField" name="produced">250000</field>
        <field type="IntegerField" name="rarity">4</field>
        <field type="TextField" name="description">Your task is to control the hands of a juggler. Try to save the balls from falling down.</field>
        <field type="IntegerField" name="quantity">5</field>
        <field type="FileField" name="image">images/products/ac-01.jpg</field>
        <field type="FileField" name="imageThumb">images/products/thumbs/ac-01.jpg</field>
    </object>
    <object pk="63" model="webshop.product">
        <field type="CharField" name="title">Ball</field>
        <field to="webshop.type" name="type" rel="ManyToOneRel">12</field>
        <field type="CharField" name="model">RGW-001</field>
        <field type="DateField" name="dateOfRelease">2010-04-28</field>
        <field type="IntegerField" name="produced">100000</field>
        <field type="IntegerField" name="rarity">1</field>
        <field type="TextField" name="description">The anniversary release of Ball from Nintendo for their platinum club members. A Japan only release.</field>
        <field type="IntegerField" name="quantity">50</field>
        <field type="FileField" name="image">images/products/rgw-001.jpg</field>
        <field type="FileField" name="imageThumb">images/products/thumbs/rgw-001.jpg</field>
    </object>
    <object pk="51" model="webshop.product">
        <field type="CharField" name="title">Balloon Fight</field>
        <field to="webshop.type" name="type" rel="ManyToOneRel">7</field>
        <field type="CharField" name="model">BF-107</field>
        <field type="DateField" name="dateOfRelease">1988-03-08</field>
        <field type="IntegerField" name="produced">250000</field>
        <field type="IntegerField" name="rarity">2</field>
        <field type="TextField" name="description">This time you are in control of a kid with a jet machine on his back, jumping from one pole to another, trying to shoot balloons.</field>
        <field type="IntegerField" name="quantity">30</field>
        <field type="FileField" name="image">images/products/bf-107.jpg</field>
        <field type="FileField" name="imageThumb">images/products/thumbs/bf-107.jpg</field>
    </object>
    <object pk="61" model="webshop.product">
        <field type="CharField" name="title">Balloon Fight</field>
        <field to="webshop.type" name="type" rel="ManyToOneRel">10</field>
        <field type="CharField" name="model">BF-803</field>
        <field type="DateField" name="dateOfRelease">1986-11-19</field>
        <field type="IntegerField" name="produced">250000</field>
        <field type="IntegerField" name="rarity">5</field>
        <field type="TextField" name="description">This time you are in control of a kid with a jet machine on his back, jumping from one pole to another, trying to shoot balloons.</field>
        <field type="IntegerField" name="quantity">1</field>
        <field type="FileField" name="image">images/products/bf-803.jpg</field>
        <field type="FileField" name="imageThumb">images/products/thumbs/bf-803.jpg</field>
    </object>
    <object pk="29" model="webshop.product">
        <field type="CharField" name="title">Black Jack</field>
        <field to="webshop.type" name="type" rel="ManyToOneRel">4</field>
        <field type="CharField" name="model">BJ-60</field>
        <field type="DateField" name="dateOfRelease">1985-02-15</field>
        <field type="IntegerField" name="produced">250000</field>
        <field type="IntegerField" name="rarity">2</field>
        <field type="TextField" name="description">Well known game of cards played at casinos. You try to reach a higher number than the house (if you get 21 you win). Betting game.</field>
        <field type="IntegerField" name="quantity">30</field>
        <field type="FileField" name="image">images/products/bj-60.jpg</field>
        <field type="FileField" name="imageThumb">images/products/thumbs/bj-60.jpg</field>
    </object>
    <object pk="31" model="webshop.product">
        <field type="CharField" name="title">Bomb Sweeper</field>
        <field to="webshop.type" name="type" rel="ManyToOneRel">4</field>
        <field type="CharField" name="model">BD-62</field>
        <field type="DateField" name="dateOfRelease">1987-06-15</field>
        <field type="IntegerField" name="produced">250000</field>
        <field type="IntegerField" name="rarity">2</field>
        <field type="TextField" name="description">Catch the bombs thugs are throwing and stash them away.</field>
        <field type="IntegerField" name="quantity">30</field>
        <field type="FileField" name="image">images/products/bd-62.jpg</field>
        <field type="FileField" name="imageThumb">images/products/thumbs/bd-62.jpg</field>
    </object>
    <object pk="55" model="webshop.product">
        <field type="CharField" name="title">Boxing</field>
        <field to="webshop.type" name="type" rel="ManyToOneRel">9</field>
        <field type="CharField" name="model">BX-301</field>
        <field type="DateField" name="dateOfRelease">1984-07-31</field>
        <field type="IntegerField" name="produced">250000</field>
        <field type="IntegerField" name="rarity">1</field>
        <field type="TextField" name="description">Box with another human or computer player.</field>
        <field type="IntegerField" name="quantity">50</field>
        <field type="FileField" name="image">images/products/bx-301_boxing.jpg</field>
        <field type="FileField" name="imageThumb">images/products/thumbs/bx-301_boxing.jpg</field>
    </object>
    <object pk="13" model="webshop.product">
        <field type="CharField" name="title">Chef</field>
        <field to="webshop.type" name="type" rel="ManyToOneRel">3</field>
        <field type="CharField" name="model">FP-24</field>
        <field type="DateField" name="dateOfRelease">1981-09-08</field>
        <field type="IntegerField" name="produced">500000</field>
        <field type="IntegerField" name="rarity">3</field>
        <field type="TextField" name="description">You control a chef with a pan who tosses up fish. Do not let them fall down.</field>
        <field type="IntegerField" name="quantity">10</field>
        <field type="FileField" name="image">images/products/fp-24.jpg</field>
        <field type="FileField" name="imageThumb">images/products/thumbs/fp-24.jpg</field>
    </object>
    <object pk="50" model="webshop.product">
        <field type="CharField" name="title">Climber</field>
        <field to="webshop.type" name="type" rel="ManyToOneRel">7</field>
        <field type="CharField" name="model">DR-106</field>
        <field type="DateField" name="dateOfRelease">1988-03-08</field>
        <field type="IntegerField" name="produced">250000</field>
        <field type="IntegerField" name="rarity">3</field>
        <field type="TextField" name="description">You control a kid who jumps from platform to platform trying to get to the topmost one while avoiding birds or disappearing platforms.</field>
        <field type="IntegerField" name="quantity">10</field>
        <field type="FileField" name="image">images/products/dr-106.jpg</field>
        <field type="FileField" name="imageThumb">images/products/thumbs/dr-106.jpg</field>
    </object>
    <object pk="60" model="webshop.product">
        <field type="CharField" name="title">Climber</field>
        <field to="webshop.type" name="type" rel="ManyToOneRel">10</field>
        <field type="CharField" name="model">DR-802</field>
        <field type="DateField" name="dateOfRelease">1986-07-04</field>
        <field type="IntegerField" name="produced">250000</field>
        <field type="IntegerField" name="rarity">5</field>
        <field type="TextField" name="description">You control a kid who jumps from platform to platform trying to get to the topmost one while avoiding birds or disappearing platforms.</field>
        <field type="IntegerField" name="quantity">1</field>
        <field type="FileField" name="image">images/products/dr-802.jpg</field>
        <field type="FileField" name="imageThumb">images/products/thumbs/dr-802.jpg</field>
    </object>
    <object pk="54" model="webshop.product">
        <field type="CharField" name="title">Crab Grab</field>
        <field to="webshop.type" name="type" rel="ManyToOneRel">8</field>
        <field type="CharField" name="model">UD-202</field>
        <field type="DateField" name="dateOfRelease">1984-02-21</field>
        <field type="IntegerField" name="produced">250000</field>
        <field type="IntegerField" name="rarity">4</field>
        <field type="TextField" name="description">Push the crabs out of the way and try not to let them grab you.</field>
        <field type="IntegerField" name="quantity">5</field>
        <field type="FileField" name="image">images/products/ud-202.jpg</field>
        <field type="FileField" name="imageThumb">images/products/thumbs/ud-202.jpg</field>
    </object>
    <object pk="21" model="webshop.product">
        <field type="CharField" name="title">Donkey Kong</field>
        <field to="webshop.type" name="type" rel="ManyToOneRel">4</field>
        <field type="CharField" name="model">DK-52</field>
        <field type="DateField" name="dateOfRelease">1982-06-03</field>
        <field type="IntegerField" name="produced">1250000</field>
        <field type="IntegerField" name="rarity">1</field>
        <field type="TextField" name="description">Mario wants to free the princess once more. This time he has to jump over the barrels Donkey Kong is throwing at him and climb ladders to reach her.</field>
        <field type="IntegerField" name="quantity">50</field>
        <field type="FileField" name="image">images/products/dk-52.jpg</field>
        <field type="FileField" name="imageThumb">images/products/thumbs/dk-52.jpg</field>
    </object>
    <object pk="57" model="webshop.product">
        <field type="CharField" name="title">Donkey Kong 3</field>
        <field to="webshop.type" name="type" rel="ManyToOneRel">9</field>
        <field type="CharField" name="model">AK-302</field>
        <field type="DateField" name="dateOfRelease">1984-08-20</field>
        <field type="IntegerField" name="produced">250000</field>
        <field type="IntegerField" name="rarity">1</field>
        <field type="TextField" name="description">Spray the bees so that they go to the other player's (human or computer-controlled) garden.</field>
        <field type="IntegerField" name="quantity">50</field>
        <field type="FileField" name="image">images/products/ak-302.jpg</field>
        <field type="FileField" name="imageThumb">images/products/thumbs/ak-302.jpg</field>
    </object>
    <object pk="44" model="webshop.product">
        <field type="CharField" name="title">Donkey Kong Circus</field>
        <field to="webshop.type" name="type" rel="ManyToOneRel">6</field>
        <field type="CharField" name="model">MK-96</field>
        <field type="DateField" name="dateOfRelease">1984-09-06</field>
        <field type="IntegerField" name="produced">250000</field>
        <field type="IntegerField" name="rarity">5</field>
        <field type="TextField" name="description">Same game play as Mickey panorama but you control Donkey Kong instead.</field>
        <field type="IntegerField" name="quantity">1</field>
        <field type="FileField" name="image">images/products/mk-96.jpg</field>
        <field type="FileField" name="imageThumb">images/products/thumbs/mk-96.jpg</field>
    </object>
    <object pk="58" model="webshop.product">
        <field type="CharField" name="title">Donkey Kong Hockey</field>
        <field to="webshop.type" name="type" rel="ManyToOneRel">9</field>
        <field type="CharField" name="model">HK-303</field>
        <field type="DateField" name="dateOfRelease">1984-11-13</field>
        <field type="IntegerField" name="produced">250000</field>
        <field type="IntegerField" name="rarity">1</field>
        <field type="TextField" name="description">Play hockey with Donkey Kong against another human or computer player.</field>
        <field type="IntegerField" name="quantity">50</field>
        <field type="FileField" name="image">images/products/hk-303.jpg</field>
        <field type="FileField" name="imageThumb">images/products/thumbs/hk-303.jpg</field>
    </object>
    <object pk="24" model="webshop.product">
        <field type="CharField" name="title">Donkey Kong II</field>
        <field to="webshop.type" name="type" rel="ManyToOneRel">4</field>
        <field type="CharField" name="model">JR-55</field>
        <field type="DateField" name="dateOfRelease">1983-03-07</field>
        <field type="IntegerField" name="produced">1250000</field>
        <field type="IntegerField" name="rarity">1</field>
        <field type="TextField" name="description">Donkey Kong is restrained with chains. Help Donkey Kong Jr. unlock his locks while avoiding birds and electric current.</field>
        <field type="IntegerField" name="quantity">50</field>
        <field type="FileField" name="image">images/products/jr-55.jpg</field>
        <field type="FileField" name="imageThumb">images/products/thumbs/jr-55.jpg</field>
    </object>
    <object pk="35" model="webshop.product">
        <field type="CharField" name="title">Donkey Kong Jr.</field>
        <field to="webshop.type" name="type" rel="ManyToOneRel">5</field>
        <field type="CharField" name="model">CJ-71</field>
        <field type="DateField" name="dateOfRelease">1983-04-28</field>
        <field type="IntegerField" name="produced">250000</field>
        <field type="IntegerField" name="rarity">3</field>
        <field type="TextField" name="description">Your task is to unlock Donkey Kong's chains. Avoid the birds, use the falling umbrellas and the balloons to get to him.</field>
        <field type="IntegerField" name="quantity">10</field>
        <field type="FileField" name="image">images/products/cj-71.jpg</field>
        <field type="FileField" name="imageThumb">images/products/thumbs/cj-71.jpg</field>
    </object>
    <object pk="41" model="webshop.product">
        <field type="CharField" name="title">Donkey Kong Jr.</field>
        <field to="webshop.type" name="type" rel="ManyToOneRel">6</field>
        <field type="CharField" name="model">CJ-93</field>
        <field type="DateField" name="dateOfRelease">1983-10-07</field>
        <field type="IntegerField" name="produced">250000</field>
        <field type="IntegerField" name="rarity">3</field>
        <field type="TextField" name="description">Your task is to unlock Donkey Kong's chains. Avoid the birds, use the falling umbrellas and the balloons to get to him.</field>
        <field type="IntegerField" name="quantity">10</field>
        <field type="FileField" name="image">images/products/cj-93.jpg</field>
        <field type="FileField" name="imageThumb">images/products/thumbs/cj-93.jpg</field>
    </object>
    <object pk="45" model="webshop.product">
        <field type="CharField" name="title">Donkey Kong Jr.</field>
        <field to="webshop.type" name="type" rel="ManyToOneRel">7</field>
        <field type="CharField" name="model">DJ-101</field>
        <field type="DateField" name="dateOfRelease">1982-10-26</field>
        <field type="IntegerField" name="produced">1200000</field>
        <field type="IntegerField" name="rarity">1</field>
        <field type="TextField" name="description">You control Donkey Kong Jr. (a young monkey) with a mission to free his father from his cage by unlocking all its locks. Jump from branch to branch while avoiding birds and crocodile heads!</field>
        <field type="IntegerField" name="quantity">50</field>
        <field type="FileField" name="image">images/products/dj-101.jpg</field>
        <field type="FileField" name="imageThumb">images/products/thumbs/dj-101.jpg</field>
    </object>
    <object pk="15" model="webshop.product">
        <field type="CharField" name="title">Egg</field>
        <field to="webshop.type" name="type" rel="ManyToOneRel">3</field>
        <field type="CharField" name="model">EG-26</field>
        <field type="DateField" name="dateOfRelease">1981-10-09</field>
        <field type="IntegerField" name="produced">250000</field>
        <field type="IntegerField" name="rarity">5</field>
        <field type="TextField" name="description">Same game play as Mickey Mouse. Only difference is that you control a wolf this time.</field>
        <field type="IntegerField" name="quantity">1</field>
        <field type="FileField" name="image">images/products/eg-26.jpg</field>
        <field type="FileField" name="imageThumb">images/products/thumbs/eg-26.jpg</field>
    </object>
    <object pk="4" model="webshop.product">
        <field type="CharField" name="title">Fire</field>
        <field to="webshop.type" name="type" rel="ManyToOneRel">1</field>
        <field type="CharField" name="model">RC-04</field>
        <field type="DateField" name="dateOfRelease">1980-07-31</field>
        <field type="IntegerField" name="produced">1000000</field>
        <field type="IntegerField" name="rarity">3</field>
        <field type="TextField" name="description">You control two guys with a stretcher (which acts as a trampoline!) trying to save the people that fall from a burning building and put them in an ambulance.</field>
        <field type="IntegerField" name="quantity">10</field>
        <field type="FileField" name="image">images/products/rc-04.jpg</field>
        <field type="FileField" name="imageThumb">images/products/thumbs/rc-04.jpg</field>
    </object>
    <object pk="16" model="webshop.product">
        <field type="CharField" name="title">Fire</field>
        <field to="webshop.type" name="type" rel="ManyToOneRel">3</field>
        <field type="CharField" name="model">FR-27</field>
        <field type="DateField" name="dateOfRelease">1981-12-04</field>
        <field type="IntegerField" name="produced">1200000</field>
        <field type="IntegerField" name="rarity">1</field>
        <field type="TextField" name="description">You control two guys with a stretcher (which acts as a trampoline!) trying to save the people that fall from a burning building and put them in an ambulance.</field>
        <field type="IntegerField" name="quantity">50</field>
        <field type="FileField" name="image">images/products/fr-27.jpg</field>
        <field type="FileField" name="imageThumb">images/products/thumbs/fr-27.jpg</field>
    </object>
    <object pk="18" model="webshop.product">
        <field type="CharField" name="title">Fire Attack</field>
        <field to="webshop.type" name="type" rel="ManyToOneRel">3</field>
        <field type="CharField" name="model">ID-29</field>
        <field type="DateField" name="dateOfRelease">1982-03-26</field>
        <field type="IntegerField" name="produced">500000</field>
        <field type="IntegerField" name="rarity">2</field>
        <field type="TextField" name="description">Hit the Indians or the torches they throw before they destroy your fortress.</field>
        <field type="IntegerField" name="quantity">30</field>
        <field type="FileField" name="image">images/products/id-29.jpg</field>
        <field type="FileField" name="imageThumb">images/products/thumbs/id-29.jpg</field>
    </object>
    <object pk="2" model="webshop.product">
        <field type="CharField" name="title">Flagman</field>
        <field to="webshop.type" name="type" rel="ManyToOneRel">1</field>
        <field type="CharField" name="model">FL-02</field>
        <field type="DateField" name="dateOfRelease">1980-06-05</field>
        <field type="IntegerField" name="produced">250000</field>
        <field type="IntegerField" name="rarity">5</field>
        <field type="TextField" name="description">Simon type of game. You have to repeat the sequences of a flagman's moves.</field>
        <field type="IntegerField" name="quantity">1</field>
        <field type="FileField" name="image">images/products/fl-02.jpg</field>
        <field type="FileField" name="imageThumb">images/products/thumbs/fl-02.jpg</field>
    </object>
    <object pk="33" model="webshop.product">
        <field type="CharField" name="title">Gold Cliff</field>
        <field to="webshop.type" name="type" rel="ManyToOneRel">4</field>
        <field type="CharField" name="model">MV-64</field>
        <field type="DateField" name="dateOfRelease">1988-10-19</field>
        <field type="IntegerField" name="produced">250000</field>
        <field type="IntegerField" name="rarity">2</field>
        <field type="TextField" name="description">As an adventurer, your task is to try to acquire rare items. Various platforms are on your way.</field>
        <field type="IntegerField" name="quantity">30</field>
        <field type="FileField" name="image">images/products/mv-64.jpg</field>
        <field type="FileField" name="imageThumb">images/products/thumbs/mv-64.jpg</field>
    </object>
    <object pk="23" model="webshop.product">
        <field type="CharField" name="title">Green House</field>
        <field to="webshop.type" name="type" rel="ManyToOneRel">4</field>
        <field type="CharField" name="model">GH-54</field>
        <field type="DateField" name="dateOfRelease">1982-12-06</field>
        <field type="IntegerField" name="produced">1250000</field>
        <field type="IntegerField" name="rarity">2</field>
        <field type="TextField" name="description">Pests try to destroy your plants and as a green house keeper your job is to protect them by spraying with insecticide when they appear.</field>
        <field type="IntegerField" name="quantity">30</field>
        <field type="FileField" name="image">images/products/gh-54.jpg</field>
        <field type="FileField" name="imageThumb">images/products/thumbs/gh-54.jpg</field>
    </object>
    <object pk="8" model="webshop.product">
        <field type="CharField" name="title">Helmet</field>
        <field to="webshop.type" name="type" rel="ManyToOneRel">2</field>
        <field type="CharField" name="model">CN-07</field>
        <field type="DateField" name="dateOfRelease">1981-02-21</field>
        <field type="IntegerField" name="produced">500000</field>
        <field type="IntegerField" name="rarity">3</field>
        <field type="TextField" name="description">Reach the shed while avoiding falling objects.</field>
        <field type="IntegerField" name="quantity">10</field>
        <field type="FileField" name="image">images/products/cn-07.jpg</field>
        <field type="FileField" name="imageThumb">images/products/thumbs/cn-07.jpg</field>
    </object>
    <object pk="5" model="webshop.product">
        <field type="CharField" name="title">Judge (Green)</field>
        <field to="webshop.type" name="type" rel="ManyToOneRel">1</field>
        <field type="CharField" name="model">IP-05</field>
        <field type="DateField" name="dateOfRelease">1980-10-04</field>
        <field type="IntegerField" name="produced">250000</field>
        <field type="IntegerField" name="rarity">5</field>
        <field type="TextField" name="description">Hit your opponent with a hammer or avoid his hit. A green version.</field>
        <field type="IntegerField" name="quantity">1</field>
        <field type="FileField" name="image">images/products/ip-05_green.jpg</field>
        <field type="FileField" name="imageThumb">images/products/thumbs/ip-05_green.jpg</field>
    </object>
    <object pk="6" model="webshop.product">
        <field type="CharField" name="title">Judge (Purple)</field>
        <field to="webshop.type" name="type" rel="ManyToOneRel">1</field>
        <field type="CharField" name="model">IP-05</field>
        <field type="DateField" name="dateOfRelease">1980-10-04</field>
        <field type="IntegerField" name="produced">250000</field>
        <field type="IntegerField" name="rarity">5</field>
        <field type="TextField" name="description">Hit your opponent with a hammer or avoid his hit.  A purple version.</field>
        <field type="IntegerField" name="quantity">1</field>
        <field type="FileField" name="image">images/products/ip-05_purple.jpg</field>
        <field type="FileField" name="imageThumb">images/products/thumbs/ip-05_purple.jpg</field>
    </object>
    <object pk="27" model="webshop.product">
        <field type="CharField" name="title">Life Boat</field>
        <field to="webshop.type" name="type" rel="ManyToOneRel">4</field>
        <field type="CharField" name="model">TC-58</field>
        <field type="DateField" name="dateOfRelease">1983-10-25</field>
        <field type="IntegerField" name="produced">500000</field>
        <field type="IntegerField" name="rarity">3</field>
        <field type="TextField" name="description">Control two life boats in order to catch falling people out of a flaming boat cruiser.</field>
        <field type="IntegerField" name="quantity">10</field>
        <field type="FileField" name="image">images/products/tc-58.jpg</field>
        <field type="FileField" name="imageThumb">images/products/thumbs/tc-58.jpg</field>
    </object>
    <object pk="9" model="webshop.product">
        <field type="CharField" name="title">Lion</field>
        <field to="webshop.type" name="type" rel="ManyToOneRel">2</field>
        <field type="CharField" name="model">LN-08</field>
        <field type="DateField" name="dateOfRelease">1981-04-29</field>
        <field type="IntegerField" name="produced">250000</field>
        <field type="IntegerField" name="rarity">3</field>
        <field type="TextField" name="description">You control two tamers who try to stop the lions from exiting their cages.</field>
        <field type="IntegerField" name="quantity">10</field>
        <field type="FileField" name="image">images/products/ln-08.jpg</field>
        <field type="FileField" name="imageThumb">images/products/thumbs/ln-08.jpg</field>
    </object>
    <object pk="7" model="webshop.product">
        <field type="CharField" name="title">Manhole</field>
        <field to="webshop.type" name="type" rel="ManyToOneRel">2</field>
        <field type="CharField" name="model">MH-06</field>
        <field type="DateField" name="dateOfRelease">1981-01-29</field>
        <field type="IntegerField" name="produced">500000</field>
        <field type="IntegerField" name="rarity">3</field>
        <field type="TextField" name="description">Your task is to save passersby from falling into the four holes.</field>
        <field type="IntegerField" name="quantity">10</field>
        <field type="FileField" name="image">images/products/mh-06.jpg</field>
        <field type="FileField" name="imageThumb">images/products/thumbs/mh-06.jpg</field>
    </object>
    <object pk="47" model="webshop.product">
        <field type="CharField" name="title">Manhole</field>
        <field to="webshop.type" name="type" rel="ManyToOneRel">7</field>
        <field type="CharField" name="model">NH-103</field>
        <field type="DateField" name="dateOfRelease">1983-08-24</field>
        <field type="IntegerField" name="produced">250000</field>
        <field type="IntegerField" name="rarity">3</field>
        <field type="TextField" name="description">Your task is to save passersby from falling into the four holes.</field>
        <field type="IntegerField" name="quantity">10</field>
        <field type="FileField" name="image">images/products/nh-103.jpg</field>
        <field type="FileField" name="imageThumb">images/products/thumbs/nh-103.jpg</field>
    </object>
    <object pk="25" model="webshop.product">
        <field type="CharField" name="title">Mario Bros.</field>
        <field to="webshop.type" name="type" rel="ManyToOneRel">4</field>
        <field type="CharField" name="model">MW-56</field>
        <field type="DateField" name="dateOfRelease">1983-03-14</field>
        <field type="IntegerField" name="produced">1250000</field>
        <field type="IntegerField" name="rarity">1</field>
        <field type="TextField" name="description">You control Mario and his colleague Luigi who lay packets on rolling platforms. Your job is to pick the packets from the lower platforms and place them on the higher ones so that the packets end into the back of a truck.</field>
        <field type="IntegerField" name="quantity">50</field>
        <field type="FileField" name="image">images/products/mw-56.jpg</field>
        <field type="FileField" name="imageThumb">images/products/thumbs/mw-56.jpg</field>
    </object>
    <object pk="52" model="webshop.product">
        <field type="CharField" name="title">Mario The Juggler</field>
        <field to="webshop.type" name="type" rel="ManyToOneRel">7</field>
        <field type="CharField" name="model">MB-108</field>
        <field type="DateField" name="dateOfRelease">1991-10-14</field>
        <field type="IntegerField" name="produced">250000</field>
        <field type="IntegerField" name="rarity">5</field>
        <field type="TextField" name="description">Same game play as Ball. You control Mario who juggles balls in the air.</field>
        <field type="IntegerField" name="quantity">1</field>
        <field type="FileField" name="image">images/products/mb-108.jpg</field>
        <field type="FileField" name="imageThumb">images/products/thumbs/mb-108.jpg</field>
    </object>
    <object pk="42" model="webshop.product">
        <field type="CharField" name="title">Mario's Bombs Away</field>
        <field to="webshop.type" name="type" rel="ManyToOneRel">6</field>
        <field type="CharField" name="model">TB-94</field>
        <field type="DateField" name="dateOfRelease">1983-11-10</field>
        <field type="IntegerField" name="produced">250000</field>
        <field type="IntegerField" name="rarity">3</field>
        <field type="TextField" name="description">Move bombs safely from one point to another.</field>
        <field type="IntegerField" name="quantity">10</field>
        <field type="FileField" name="image">images/products/tb-94.jpg</field>
        <field type="FileField" name="imageThumb">images/products/thumbs/tb-94.jpg</field>
    </object>
    <object pk="36" model="webshop.product">
        <field type="CharField" name="title">Mario's Cement Factory</field>
        <field to="webshop.type" name="type" rel="ManyToOneRel">5</field>
        <field type="CharField" name="model">CM-72</field>
        <field type="DateField" name="dateOfRelease">1983-04-28</field>
        <field type="IntegerField" name="produced">250000</field>
        <field type="IntegerField" name="rarity">2</field>
        <field type="TextField" name="description">Control the levers on various levels so that cement flows steadily into the cement mixers.</field>
        <field type="IntegerField" name="quantity">30</field>
        <field type="FileField" name="image">images/products/cm-72.jpg</field>
        <field type="FileField" name="imageThumb">images/products/thumbs/cm-72.jpg</field>
    </object>
    <object pk="46" model="webshop.product">
        <field type="CharField" name="title">Mario's Cement Factory</field>
        <field to="webshop.type" name="type" rel="ManyToOneRel">7</field>
        <field type="CharField" name="model">ML-102</field>
        <field type="DateField" name="dateOfRelease">1983-06-16</field>
        <field type="IntegerField" name="produced">750000</field>
        <field type="IntegerField" name="rarity">1</field>
        <field type="TextField" name="description">Control the levers on various levels so that cement flows steadily into the cement mixers.</field>
        <field type="IntegerField" name="quantity">50</field>
        <field type="FileField" name="image">images/products/ml-102.jpg</field>
        <field type="FileField" name="imageThumb">images/products/thumbs/ml-102.jpg</field>
    </object>
    <object pk="22" model="webshop.product">
        <field type="CharField" name="title">Mickey &amp; Donald</field>
        <field to="webshop.type" name="type" rel="ManyToOneRel">4</field>
        <field type="CharField" name="model">DM-53</field>
        <field type="DateField" name="dateOfRelease">1982-11-12</field>
        <field type="IntegerField" name="produced">1250000</field>
        <field type="IntegerField" name="rarity">2</field>
        <field type="TextField" name="description">You control both Mickey and Donald who work as fire fighters trying to extinguish the fire in a building.</field>
        <field type="IntegerField" name="quantity">30</field>
        <field type="FileField" name="image">images/products/dm-53.jpg</field>
        <field type="FileField" name="imageThumb">images/products/thumbs/dm-53.jpg</field>
    </object>
    <object pk="14" model="webshop.product">
        <field type="CharField" name="title">Mickey Mouse</field>
        <field to="webshop.type" name="type" rel="ManyToOneRel">3</field>
        <field type="CharField" name="model">MC-25</field>
        <field type="DateField" name="dateOfRelease">1981-10-09</field>
        <field type="IntegerField" name="produced">1200000</field>
        <field type="IntegerField" name="rarity">2</field>
        <field type="TextField" name="description">Mickey tries to catch the eggs before they fall on the ground.</field>
        <field type="IntegerField" name="quantity">30</field>
        <field type="FileField" name="image">images/products/mc-25.jpg</field>
        <field type="FileField" name="imageThumb">images/products/thumbs/mc-25.jpg</field>
    </object>
    <object pk="43" model="webshop.product">
        <field type="CharField" name="title">Mickey Mouse</field>
        <field to="webshop.type" name="type" rel="ManyToOneRel">6</field>
        <field type="CharField" name="model">DC-95</field>
        <field type="DateField" name="dateOfRelease">1984-02-28</field>
        <field type="IntegerField" name="produced">250000</field>
        <field type="IntegerField" name="rarity">5</field>
        <field type="TextField" name="description">You are Mickey the juggler. Juggle the sticks but not the torches!</field>
        <field type="IntegerField" name="quantity">1</field>
        <field type="FileField" name="image">images/products/dc-95.jpg</field>
        <field type="FileField" name="imageThumb">images/products/thumbs/dc-95.jpg</field>
    </object>
    <object pk="11" model="webshop.product">
        <field type="CharField" name="title">Octopus</field>
        <field to="webshop.type" name="type" rel="ManyToOneRel">3</field>
        <field type="CharField" name="model">OC-22</field>
        <field type="DateField" name="dateOfRelease">1981-07-16</field>
        <field type="IntegerField" name="produced">1200000</field>
        <field type="IntegerField" name="rarity">1</field>
        <field type="TextField" name="description">Get the treasure and avoid octopus' tentacles.</field>
        <field type="IntegerField" name="quantity">50</field>
        <field type="FileField" name="image">images/products/oc-22.jpg</field>
        <field type="FileField" name="imageThumb">images/products/thumbs/oc-22.jpg</field>
    </object>
    <object pk="20" model="webshop.product">
        <field type="CharField" name="title">Oil Panic</field>
        <field to="webshop.type" name="type" rel="ManyToOneRel">4</field>
        <field type="CharField" name="model">OL-51</field>
        <field type="DateField" name="dateOfRelease">1982-05-28</field>
        <field type="IntegerField" name="produced">1250000</field>
        <field type="IntegerField" name="rarity">2</field>
        <field type="TextField" name="description">Catch the oil drops from the pipe and pour them in your colleague's barrel on the lower level.</field>
        <field type="IntegerField" name="quantity">30</field>
        <field type="FileField" name="image">images/products/ol-51.jpg</field>
        <field type="FileField" name="imageThumb">images/products/thumbs/ol-51.jpg</field>
    </object>
    <object pk="10" model="webshop.product">
        <field type="CharField" name="title">Parachute</field>
        <field to="webshop.type" name="type" rel="ManyToOneRel">3</field>
        <field type="CharField" name="model">PR-21</field>
        <field type="DateField" name="dateOfRelease">1981-06-19</field>
        <field type="IntegerField" name="produced">1200000</field>
        <field type="IntegerField" name="rarity">1</field>
        <field type="TextField" name="description">Save as many paratroopers as you can with your boat.</field>
        <field type="IntegerField" name="quantity">50</field>
        <field type="FileField" name="image">images/products/pr-21.jpg</field>
        <field type="FileField" name="imageThumb">images/products/thumbs/pr-21.jpg</field>
    </object>
    <object pk="28" model="webshop.product">
        <field type="CharField" name="title">Pinball</field>
        <field to="webshop.type" name="type" rel="ManyToOneRel">4</field>
        <field type="CharField" name="model">PB-59</field>
        <field type="DateField" name="dateOfRelease">1983-12-05</field>
        <field type="IntegerField" name="produced">250000</field>
        <field type="IntegerField" name="rarity">3</field>
        <field type="TextField" name="description">In the game two flippers are on the bottom screen and two flippers on the top screen. There are various other pinball objects such as bumpers, outlanes, rollover lanes, kickbacks, plunger, and more.</field>
        <field type="IntegerField" name="quantity">10</field>
        <field type="FileField" name="image">images/products/pb-59.jpg</field>
        <field type="FileField" name="imageThumb">images/products/thumbs/pb-59.jpg</field>
    </object>
    <object pk="12" model="webshop.product">
        <field type="CharField" name="title">Popeye</field>
        <field to="webshop.type" name="type" rel="ManyToOneRel">3</field>
        <field type="CharField" name="model">pp-23</field>
        <field type="DateField" name="dateOfRelease">1981-08-05</field>
        <field type="IntegerField" name="produced">1200000</field>
        <field type="IntegerField" name="rarity">2</field>
        <field type="TextField" name="description">You assume the role of Popeye who tries to catch the stuff Olive is throwing at him while avoiding Brutus' attempts to hit you.</field>
        <field type="IntegerField" name="quantity">30</field>
        <field type="FileField" name="image">images/products/pp-23.jpg</field>
        <field type="FileField" name="imageThumb">images/products/thumbs/pp-23.jpg</field>
    </object>
    <object pk="38" model="webshop.product">
        <field type="CharField" name="title">Popeye</field>
        <field to="webshop.type" name="type" rel="ManyToOneRel">5</field>
        <field type="CharField" name="model">PG-74</field>
        <field type="DateField" name="dateOfRelease">1983-08-17</field>
        <field type="IntegerField" name="produced">250000</field>
        <field type="IntegerField" name="rarity">3</field>
        <field type="TextField" name="description">Fist-fighting with Brutus this time. Hit him enough times to drop him into the sea.</field>
        <field type="IntegerField" name="quantity">10</field>
        <field type="FileField" name="image">images/products/pg-74.jpg</field>
        <field type="FileField" name="imageThumb">images/products/thumbs/pg-74.jpg</field>
    </object>
    <object pk="40" model="webshop.product">
        <field type="CharField" name="title">Popeye</field>
        <field to="webshop.type" name="type" rel="ManyToOneRel">6</field>
        <field type="CharField" name="model">PG-92</field>
        <field type="DateField" name="dateOfRelease">1983-08-30</field>
        <field type="IntegerField" name="produced">250000</field>
        <field type="IntegerField" name="rarity">3</field>
        <field type="TextField" name="description">Fist-fighting with Brutus this time. Hit him enough times to drop him into the sea.</field>
        <field type="IntegerField" name="quantity">10</field>
        <field type="FileField" name="image">images/products/pg-92.jpg</field>
        <field type="FileField" name="imageThumb">images/products/thumbs/pg-92.jpg</field>
    </object>
    <object pk="56" model="webshop.product">
        <field type="CharField" name="title">Punch-Out!!</field>
        <field to="webshop.type" name="type" rel="ManyToOneRel">9</field>
        <field type="CharField" name="model">BX-301</field>
        <field type="DateField" name="dateOfRelease">1984-09-03</field>
        <field type="IntegerField" name="produced">250000</field>
        <field type="IntegerField" name="rarity">1</field>
        <field type="TextField" name="description">Box with another human or computer player. A USA only release.</field>
        <field type="IntegerField" name="quantity">50</field>
        <field type="FileField" name="image">images/products/bx-301_punch-out.jpg</field>
        <field type="FileField" name="imageThumb">images/products/thumbs/bx-301_punch-out.jpg</field>
    </object>
    <object pk="26" model="webshop.product">
        <field type="CharField" name="title">Rain Shower</field>
        <field to="webshop.type" name="type" rel="ManyToOneRel">4</field>
        <field type="CharField" name="model">LP-57</field>
        <field type="DateField" name="dateOfRelease">1983-08-10</field>
        <field type="IntegerField" name="produced">250000</field>
        <field type="IntegerField" name="rarity">4</field>
        <field type="TextField" name="description">You have just put your washed clothes to dry when it started raining. Your job (should you decide to accept it) is to drag the wires that the clothes are led on so that the clothes will not get wet.</field>
        <field type="IntegerField" name="quantity">5</field>
        <field type="FileField" name="image">images/products/lp-57.jpg</field>
        <field type="FileField" name="imageThumb">images/products/thumbs/lp-57.jpg</field>
    </object>
    <object pk="32" model="webshop.product">
        <field type="CharField" name="title">Safe Buster</field>
        <field to="webshop.type" name="type" rel="ManyToOneRel">4</field>
        <field type="CharField" name="model">JB-63</field>
        <field type="DateField" name="dateOfRelease">1988-01-06</field>
        <field type="IntegerField" name="produced">500000</field>
        <field type="IntegerField" name="rarity">2</field>
        <field type="TextField" name="description">Try to get out of constantly changing labyrinths by finding passages and doors.</field>
        <field type="IntegerField" name="quantity">30</field>
        <field type="FileField" name="image">images/products/jb-63.jpg</field>
        <field type="FileField" name="imageThumb">images/products/thumbs/jb-63.jpg</field>
    </object>
    <object pk="37" model="webshop.product">
        <field type="CharField" name="title">Snoopy</field>
        <field to="webshop.type" name="type" rel="ManyToOneRel">5</field>
        <field type="CharField" name="model">SM-73</field>
        <field type="DateField" name="dateOfRelease">1983-06-05</field>
        <field type="IntegerField" name="produced">250000</field>
        <field type="IntegerField" name="rarity">3</field>
        <field type="TextField" name="description">Hit the musical notes as they appear.</field>
        <field type="IntegerField" name="quantity">10</field>
        <field type="FileField" name="image">images/products/sm-73.jpg</field>
        <field type="FileField" name="imageThumb">images/products/thumbs/sm-73.jpg</field>
    </object>
    <object pk="39" model="webshop.product">
        <field type="CharField" name="title">Snoopy</field>
        <field to="webshop.type" name="type" rel="ManyToOneRel">6</field>
        <field type="CharField" name="model">SM-91</field>
        <field type="DateField" name="dateOfRelease">1983-08-30</field>
        <field type="IntegerField" name="produced">250000</field>
        <field type="IntegerField" name="rarity">3</field>
        <field type="TextField" name="description">Hit the musical notes as they appear.</field>
        <field type="IntegerField" name="quantity">10</field>
        <field type="FileField" name="image">images/products/sm-91.jpg</field>
        <field type="FileField" name="imageThumb">images/products/thumbs/sm-91.jpg</field>
    </object>
    <object pk="19" model="webshop.product">
        <field type="CharField" name="title">Snoopy Tennis</field>
        <field to="webshop.type" name="type" rel="ManyToOneRel">3</field>
        <field type="CharField" name="model">SP-30</field>
        <field type="DateField" name="dateOfRelease">1982-04-28</field>
        <field type="IntegerField" name="produced">1200000</field>
        <field type="IntegerField" name="rarity">1</field>
        <field type="TextField" name="description">You are Snoopy holding a tennis racket. Hit all the tennis balls which are thrown at you.</field>
        <field type="IntegerField" name="quantity">50</field>
        <field type="FileField" name="image">images/products/sp-30.jpg</field>
        <field type="FileField" name="imageThumb">images/products/thumbs/sp-30.jpg</field>
    </object>
    <object pk="53" model="webshop.product">
        <field type="CharField" name="title">Spitball Sparky</field>
        <field to="webshop.type" name="type" rel="ManyToOneRel">8</field>
        <field type="CharField" name="model">BU-201</field>
        <field type="DateField" name="dateOfRelease">1984-02-07</field>
        <field type="IntegerField" name="produced">250000</field>
        <field type="IntegerField" name="rarity">4</field>
        <field type="TextField" name="description">Blow the ball in such a way that it eventually hits all the blocks on the top of the screen. Arcanoid type game.</field>
        <field type="IntegerField" name="quantity">5</field>
        <field type="FileField" name="image">images/products/bu-201.jpg</field>
        <field type="FileField" name="imageThumb">images/products/thumbs/bu-201.jpg</field>
    </object>
    <object pk="30" model="webshop.product">
        <field type="CharField" name="title">Squish</field>
        <field to="webshop.type" name="type" rel="ManyToOneRel">4</field>
        <field type="CharField" name="model">MG-61</field>
        <field type="DateField" name="dateOfRelease">1986-04-17</field>
        <field type="IntegerField" name="produced">250000</field>
        <field type="IntegerField" name="rarity">1</field>
        <field type="TextField" name="description">Avoid the platforms as they come towards you. Direction of moving floor and pattern of platforms changes often.</field>
        <field type="IntegerField" name="quantity">50</field>
        <field type="FileField" name="image">images/products/mg-61.jpg</field>
        <field type="FileField" name="imageThumb">images/products/thumbs/mg-61.jpg</field>
    </object>
    <object pk="49" model="webshop.product">
        <field type="CharField" name="title">Super Mario Bros.</field>
        <field to="webshop.type" name="type" rel="ManyToOneRel">7</field>
        <field type="CharField" name="model">YM-105</field>
        <field type="DateField" name="dateOfRelease">1988-03-08</field>
        <field type="IntegerField" name="produced">1000000</field>
        <field type="IntegerField" name="rarity">1</field>
        <field type="TextField" name="description">Mario is running from left to right, avoiding or jumping over objects in a mission to rescue the princess.</field>
        <field type="IntegerField" name="quantity">50</field>
        <field type="FileField" name="image">images/products/ym-105.jpg</field>
        <field type="FileField" name="imageThumb">images/products/thumbs/ym-105.jpg</field>
    </object>
    <object pk="59" model="webshop.product">
        <field type="CharField" name="title">Super Mario Bros.</field>
        <field to="webshop.type" name="type" rel="ManyToOneRel">10</field>
        <field type="CharField" name="model">YM-801</field>
        <field type="DateField" name="dateOfRelease">1986-06-25</field>
        <field type="IntegerField" name="produced">250000</field>
        <field type="IntegerField" name="rarity">5</field>
        <field type="TextField" name="description">Mario is running from left to right, avoiding or jumping over objects in a mission to rescue the princess.</field>
        <field type="IntegerField" name="quantity">1</field>
        <field type="FileField" name="image">images/products/ym-801.jpg</field>
        <field type="FileField" name="imageThumb">images/products/thumbs/ym-801.jpg</field>
    </object>
    <object pk="62" model="webshop.product">
        <field type="CharField" name="title">Super Mario Bros.</field>
        <field to="webshop.type" name="type" rel="ManyToOneRel">11</field>
        <field type="CharField" name="model">YM-901-S</field>
        <field type="DateField" name="dateOfRelease">1987-08-19</field>
        <field type="IntegerField" name="produced">10000</field>
        <field type="IntegerField" name="rarity">5</field>
        <field type="TextField" name="description">Mario is running from left to right, avoiding or jumping over objects in a mission to rescue the princess.</field>
        <field type="IntegerField" name="quantity">1</field>
        <field type="FileField" name="image">images/products/ym-901-s.jpg</field>
        <field type="FileField" name="imageThumb">images/products/thumbs/ym-901-s.jpg</field>
    </object>
    <object pk="48" model="webshop.product">
        <field type="CharField" name="title">Tropical Fish</field>
        <field to="webshop.type" name="type" rel="ManyToOneRel">7</field>
        <field type="CharField" name="model">TF-104</field>
        <field type="DateField" name="dateOfRelease">1985-07-08</field>
        <field type="IntegerField" name="produced">250000</field>
        <field type="IntegerField" name="rarity">3</field>
        <field type="TextField" name="description">Help goldfishes go from one aquarium to another with your fishbowl.</field>
        <field type="IntegerField" name="quantity">10</field>
        <field type="FileField" name="image">images/products/tf-104.jpg</field>
        <field type="FileField" name="imageThumb">images/products/thumbs/tf-104.jpg</field>
    </object>
    <object pk="17" model="webshop.product">
        <field type="CharField" name="title">Turtle Bridge</field>
        <field to="webshop.type" name="type" rel="ManyToOneRel">3</field>
        <field type="CharField" name="model">TL-28</field>
        <field type="DateField" name="dateOfRelease">1982-02-01</field>
        <field type="IntegerField" name="produced">500000</field>
        <field type="IntegerField" name="rarity">3</field>
        <field type="TextField" name="description">You control a porter who tries to get packages from one side of a lake to another by jumping on the turtles' shells.</field>
        <field type="IntegerField" name="quantity">10</field>
        <field type="FileField" name="image">images/products/tl-28.jpg</field>
        <field type="FileField" name="imageThumb">images/products/thumbs/tl-28.jpg</field>
    </object>
    <object pk="3" model="webshop.product">
        <field type="CharField" name="title">Vermin</field>
        <field to="webshop.type" name="type" rel="ManyToOneRel">1</field>
        <field type="CharField" name="model">MT-03</field>
        <field type="DateField" name="dateOfRelease">1980-07-10</field>
        <field type="IntegerField" name="produced">500000</field>
        <field type="IntegerField" name="rarity">3</field>
        <field type="TextField" name="description">Hit the moles as they surface from the tunnels.</field>
        <field type="IntegerField" name="quantity">10</field>
        <field type="FileField" name="image">images/products/mt-03.jpg</field>
        <field type="FileField" name="imageThumb">images/products/thumbs/mt-03.jpg</field>
    </object>
    <object pk="34" model="webshop.product">
        <field type="CharField" name="title">Zelda</field>
        <field to="webshop.type" name="type" rel="ManyToOneRel">4</field>
        <field type="CharField" name="model">ZL-65</field>
        <field type="DateField" name="dateOfRelease">1989-08-26</field>
        <field type="IntegerField" name="produced">250000</field>
        <field type="IntegerField" name="rarity">2</field>
        <field type="TextField" name="description">Fight skeletons or other evil characters, gain experience and destroy the bosses.</field>
        <field type="IntegerField" name="quantity">30</field>
        <field type="FileField" name="image">images/products/zl-65.jpg</field>
        <field type="FileField" name="imageThumb">images/products/thumbs/zl-65.jpg</field>
    </object>
    <object pk="1" model="webshop.saleitem">
        <field type="DecimalField" name="price">60</field>
        <field to="webshop.product" name="product" rel="ManyToOneRel">1</field>
        <field type="BooleanField" name="onSale">True</field>
    </object>
    <object pk="2" model="webshop.saleitem">
        <field type="DecimalField" name="price">100</field>
        <field to="webshop.product" name="product" rel="ManyToOneRel">2</field>
        <field type="BooleanField" name="onSale">True</field>
    </object>
    <object pk="3" model="webshop.saleitem">
        <field type="DecimalField" name="price">50</field>
        <field to="webshop.product" name="product" rel="ManyToOneRel">3</field>
        <field type="BooleanField" name="onSale">True</field>
    </object>
    <object pk="4" model="webshop.saleitem">
        <field type="DecimalField" name="price">50</field>
        <field to="webshop.product" name="product" rel="ManyToOneRel">4</field>
        <field type="BooleanField" name="onSale">True</field>
    </object>
    <object pk="5" model="webshop.saleitem">
        <field type="DecimalField" name="price">100</field>
        <field to="webshop.product" name="product" rel="ManyToOneRel">5</field>
        <field type="BooleanField" name="onSale">True</field>
    </object>
    <object pk="6" model="webshop.saleitem">
        <field type="DecimalField" name="price">100</field>
        <field to="webshop.product" name="product" rel="ManyToOneRel">6</field>
        <field type="BooleanField" name="onSale">True</field>
    </object>
    <object pk="7" model="webshop.saleitem">
        <field type="DecimalField" name="price">50</field>
        <field to="webshop.product" name="product" rel="ManyToOneRel">7</field>
        <field type="BooleanField" name="onSale">True</field>
    </object>
    <object pk="8" model="webshop.saleitem">
        <field type="DecimalField" name="price">50</field>
        <field to="webshop.product" name="product" rel="ManyToOneRel">8</field>
        <field type="BooleanField" name="onSale">True</field>
    </object>
    <object pk="9" model="webshop.saleitem">
        <field type="DecimalField" name="price">50</field>
        <field to="webshop.product" name="product" rel="ManyToOneRel">9</field>
        <field type="BooleanField" name="onSale">True</field>
    </object>
    <object pk="10" model="webshop.saleitem">
        <field type="DecimalField" name="price">30</field>
        <field to="webshop.product" name="product" rel="ManyToOneRel">10</field>
        <field type="BooleanField" name="onSale">True</field>
    </object>
    <object pk="11" model="webshop.saleitem">
        <field type="DecimalField" name="price">30</field>
        <field to="webshop.product" name="product" rel="ManyToOneRel">11</field>
        <field type="BooleanField" name="onSale">True</field>
    </object>
    <object pk="12" model="webshop.saleitem">
        <field type="DecimalField" name="price">40</field>
        <field to="webshop.product" name="product" rel="ManyToOneRel">12</field>
        <field type="BooleanField" name="onSale">True</field>
    </object>
    <object pk="13" model="webshop.saleitem">
        <field type="DecimalField" name="price">50</field>
        <field to="webshop.product" name="product" rel="ManyToOneRel">13</field>
        <field type="BooleanField" name="onSale">True</field>
    </object>
    <object pk="14" model="webshop.saleitem">
        <field type="DecimalField" name="price">40</field>
        <field to="webshop.product" name="product" rel="ManyToOneRel">14</field>
        <field type="BooleanField" name="onSale">True</field>
    </object>
    <object pk="15" model="webshop.saleitem">
        <field type="DecimalField" name="price">100</field>
        <field to="webshop.product" name="product" rel="ManyToOneRel">15</field>
        <field type="BooleanField" name="onSale">True</field>
    </object>
    <object pk="16" model="webshop.saleitem">
        <field type="DecimalField" name="price">30</field>
        <field to="webshop.product" name="product" rel="ManyToOneRel">16</field>
        <field type="BooleanField" name="onSale">True</field>
    </object>
    <object pk="17" model="webshop.saleitem">
        <field type="DecimalField" name="price">50</field>
        <field to="webshop.product" name="product" rel="ManyToOneRel">17</field>
        <field type="BooleanField" name="onSale">True</field>
    </object>
    <object pk="18" model="webshop.saleitem">
        <field type="DecimalField" name="price">40</field>
        <field to="webshop.product" name="product" rel="ManyToOneRel">18</field>
        <field type="BooleanField" name="onSale">True</field>
    </object>
    <object pk="19" model="webshop.saleitem">
        <field type="DecimalField" name="price">30</field>
        <field to="webshop.product" name="product" rel="ManyToOneRel">19</field>
        <field type="BooleanField" name="onSale">True</field>
    </object>
    <object pk="20" model="webshop.saleitem">
        <field type="DecimalField" name="price">40</field>
        <field to="webshop.product" name="product" rel="ManyToOneRel">20</field>
        <field type="BooleanField" name="onSale">True</field>
    </object>
    <object pk="21" model="webshop.saleitem">
        <field type="DecimalField" name="price">30</field>
        <field to="webshop.product" name="product" rel="ManyToOneRel">21</field>
        <field type="BooleanField" name="onSale">True</field>
    </object>
    <object pk="22" model="webshop.saleitem">
        <field type="DecimalField" name="price">40</field>
        <field to="webshop.product" name="product" rel="ManyToOneRel">22</field>
        <field type="BooleanField" name="onSale">True</field>
    </object>
    <object pk="23" model="webshop.saleitem">
        <field type="DecimalField" name="price">40</field>
        <field to="webshop.product" name="product" rel="ManyToOneRel">23</field>
        <field type="BooleanField" name="onSale">True</field>
    </object>
    <object pk="24" model="webshop.saleitem">
        <field type="DecimalField" name="price">30</field>
        <field to="webshop.product" name="product" rel="ManyToOneRel">24</field>
        <field type="BooleanField" name="onSale">True</field>
    </object>
    <object pk="25" model="webshop.saleitem">
        <field type="DecimalField" name="price">30</field>
        <field to="webshop.product" name="product" rel="ManyToOneRel">25</field>
        <field type="BooleanField" name="onSale">True</field>
    </object>
    <object pk="26" model="webshop.saleitem">
        <field type="DecimalField" name="price">60</field>
        <field to="webshop.product" name="product" rel="ManyToOneRel">26</field>
        <field type="BooleanField" name="onSale">True</field>
    </object>
    <object pk="27" model="webshop.saleitem">
        <field type="DecimalField" name="price">50</field>
        <field to="webshop.product" name="product" rel="ManyToOneRel">27</field>
        <field type="BooleanField" name="onSale">True</field>
    </object>
    <object pk="28" model="webshop.saleitem">
        <field type="DecimalField" name="price">50</field>
        <field to="webshop.product" name="product" rel="ManyToOneRel">28</field>
        <field type="BooleanField" name="onSale">True</field>
    </object>
    <object pk="29" model="webshop.saleitem">
        <field type="DecimalField" name="price">40</field>
        <field to="webshop.product" name="product" rel="ManyToOneRel">29</field>
        <field type="BooleanField" name="onSale">True</field>
    </object>
    <object pk="30" model="webshop.saleitem">
        <field type="DecimalField" name="price">30</field>
        <field to="webshop.product" name="product" rel="ManyToOneRel">30</field>
        <field type="BooleanField" name="onSale">True</field>
    </object>
    <object pk="31" model="webshop.saleitem">
        <field type="DecimalField" name="price">40</field>
        <field to="webshop.product" name="product" rel="ManyToOneRel">31</field>
        <field type="BooleanField" name="onSale">True</field>
    </object>
    <object pk="32" model="webshop.saleitem">
        <field type="DecimalField" name="price">40</field>
        <field to="webshop.product" name="product" rel="ManyToOneRel">32</field>
        <field type="BooleanField" name="onSale">True</field>
    </object>
    <object pk="33" model="webshop.saleitem">
        <field type="DecimalField" name="price">40</field>
        <field to="webshop.product" name="product" rel="ManyToOneRel">33</field>
        <field type="BooleanField" name="onSale">True</field>
    </object>
    <object pk="34" model="webshop.saleitem">
        <field type="DecimalField" name="price">40</field>
        <field to="webshop.product" name="product" rel="ManyToOneRel">34</field>
        <field type="BooleanField" name="onSale">True</field>
    </object>
    <object pk="35" model="webshop.saleitem">
        <field type="DecimalField" name="price">50</field>
        <field to="webshop.product" name="product" rel="ManyToOneRel">35</field>
        <field type="BooleanField" name="onSale">True</field>
    </object>
    <object pk="36" model="webshop.saleitem">
        <field type="DecimalField" name="price">40</field>
        <field to="webshop.product" name="product" rel="ManyToOneRel">36</field>
        <field type="BooleanField" name="onSale">True</field>
    </object>
    <object pk="37" model="webshop.saleitem">
        <field type="DecimalField" name="price">50</field>
        <field to="webshop.product" name="product" rel="ManyToOneRel">37</field>
        <field type="BooleanField" name="onSale">True</field>
    </object>
    <object pk="38" model="webshop.saleitem">
        <field type="DecimalField" name="price">50</field>
        <field to="webshop.product" name="product" rel="ManyToOneRel">38</field>
        <field type="BooleanField" name="onSale">True</field>
    </object>
    <object pk="39" model="webshop.saleitem">
        <field type="DecimalField" name="price">50</field>
        <field to="webshop.product" name="product" rel="ManyToOneRel">39</field>
        <field type="BooleanField" name="onSale">True</field>
    </object>
    <object pk="40" model="webshop.saleitem">
        <field type="DecimalField" name="price">50</field>
        <field to="webshop.product" name="product" rel="ManyToOneRel">40</field>
        <field type="BooleanField" name="onSale">True</field>
    </object>
    <object pk="41" model="webshop.saleitem">
        <field type="DecimalField" name="price">50</field>
        <field to="webshop.product" name="product" rel="ManyToOneRel">41</field>
        <field type="BooleanField" name="onSale">True</field>
    </object>
    <object pk="42" model="webshop.saleitem">
        <field type="DecimalField" name="price">50</field>
        <field to="webshop.product" name="product" rel="ManyToOneRel">42</field>
        <field type="BooleanField" name="onSale">True</field>
    </object>
    <object pk="43" model="webshop.saleitem">
        <field type="DecimalField" name="price">100</field>
        <field to="webshop.product" name="product" rel="ManyToOneRel">43</field>
        <field type="BooleanField" name="onSale">True</field>
    </object>
    <object pk="44" model="webshop.saleitem">
        <field type="DecimalField" name="price">100</field>
        <field to="webshop.product" name="product" rel="ManyToOneRel">44</field>
        <field type="BooleanField" name="onSale">True</field>
    </object>
    <object pk="45" model="webshop.saleitem">
        <field type="DecimalField" name="price">30</field>
        <field to="webshop.product" name="product" rel="ManyToOneRel">45</field>
        <field type="BooleanField" name="onSale">True</field>
    </object>
    <object pk="46" model="webshop.saleitem">
        <field type="DecimalField" name="price">30</field>
        <field to="webshop.product" name="product" rel="ManyToOneRel">46</field>
        <field type="BooleanField" name="onSale">True</field>
    </object>
    <object pk="47" model="webshop.saleitem">
        <field type="DecimalField" name="price">50</field>
        <field to="webshop.product" name="product" rel="ManyToOneRel">47</field>
        <field type="BooleanField" name="onSale">True</field>
    </object>
    <object pk="48" model="webshop.saleitem">
        <field type="DecimalField" name="price">50</field>
        <field to="webshop.product" name="product" rel="ManyToOneRel">48</field>
        <field type="BooleanField" name="onSale">True</field>
    </object>
    <object pk="49" model="webshop.saleitem">
        <field type="DecimalField" name="price">30</field>
        <field to="webshop.product" name="product" rel="ManyToOneRel">49</field>
        <field type="BooleanField" name="onSale">True</field>
    </object>
    <object pk="50" model="webshop.saleitem">
        <field type="DecimalField" name="price">50</field>
        <field to="webshop.product" name="product" rel="ManyToOneRel">50</field>
        <field type="BooleanField" name="onSale">True</field>
    </object>
    <object pk="51" model="webshop.saleitem">
        <field type="DecimalField" name="price">40</field>
        <field to="webshop.product" name="product" rel="ManyToOneRel">51</field>
        <field type="BooleanField" name="onSale">True</field>
    </object>
    <object pk="52" model="webshop.saleitem">
        <field type="DecimalField" name="price">100</field>
        <field to="webshop.product" name="product" rel="ManyToOneRel">52</field>
        <field type="BooleanField" name="onSale">True</field>
    </object>
    <object pk="53" model="webshop.saleitem">
        <field type="DecimalField" name="price">60</field>
        <field to="webshop.product" name="product" rel="ManyToOneRel">53</field>
        <field type="BooleanField" name="onSale">True</field>
    </object>
    <object pk="54" model="webshop.saleitem">
        <field type="DecimalField" name="price">60</field>
        <field to="webshop.product" name="product" rel="ManyToOneRel">54</field>
        <field type="BooleanField" name="onSale">True</field>
    </object>
    <object pk="55" model="webshop.saleitem">
        <field type="DecimalField" name="price">30</field>
        <field to="webshop.product" name="product" rel="ManyToOneRel">55</field>
        <field type="BooleanField" name="onSale">True</field>
    </object>
    <object pk="56" model="webshop.saleitem">
        <field type="DecimalField" name="price">30</field>
        <field to="webshop.product" name="product" rel="ManyToOneRel">56</field>
        <field type="BooleanField" name="onSale">True</field>
    </object>
    <object pk="57" model="webshop.saleitem">
        <field type="DecimalField" name="price">30</field>
        <field to="webshop.product" name="product" rel="ManyToOneRel">57</field>
        <field type="BooleanField" name="onSale">True</field>
    </object>
    <object pk="58" model="webshop.saleitem">
        <field type="DecimalField" name="price">30</field>
        <field to="webshop.product" name="product" rel="ManyToOneRel">58</field>
        <field type="BooleanField" name="onSale">True</field>
    </object>
    <object pk="59" model="webshop.saleitem">
        <field type="DecimalField" name="price">100</field>
        <field to="webshop.product" name="product" rel="ManyToOneRel">59</field>
        <field type="BooleanField" name="onSale">True</field>
    </object>
    <object pk="60" model="webshop.saleitem">
        <field type="DecimalField" name="price">100</field>
        <field to="webshop.product" name="product" rel="ManyToOneRel">60</field>
        <field type="BooleanField" name="onSale">True</field>
    </object>
    <object pk="61" model="webshop.saleitem">
        <field type="DecimalField" name="price">100</field>
        <field to="webshop.product" name="product" rel="ManyToOneRel">61</field>
        <field type="BooleanField" name="onSale">True</field>
    </object>
    <object pk="62" model="webshop.saleitem">
        <field type="DecimalField" name="price">400</field>
        <field to="webshop.product" name="product" rel="ManyToOneRel">62</field>
        <field type="BooleanField" name="onSale">True</field>
    </object>
    <object pk="63" model="webshop.saleitem">
        <field type="DecimalField" name="price">30</field>
        <field to="webshop.product" name="product" rel="ManyToOneRel">63</field>
        <field type="BooleanField" name="onSale">True</field>
    </object>
    <object pk="1" model="webshop.statistic">
        <field to="webshop.product" name="product" rel="ManyToOneRel">61</field>
        <field type="IntegerField" name="numberOfViews">7</field>
    </object>
    <object pk="2" model="webshop.statistic">
        <field to="webshop.product" name="product" rel="ManyToOneRel">60</field>
        <field type="IntegerField" name="numberOfViews">4</field>
    </object>
    <object pk="3" model="webshop.statistic">
        <field to="webshop.product" name="product" rel="ManyToOneRel">62</field>
        <field type="IntegerField" name="numberOfViews">3</field>
    </object>
    <object pk="4" model="webshop.statistic">
        <field to="webshop.product" name="product" rel="ManyToOneRel">59</field>
        <field type="IntegerField" name="numberOfViews">1</field>
    </object>
    <object pk="5" model="webshop.statistic">
        <field to="webshop.product" name="product" rel="ManyToOneRel">8</field>
        <field type="IntegerField" name="numberOfViews">2</field>
    </object>
    <object pk="1" model="webshop.address">
        <field to="auth.user" name="user" rel="ManyToOneRel">1</field>
        <field type="CharField" name="streetAddressLine1">Konemiehentie 2</field>
        <field type="CharField" name="streetAddressLine2">B117</field>
        <field type="CharField" name="zipCode">02150</field>
        <field type="CharField" name="city">Espoo</field>
        <field type="CharField" name="state"></field>
        <field type="CharField" name="country">Finland</field>
    </object>
    <object pk="2" model="webshop.address">
        <field to="auth.user" name="user" rel="ManyToOneRel">2</field>
        <field type="CharField" name="streetAddressLine1">Paratiisitie 13</field>
        <field type="CharField" name="streetAddressLine2"></field>
        <field type="CharField" name="zipCode">00100</field>
        <field type="CharField" name="city">Helsinki</field>
        <field type="CharField" name="state"></field>
        <field type="CharField" name="country">Finland</field>
    </object>
    <object pk="3" model="webshop.address">
        <field to="auth.user" name="user" rel="ManyToOneRel">2</field>
        <field type="CharField" name="streetAddressLine1">Painajaistie 1</field>
        <field type="CharField" name="streetAddressLine2"></field>
        <field type="CharField" name="zipCode">00100</field>
        <field type="CharField" name="city">Helsinki</field>
        <field type="CharField" name="state"></field>
        <field type="CharField" name="country">Finland</field>
    </object>
    <object pk="1" model="webshop.comment">
        <field to="auth.user" name="user" rel="ManyToOneRel">2</field>
        <field type="DateTimeField" name="published">2011-02-22 15:33:45</field>
        <field type="TextField" name="contents">Testi kommentti</field>
        <field to="webshop.comment" name="commentsOn" rel="ManyToOneRel"><None></None></field>
        <field to="webshop.product" name="product" rel="ManyToOneRel">1</field>
    </object>
    <object pk="2" model="webshop.comment">
        <field to="auth.user" name="user" rel="ManyToOneRel">1</field>
        <field type="DateTimeField" name="published">2011-02-22 15:33:58</field>
        <field type="TextField" name="contents">Testi kommentti 2</field>
        <field to="webshop.comment" name="commentsOn" rel="ManyToOneRel"><None></None></field>
        <field to="webshop.product" name="product" rel="ManyToOneRel">1</field>
    </object>
    <object pk="3" model="webshop.comment">
        <field to="auth.user" name="user" rel="ManyToOneRel">2</field>
        <field type="DateTimeField" name="published">2011-02-22 15:34:26</field>
        <field type="TextField" name="contents">Testi kommentti 3</field>
        <field to="webshop.comment" name="commentsOn" rel="ManyToOneRel">1</field>
        <field to="webshop.product" name="product" rel="ManyToOneRel">1</field>
    </object>
    <object pk="4" model="webshop.comment">
        <field to="auth.user" name="user" rel="ManyToOneRel">2</field>
        <field type="DateTimeField" name="published">2011-02-22 15:34:43</field>
        <field type="TextField" name="contents">Testi kommentti 4</field>
        <field to="webshop.comment" name="commentsOn" rel="ManyToOneRel">3</field>
        <field to="webshop.product" name="product" rel="ManyToOneRel">1</field>
    </object>
    <object pk="5" model="webshop.comment">
        <field to="auth.user" name="user" rel="ManyToOneRel">2</field>
        <field type="DateTimeField" name="published">2011-02-22 15:35:03</field>
        <field type="TextField" name="contents">Testi kommentti 5</field>
        <field to="webshop.comment" name="commentsOn" rel="ManyToOneRel"><None></None></field>
        <field to="webshop.product" name="product" rel="ManyToOneRel">1</field>
    </object>
    <object pk="6" model="webshop.comment">
        <field to="auth.user" name="user" rel="ManyToOneRel">2</field>
        <field type="DateTimeField" name="published">2011-02-22 15:35:23</field>
        <field type="TextField" name="contents">Testi kommentti 6</field>
        <field to="webshop.comment" name="commentsOn" rel="ManyToOneRel">2</field>
        <field to="webshop.product" name="product" rel="ManyToOneRel">1</field>
    </object>
    <object pk="7" model="webshop.comment">
        <field to="auth.user" name="user" rel="ManyToOneRel">1</field>
        <field type="DateTimeField" name="published">2011-03-09 22:10:32</field>
        <field type="TextField" name="contents">Most probably the game of them all!</field>
        <field to="webshop.comment" name="commentsOn" rel="ManyToOneRel"><None></None></field>
        <field to="webshop.product" name="product" rel="ManyToOneRel">41</field>
    </object>
    <object pk="1" model="webshop.rating">
        <field type="IntegerField" name="rate">5</field>
        <field to="auth.user" name="user" rel="ManyToOneRel">2</field>
        <field to="webshop.product" name="product" rel="ManyToOneRel">1</field>
    </object>
    <object pk="2" model="webshop.rating">
        <field type="IntegerField" name="rate">2</field>
        <field to="auth.user" name="user" rel="ManyToOneRel">1</field>
        <field to="webshop.product" name="product" rel="ManyToOneRel">1</field>
    </object>
    <object pk="3" model="webshop.rating">
        <field type="IntegerField" name="rate">5</field>
        <field to="auth.user" name="user" rel="ManyToOneRel">2</field>
        <field to="webshop.product" name="product" rel="ManyToOneRel">1</field>
    </object>
    <object pk="4" model="webshop.rating">
        <field type="IntegerField" name="rate">3</field>
        <field to="auth.user" name="user" rel="ManyToOneRel">1</field>
        <field to="webshop.product" name="product" rel="ManyToOneRel">15</field>
    </object>
    <object pk="5" model="webshop.rating">
        <field type="IntegerField" name="rate">1</field>
        <field to="auth.user" name="user" rel="ManyToOneRel">1</field>
        <field to="webshop.product" name="product" rel="ManyToOneRel">12</field>
    </object>
    <object pk="1" model="webshop.shippingmethod">
        <field type="CharField" name="name">Standard</field>
        <field type="TextField" name="description"></field>
        <field type="DecimalField" name="price">10</field>
        <field type="BooleanField" name="onSale">True</field>
    </object>
    <object pk="2" model="webshop.shippingmethod">
        <field type="CharField" name="name">Express</field>
        <field type="TextField" name="description"></field>
        <field type="DecimalField" name="price">20</field>
        <field type="BooleanField" name="onSale">True</field>
    </object>
    <object pk="1" model="webshop.order">
        <field type="DateTimeField" name="date">2011-02-22 15:33:45</field>
        <field to="auth.user" name="user" rel="ManyToOneRel">2</field>
        <field type="BooleanField" name="delivered">True</field>
        <field type="BooleanField" name="paid">True</field>
        <field to="webshop.shippingmethod" name="shippingMethod" rel="ManyToOneRel">1</field>
        <field to="webshop.address" name="address" rel="ManyToOneRel">1</field>
    </object>
    <object pk="2" model="webshop.order">
        <field type="DateTimeField" name="date">2011-02-28 15:33:45</field>
        <field to="auth.user" name="user" rel="ManyToOneRel">2</field>
        <field type="BooleanField" name="delivered">False</field>
        <field type="BooleanField" name="paid">True</field>
        <field to="webshop.shippingmethod" name="shippingMethod" rel="ManyToOneRel">2</field>
        <field to="webshop.address" name="address" rel="ManyToOneRel">2</field>
    </object>
    <object pk="1" model="webshop.orderitem">
        <field to="webshop.saleitem" name="saleItem" rel="ManyToOneRel">1</field>
        <field to="webshop.order" name="order" rel="ManyToOneRel">1</field>
        <field type="IntegerField" name="quantity">22</field>
    </object>
    <object pk="2" model="webshop.orderitem">
        <field to="webshop.saleitem" name="saleItem" rel="ManyToOneRel">43</field>
        <field to="webshop.order" name="order" rel="ManyToOneRel">1</field>
        <field type="IntegerField" name="quantity">1</field>
    </object>
    <object pk="3" model="webshop.orderitem">
        <field to="webshop.saleitem" name="saleItem" rel="ManyToOneRel">22</field>
        <field to="webshop.order" name="order" rel="ManyToOneRel">2</field>
        <field type="IntegerField" name="quantity">4</field>
    </object>
    <object pk="4" model="webshop.orderitem">
        <field to="webshop.saleitem" name="saleItem" rel="ManyToOneRel">11</field>
        <field to="webshop.order" name="order" rel="ManyToOneRel">2</field>
        <field type="IntegerField" name="quantity">1</field>
    </object>
    <object pk="5" model="webshop.orderitem">
        <field to="webshop.saleitem" name="saleItem" rel="ManyToOneRel">56</field>
        <field to="webshop.order" name="order" rel="ManyToOneRel">2</field>
        <field type="IntegerField" name="quantity">1</field>
    </object>
    <object pk="6" model="webshop.orderitem">
        <field to="webshop.saleitem" name="saleItem" rel="ManyToOneRel">2</field>
        <field to="webshop.order" name="order" rel="ManyToOneRel">1</field>
        <field type="IntegerField" name="quantity">3</field>
    </object>
    <object pk="127" model="admin.logentry">
        <field type="DateTimeField" name="action_time">2011-03-11 01:58:53</field>
        <field to="auth.user" name="user" rel="ManyToOneRel">1</field>
        <field to="contenttypes.contenttype" name="content_type" rel="ManyToOneRel">15</field>
        <field type="TextField" name="object_id">3</field>
        <field type="CharField" name="object_repr">#3 | Test Test (test) | 2011-03-11 09:58:04</field>
        <field type="PositiveSmallIntegerField" name="action_flag">3</field>
        <field type="TextField" name="change_message"></field>
    </object>
    <object pk="126" model="admin.logentry">
        <field type="DateTimeField" name="action_time">2011-03-11 01:58:36</field>
        <field to="auth.user" name="user" rel="ManyToOneRel">1</field>
        <field to="contenttypes.contenttype" name="content_type" rel="ManyToOneRel">15</field>
        <field type="TextField" name="object_id">3</field>
        <field type="CharField" name="object_repr">#3 | Test Test (test) | 2011-03-11 09:58:04</field>
        <field type="PositiveSmallIntegerField" name="action_flag">1</field>
        <field type="TextField" name="change_message"></field>
    </object>
    <object pk="125" model="admin.logentry">
        <field type="DateTimeField" name="action_time">2011-03-10 01:41:42</field>
        <field to="auth.user" name="user" rel="ManyToOneRel">1</field>
        <field to="contenttypes.contenttype" name="content_type" rel="ManyToOneRel">3</field>
        <field type="TextField" name="object_id">4</field>
        <field type="CharField" name="object_repr">test</field>
        <field type="PositiveSmallIntegerField" name="action_flag">2</field>
        <field type="TextField" name="change_message">Changed is_active.</field>
    </object>
    <object pk="124" model="admin.logentry">
        <field type="DateTimeField" name="action_time">2011-03-10 01:39:32</field>
        <field to="auth.user" name="user" rel="ManyToOneRel">1</field>
        <field to="contenttypes.contenttype" name="content_type" rel="ManyToOneRel">3</field>
        <field type="TextField" name="object_id">4</field>
        <field type="CharField" name="object_repr">test</field>
        <field type="PositiveSmallIntegerField" name="action_flag">2</field>
        <field type="TextField" name="change_message">Changed first_name.</field>
    </object>
    <object pk="123" model="admin.logentry">
        <field type="DateTimeField" name="action_time">2011-03-09 15:00:12</field>
        <field to="auth.user" name="user" rel="ManyToOneRel">1</field>
        <field to="contenttypes.contenttype" name="content_type" rel="ManyToOneRel">24</field>
        <field type="TextField" name="object_id">6</field>
        <field type="CharField" name="object_repr">6</field>
        <field type="PositiveSmallIntegerField" name="action_flag">1</field>
        <field type="TextField" name="change_message"></field>
    </object>
    <object pk="122" model="admin.logentry">
        <field type="DateTimeField" name="action_time">2011-03-09 14:30:17</field>
        <field to="auth.user" name="user" rel="ManyToOneRel">1</field>
        <field to="contenttypes.contenttype" name="content_type" rel="ManyToOneRel">14</field>
        <field type="TextField" name="object_id">5</field>
        <field type="CharField" name="object_repr">Markku Laine (markku) | Popeye | Wide Screen series | 1</field>
        <field type="PositiveSmallIntegerField" name="action_flag">1</field>
        <field type="TextField" name="change_message"></field>
    </object>
    <object pk="121" model="admin.logentry">
        <field type="DateTimeField" name="action_time">2011-03-09 14:26:50</field>
        <field to="auth.user" name="user" rel="ManyToOneRel">1</field>
        <field to="contenttypes.contenttype" name="content_type" rel="ManyToOneRel">14</field>
        <field type="TextField" name="object_id">4</field>
        <field type="CharField" name="object_repr">Markku Laine (markku) | Egg | Wide Screen series | 3</field>
        <field type="PositiveSmallIntegerField" name="action_flag">1</field>
        <field type="TextField" name="change_message"></field>
    </object>
    <object pk="120" model="admin.logentry">
        <field type="DateTimeField" name="action_time">2011-03-09 14:18:01</field>
        <field to="auth.user" name="user" rel="ManyToOneRel">1</field>
        <field to="contenttypes.contenttype" name="content_type" rel="ManyToOneRel">14</field>
        <field type="TextField" name="object_id">6</field>
        <field type="CharField" name="object_repr">Markku Laine (markku) | Judge (Purple) | Silver series3</field>
        <field type="PositiveSmallIntegerField" name="action_flag">1</field>
        <field type="TextField" name="change_message"></field>
    </object>
    <object pk="119" model="admin.logentry">
        <field type="DateTimeField" name="action_time">2011-03-09 14:10:34</field>
        <field to="auth.user" name="user" rel="ManyToOneRel">1</field>
        <field to="contenttypes.contenttype" name="content_type" rel="ManyToOneRel">13</field>
        <field type="TextField" name="object_id">7</field>
        <field type="CharField" name="object_repr">Markku Laine (markku) | Most probably the game of them all!</field>
        <field type="PositiveSmallIntegerField" name="action_flag">1</field>
        <field type="TextField" name="change_message"></field>
    </object>
    <object pk="118" model="admin.logentry">
        <field type="DateTimeField" name="action_time">2011-03-09 13:51:03</field>
        <field to="auth.user" name="user" rel="ManyToOneRel">1</field>
        <field to="contenttypes.contenttype" name="content_type" rel="ManyToOneRel">23</field>
        <field type="TextField" name="object_id">2</field>
        <field type="CharField" name="object_repr">Aku Test (test), Paratiisitie 2, 00100 Helsinki, Finland</field>
        <field type="PositiveSmallIntegerField" name="action_flag">1</field>
        <field type="TextField" name="change_message"></field>
    </object>
    <object pk="117" model="admin.logentry">
        <field type="DateTimeField" name="action_time">2011-03-09 13:46:23</field>
        <field to="auth.user" name="user" rel="ManyToOneRel">1</field>
        <field to="contenttypes.contenttype" name="content_type" rel="ManyToOneRel">23</field>
        <field type="TextField" name="object_id">2</field>
        <field type="CharField" name="object_repr">Aku Test (test), Paratiisitie 2, 00100 Helsinki, Finland</field>
        <field type="PositiveSmallIntegerField" name="action_flag">3</field>
        <field type="TextField" name="change_message"></field>
    </object>
    <object pk="116" model="admin.logentry">
        <field type="DateTimeField" name="action_time">2011-03-09 13:37:36</field>
        <field to="auth.user" name="user" rel="ManyToOneRel">1</field>
        <field to="contenttypes.contenttype" name="content_type" rel="ManyToOneRel">3</field>
        <field type="TextField" name="object_id">4</field>
        <field type="CharField" name="object_repr">test</field>
        <field type="PositiveSmallIntegerField" name="action_flag">2</field>
        <field type="TextField" name="change_message">Changed first_name.</field>
    </object>
    <object pk="115" model="admin.logentry">
        <field type="DateTimeField" name="action_time">2011-03-09 13:36:46</field>
        <field to="auth.user" name="user" rel="ManyToOneRel">1</field>
        <field to="contenttypes.contenttype" name="content_type" rel="ManyToOneRel">23</field>
        <field type="TextField" name="object_id">2</field>
        <field type="CharField" name="object_repr">Test Test (test), Paratiisitie 2, 00100 Helsinki, Finland</field>
        <field type="PositiveSmallIntegerField" name="action_flag">1</field>
        <field type="TextField" name="change_message"></field>
    </object>
    <object pk="114" model="admin.logentry">
        <field type="DateTimeField" name="action_time">2011-03-09 03:46:40</field>
        <field to="auth.user" name="user" rel="ManyToOneRel">1</field>
        <field to="contenttypes.contenttype" name="content_type" rel="ManyToOneRel">3</field>
        <field type="TextField" name="object_id">6</field>
        <field type="CharField" name="object_repr">tupu</field>
        <field type="PositiveSmallIntegerField" name="action_flag">3</field>
        <field type="TextField" name="change_message"></field>
    </object>
    <object pk="113" model="admin.logentry">
        <field type="DateTimeField" name="action_time">2011-03-09 03:46:40</field>
        <field to="auth.user" name="user" rel="ManyToOneRel">1</field>
        <field to="contenttypes.contenttype" name="content_type" rel="ManyToOneRel">3</field>
        <field type="TextField" name="object_id">7</field>
        <field type="CharField" name="object_repr">hupu</field>
        <field type="PositiveSmallIntegerField" name="action_flag">3</field>
        <field type="TextField" name="change_message"></field>
    </object>
    <object pk="112" model="admin.logentry">
        <field type="DateTimeField" name="action_time">2011-03-09 03:46:40</field>
        <field to="auth.user" name="user" rel="ManyToOneRel">1</field>
        <field to="contenttypes.contenttype" name="content_type" rel="ManyToOneRel">3</field>
        <field type="TextField" name="object_id">5</field>
        <field type="CharField" name="object_repr">aku</field>
        <field type="PositiveSmallIntegerField" name="action_flag">3</field>
        <field type="TextField" name="change_message"></field>
    </object>
    <object pk="111" model="admin.logentry">
        <field type="DateTimeField" name="action_time">2011-03-08 02:52:55</field>
        <field to="auth.user" name="user" rel="ManyToOneRel">1</field>
        <field to="contenttypes.contenttype" name="content_type" rel="ManyToOneRel">15</field>
        <field type="TextField" name="object_id">2</field>
        <field type="CharField" name="object_repr">2011-03-08 10:52:49 (Markku Laine)</field>
        <field type="PositiveSmallIntegerField" name="action_flag">1</field>
        <field type="TextField" name="change_message"></field>
    </object>
    <object pk="110" model="admin.logentry">
        <field type="DateTimeField" name="action_time">2011-03-08 02:50:35</field>
        <field to="auth.user" name="user" rel="ManyToOneRel">1</field>
        <field to="contenttypes.contenttype" name="content_type" rel="ManyToOneRel">15</field>
        <field type="TextField" name="object_id">1</field>
        <field type="CharField" name="object_repr">1</field>
        <field type="PositiveSmallIntegerField" name="action_flag">1</field>
        <field type="TextField" name="change_message"></field>
    </object>
    <object pk="109" model="admin.logentry">
        <field type="DateTimeField" name="action_time">2011-03-08 02:38:32</field>
        <field to="auth.user" name="user" rel="ManyToOneRel">1</field>
        <field to="contenttypes.contenttype" name="content_type" rel="ManyToOneRel">25</field>
        <field type="TextField" name="object_id">2</field>
        <field type="CharField" name="object_repr">Express, 20.00 €</field>
        <field type="PositiveSmallIntegerField" name="action_flag">1</field>
        <field type="TextField" name="change_message"></field>
    </object>
    <object pk="108" model="admin.logentry">
        <field type="DateTimeField" name="action_time">2011-03-08 02:38:22</field>
        <field to="auth.user" name="user" rel="ManyToOneRel">1</field>
        <field to="contenttypes.contenttype" name="content_type" rel="ManyToOneRel">25</field>
        <field type="TextField" name="object_id">1</field>
        <field type="CharField" name="object_repr">Standard, 10.00 €</field>
        <field type="PositiveSmallIntegerField" name="action_flag">1</field>
        <field type="TextField" name="change_message"></field>
    </object>
    <object pk="107" model="admin.logentry">
        <field type="DateTimeField" name="action_time">2011-03-07 12:02:46</field>
        <field to="auth.user" name="user" rel="ManyToOneRel">1</field>
        <field to="contenttypes.contenttype" name="content_type" rel="ManyToOneRel">19</field>
        <field type="TextField" name="object_id">11</field>
        <field type="CharField" name="object_repr">Special Series</field>
        <field type="PositiveSmallIntegerField" name="action_flag">2</field>
        <field type="TextField" name="change_message">Changed imageThumb.</field>
    </object>
    <object pk="106" model="admin.logentry">
        <field type="DateTimeField" name="action_time">2011-03-07 11:59:44</field>
        <field to="auth.user" name="user" rel="ManyToOneRel">1</field>
        <field to="contenttypes.contenttype" name="content_type" rel="ManyToOneRel">19</field>
        <field type="TextField" name="object_id">11</field>
        <field type="CharField" name="object_repr">Special Series</field>
        <field type="PositiveSmallIntegerField" name="action_flag">2</field>
        <field type="TextField" name="change_message">Changed imageThumb.</field>
    </object>
    <object pk="105" model="admin.logentry">
        <field type="DateTimeField" name="action_time">2011-03-06 15:11:59</field>
        <field to="auth.user" name="user" rel="ManyToOneRel">1</field>
        <field to="contenttypes.contenttype" name="content_type" rel="ManyToOneRel">3</field>
        <field type="TextField" name="object_id">7</field>
        <field type="CharField" name="object_repr">test6</field>
        <field type="PositiveSmallIntegerField" name="action_flag">3</field>
        <field type="TextField" name="change_message"></field>
    </object>
    <object pk="104" model="admin.logentry">
        <field type="DateTimeField" name="action_time">2011-03-06 15:11:59</field>
        <field to="auth.user" name="user" rel="ManyToOneRel">1</field>
        <field to="contenttypes.contenttype" name="content_type" rel="ManyToOneRel">3</field>
        <field type="TextField" name="object_id">5</field>
        <field type="CharField" name="object_repr">jouko</field>
        <field type="PositiveSmallIntegerField" name="action_flag">3</field>
        <field type="TextField" name="change_message"></field>
    </object>
    <object pk="103" model="admin.logentry">
        <field type="DateTimeField" name="action_time">2011-03-06 15:11:59</field>
        <field to="auth.user" name="user" rel="ManyToOneRel">1</field>
        <field to="contenttypes.contenttype" name="content_type" rel="ManyToOneRel">3</field>
        <field type="TextField" name="object_id">6</field>
        <field type="CharField" name="object_repr">aku</field>
        <field type="PositiveSmallIntegerField" name="action_flag">3</field>
        <field type="TextField" name="change_message"></field>
    </object>
    <object pk="102" model="admin.logentry">
        <field type="DateTimeField" name="action_time">2011-03-03 14:27:31</field>
        <field to="auth.user" name="user" rel="ManyToOneRel">1</field>
        <field to="contenttypes.contenttype" name="content_type" rel="ManyToOneRel">23</field>
        <field type="TextField" name="object_id">4</field>
        <field type="CharField" name="object_repr">Markku Laine (markku), Konemiehentie 2, 00330 Espoo, Finland</field>
        <field type="PositiveSmallIntegerField" name="action_flag">3</field>
        <field type="TextField" name="change_message"></field>
    </object>
    <object pk="101" model="admin.logentry">
        <field type="DateTimeField" name="action_time">2011-03-03 14:15:38</field>
        <field to="auth.user" name="user" rel="ManyToOneRel">1</field>
        <field to="contenttypes.contenttype" name="content_type" rel="ManyToOneRel">23</field>
        <field type="TextField" name="object_id">1</field>
        <field type="CharField" name="object_repr">Test Test (test), Tammitie 20 B 29, 00330 Helsinki, Finland</field>
        <field type="PositiveSmallIntegerField" name="action_flag">3</field>
        <field type="TextField" name="change_message"></field>
    </object>
    <object pk="100" model="admin.logentry">
        <field type="DateTimeField" name="action_time">2011-03-03 14:15:38</field>
        <field to="auth.user" name="user" rel="ManyToOneRel">1</field>
        <field to="contenttypes.contenttype" name="content_type" rel="ManyToOneRel">23</field>
        <field type="TextField" name="object_id">2</field>
        <field type="CharField" name="object_repr">Test Test (test), Tammitie 20 B 29, 00330 Helsinkiii, Finland</field>
        <field type="PositiveSmallIntegerField" name="action_flag">3</field>
        <field type="TextField" name="change_message"></field>
    </object>
    <object pk="99" model="admin.logentry">
        <field type="DateTimeField" name="action_time">2011-03-03 14:15:38</field>
        <field to="auth.user" name="user" rel="ManyToOneRel">1</field>
        <field to="contenttypes.contenttype" name="content_type" rel="ManyToOneRel">23</field>
        <field type="TextField" name="object_id">3</field>
        <field type="CharField" name="object_repr">Test Test (test), Konemiehentie 2, 02150 Espoo, Finland</field>
        <field type="PositiveSmallIntegerField" name="action_flag">3</field>
        <field type="TextField" name="change_message"></field>
    </object>
    <object pk="98" model="admin.logentry">
        <field type="DateTimeField" name="action_time">2011-03-03 14:14:35</field>
        <field to="auth.user" name="user" rel="ManyToOneRel">1</field>
        <field to="contenttypes.contenttype" name="content_type" rel="ManyToOneRel">23</field>
        <field type="TextField" name="object_id">3</field>
        <field type="CharField" name="object_repr">Test Test (test), Konemiehentie 2, 02150 Espoo, Finland</field>
        <field type="PositiveSmallIntegerField" name="action_flag">2</field>
        <field type="TextField" name="change_message">Changed user.</field>
    </object>
    <object pk="97" model="admin.logentry">
        <field type="DateTimeField" name="action_time">2011-03-03 13:35:11</field>
        <field to="auth.user" name="user" rel="ManyToOneRel">1</field>
        <field to="contenttypes.contenttype" name="content_type" rel="ManyToOneRel">23</field>
        <field type="TextField" name="object_id">2</field>
        <field type="CharField" name="object_repr">Address object</field>
        <field type="PositiveSmallIntegerField" name="action_flag">2</field>
        <field type="TextField" name="change_message">Changed user and city.</field>
    </object>
    <object pk="96" model="admin.logentry">
        <field type="DateTimeField" name="action_time">2011-03-03 12:26:47</field>
        <field to="auth.user" name="user" rel="ManyToOneRel">1</field>
        <field to="contenttypes.contenttype" name="content_type" rel="ManyToOneRel">23</field>
        <field type="TextField" name="object_id">1</field>
        <field type="CharField" name="object_repr">Address object</field>
        <field type="PositiveSmallIntegerField" name="action_flag">2</field>
        <field type="TextField" name="change_message">Changed user.</field>
    </object>
    <object pk="95" model="admin.logentry">
        <field type="DateTimeField" name="action_time">2011-03-03 11:33:45</field>
        <field to="auth.user" name="user" rel="ManyToOneRel">1</field>
        <field to="contenttypes.contenttype" name="content_type" rel="ManyToOneRel">23</field>
        <field type="TextField" name="object_id">1</field>
        <field type="CharField" name="object_repr">Address object</field>
        <field type="PositiveSmallIntegerField" name="action_flag">2</field>
        <field type="TextField" name="change_message">Changed user.</field>
    </object>
    <object pk="94" model="admin.logentry">
        <field type="DateTimeField" name="action_time">2011-03-03 07:01:55</field>
        <field to="auth.user" name="user" rel="ManyToOneRel">1</field>
        <field to="contenttypes.contenttype" name="content_type" rel="ManyToOneRel">23</field>
        <field type="TextField" name="object_id">1</field>
        <field type="CharField" name="object_repr">Address object</field>
        <field type="PositiveSmallIntegerField" name="action_flag">2</field>
        <field type="TextField" name="change_message">Changed user.</field>
    </object>
    <object pk="93" model="admin.logentry">
        <field type="DateTimeField" name="action_time">2011-03-01 02:11:48</field>
        <field to="auth.user" name="user" rel="ManyToOneRel">1</field>
        <field to="contenttypes.contenttype" name="content_type" rel="ManyToOneRel">3</field>
        <field type="TextField" name="object_id">5</field>
        <field type="CharField" name="object_repr">teppo</field>
        <field type="PositiveSmallIntegerField" name="action_flag">3</field>
        <field type="TextField" name="change_message"></field>
    </object>
    <object pk="92" model="admin.logentry">
        <field type="DateTimeField" name="action_time">2011-02-28 15:38:37</field>
        <field to="auth.user" name="user" rel="ManyToOneRel">1</field>
        <field to="contenttypes.contenttype" name="content_type" rel="ManyToOneRel">3</field>
        <field type="TextField" name="object_id">8</field>
        <field type="CharField" name="object_repr">test5</field>
        <field type="PositiveSmallIntegerField" name="action_flag">3</field>
        <field type="TextField" name="change_message"></field>
    </object>
    <object pk="91" model="admin.logentry">
        <field type="DateTimeField" name="action_time">2011-02-28 15:38:37</field>
        <field to="auth.user" name="user" rel="ManyToOneRel">1</field>
        <field to="contenttypes.contenttype" name="content_type" rel="ManyToOneRel">3</field>
        <field type="TextField" name="object_id">7</field>
        <field type="CharField" name="object_repr">test4</field>
        <field type="PositiveSmallIntegerField" name="action_flag">3</field>
        <field type="TextField" name="change_message"></field>
    </object>
    <object pk="90" model="admin.logentry">
        <field type="DateTimeField" name="action_time">2011-02-28 15:38:37</field>
        <field to="auth.user" name="user" rel="ManyToOneRel">1</field>
        <field to="contenttypes.contenttype" name="content_type" rel="ManyToOneRel">3</field>
        <field type="TextField" name="object_id">5</field>
        <field type="CharField" name="object_repr">test2</field>
        <field type="PositiveSmallIntegerField" name="action_flag">3</field>
        <field type="TextField" name="change_message"></field>
    </object>
    <object pk="89" model="admin.logentry">
        <field type="DateTimeField" name="action_time">2011-02-28 15:38:37</field>
        <field to="auth.user" name="user" rel="ManyToOneRel">1</field>
        <field to="contenttypes.contenttype" name="content_type" rel="ManyToOneRel">3</field>
        <field type="TextField" name="object_id">6</field>
        <field type="CharField" name="object_repr">teppo</field>
        <field type="PositiveSmallIntegerField" name="action_flag">3</field>
        <field type="TextField" name="change_message"></field>
    </object>
    <object pk="88" model="admin.logentry">
        <field type="DateTimeField" name="action_time">2011-02-28 14:23:19</field>
        <field to="auth.user" name="user" rel="ManyToOneRel">1</field>
        <field to="contenttypes.contenttype" name="content_type" rel="ManyToOneRel">3</field>
        <field type="TextField" name="object_id">8</field>
        <field type="CharField" name="object_repr">test9</field>
        <field type="PositiveSmallIntegerField" name="action_flag">3</field>
        <field type="TextField" name="change_message"></field>
    </object>
    <object pk="87" model="admin.logentry">
        <field type="DateTimeField" name="action_time">2011-02-28 14:23:19</field>
        <field to="auth.user" name="user" rel="ManyToOneRel">1</field>
        <field to="contenttypes.contenttype" name="content_type" rel="ManyToOneRel">3</field>
        <field type="TextField" name="object_id">7</field>
        <field type="CharField" name="object_repr">test8</field>
        <field type="PositiveSmallIntegerField" name="action_flag">3</field>
        <field type="TextField" name="change_message"></field>
    </object>
    <object pk="86" model="admin.logentry">
        <field type="DateTimeField" name="action_time">2011-02-28 14:23:19</field>
        <field to="auth.user" name="user" rel="ManyToOneRel">1</field>
        <field to="contenttypes.contenttype" name="content_type" rel="ManyToOneRel">3</field>
        <field type="TextField" name="object_id">6</field>
        <field type="CharField" name="object_repr">test7</field>
        <field type="PositiveSmallIntegerField" name="action_flag">3</field>
        <field type="TextField" name="change_message"></field>
    </object>
    <object pk="85" model="admin.logentry">
        <field type="DateTimeField" name="action_time">2011-02-28 14:23:19</field>
        <field to="auth.user" name="user" rel="ManyToOneRel">1</field>
        <field to="contenttypes.contenttype" name="content_type" rel="ManyToOneRel">3</field>
        <field type="TextField" name="object_id">5</field>
        <field type="CharField" name="object_repr">test4</field>
        <field type="PositiveSmallIntegerField" name="action_flag">3</field>
        <field type="TextField" name="change_message"></field>
    </object>
    <object pk="84" model="admin.logentry">
        <field type="DateTimeField" name="action_time">2011-02-28 14:23:19</field>
        <field to="auth.user" name="user" rel="ManyToOneRel">1</field>
        <field to="contenttypes.contenttype" name="content_type" rel="ManyToOneRel">3</field>
        <field type="TextField" name="object_id">13</field>
        <field type="CharField" name="object_repr">test14</field>
        <field type="PositiveSmallIntegerField" name="action_flag">3</field>
        <field type="TextField" name="change_message"></field>
    </object>
    <object pk="83" model="admin.logentry">
        <field type="DateTimeField" name="action_time">2011-02-28 14:23:19</field>
        <field to="auth.user" name="user" rel="ManyToOneRel">1</field>
        <field to="contenttypes.contenttype" name="content_type" rel="ManyToOneRel">3</field>
        <field type="TextField" name="object_id">12</field>
        <field type="CharField" name="object_repr">test13</field>
        <field type="PositiveSmallIntegerField" name="action_flag">3</field>
        <field type="TextField" name="change_message"></field>
    </object>
    <object pk="82" model="admin.logentry">
        <field type="DateTimeField" name="action_time">2011-02-28 14:23:19</field>
        <field to="auth.user" name="user" rel="ManyToOneRel">1</field>
        <field to="contenttypes.contenttype" name="content_type" rel="ManyToOneRel">3</field>
        <field type="TextField" name="object_id">11</field>
        <field type="CharField" name="object_repr">test12</field>
        <field type="PositiveSmallIntegerField" name="action_flag">3</field>
        <field type="TextField" name="change_message"></field>
    </object>
    <object pk="81" model="admin.logentry">
        <field type="DateTimeField" name="action_time">2011-02-28 14:23:19</field>
        <field to="auth.user" name="user" rel="ManyToOneRel">1</field>
        <field to="contenttypes.contenttype" name="content_type" rel="ManyToOneRel">3</field>
        <field type="TextField" name="object_id">10</field>
        <field type="CharField" name="object_repr">test11</field>
        <field type="PositiveSmallIntegerField" name="action_flag">3</field>
        <field type="TextField" name="change_message"></field>
    </object>
    <object pk="80" model="admin.logentry">
        <field type="DateTimeField" name="action_time">2011-02-28 14:23:19</field>
        <field to="auth.user" name="user" rel="ManyToOneRel">1</field>
        <field to="contenttypes.contenttype" name="content_type" rel="ManyToOneRel">3</field>
        <field type="TextField" name="object_id">9</field>
        <field type="CharField" name="object_repr">test10</field>
        <field type="PositiveSmallIntegerField" name="action_flag">3</field>
        <field type="TextField" name="change_message"></field>
    </object>
    <object pk="79" model="admin.logentry">
        <field type="DateTimeField" name="action_time">2011-02-24 16:31:46</field>
        <field to="auth.user" name="user" rel="ManyToOneRel">1</field>
        <field to="contenttypes.contenttype" name="content_type" rel="ManyToOneRel">3</field>
        <field type="TextField" name="object_id">5</field>
        <field type="CharField" name="object_repr"></field>
        <field type="PositiveSmallIntegerField" name="action_flag">3</field>
        <field type="TextField" name="change_message"></field>
    </object>
    <object pk="78" model="admin.logentry">
        <field type="DateTimeField" name="action_time">2011-02-24 16:31:28</field>
        <field to="auth.user" name="user" rel="ManyToOneRel">1</field>
        <field to="contenttypes.contenttype" name="content_type" rel="ManyToOneRel">3</field>
        <field type="TextField" name="object_id">6</field>
        <field type="CharField" name="object_repr">test2</field>
        <field type="PositiveSmallIntegerField" name="action_flag">3</field>
        <field type="TextField" name="change_message"></field>
    </object>
    <object pk="77" model="admin.logentry">
        <field type="DateTimeField" name="action_time">2011-02-24 03:11:36</field>
        <field to="auth.user" name="user" rel="ManyToOneRel">1</field>
        <field to="contenttypes.contenttype" name="content_type" rel="ManyToOneRel">3</field>
        <field type="TextField" name="object_id">7</field>
        <field type="CharField" name="object_repr">noob3</field>
        <field type="PositiveSmallIntegerField" name="action_flag">3</field>
        <field type="TextField" name="change_message"></field>
    </object>
    <object pk="76" model="admin.logentry">
        <field type="DateTimeField" name="action_time">2011-02-24 03:11:36</field>
        <field to="auth.user" name="user" rel="ManyToOneRel">1</field>
        <field to="contenttypes.contenttype" name="content_type" rel="ManyToOneRel">3</field>
        <field type="TextField" name="object_id">6</field>
        <field type="CharField" name="object_repr">noob2</field>
        <field type="PositiveSmallIntegerField" name="action_flag">3</field>
        <field type="TextField" name="change_message"></field>
    </object>
    <object pk="75" model="admin.logentry">
        <field type="DateTimeField" name="action_time">2011-02-24 03:11:36</field>
        <field to="auth.user" name="user" rel="ManyToOneRel">1</field>
        <field to="contenttypes.contenttype" name="content_type" rel="ManyToOneRel">3</field>
        <field type="TextField" name="object_id">5</field>
        <field type="CharField" name="object_repr">noob</field>
        <field type="PositiveSmallIntegerField" name="action_flag">3</field>
        <field type="TextField" name="change_message"></field>
    </object>
    <object pk="74" model="admin.logentry">
        <field type="DateTimeField" name="action_time">2011-02-24 03:09:10</field>
        <field to="auth.user" name="user" rel="ManyToOneRel">1</field>
        <field to="contenttypes.contenttype" name="content_type" rel="ManyToOneRel">3</field>
        <field type="TextField" name="object_id">5</field>
        <field type="CharField" name="object_repr">noob</field>
        <field type="PositiveSmallIntegerField" name="action_flag">2</field>
        <field type="TextField" name="change_message">Changed first_name.</field>
    </object>
    <object pk="73" model="admin.logentry">
        <field type="DateTimeField" name="action_time">2011-02-23 03:04:23</field>
        <field to="auth.user" name="user" rel="ManyToOneRel">1</field>
        <field to="contenttypes.contenttype" name="content_type" rel="ManyToOneRel">3</field>
        <field type="TextField" name="object_id">4</field>
        <field type="CharField" name="object_repr">test</field>
        <field type="PositiveSmallIntegerField" name="action_flag">2</field>
        <field type="TextField" name="change_message">Changed is_active.</field>
    </object>
    <object pk="72" model="admin.logentry">
        <field type="DateTimeField" name="action_time">2011-02-23 03:03:51</field>
        <field to="auth.user" name="user" rel="ManyToOneRel">1</field>
        <field to="contenttypes.contenttype" name="content_type" rel="ManyToOneRel">3</field>
        <field type="TextField" name="object_id">4</field>
        <field type="CharField" name="object_repr">test</field>
        <field type="PositiveSmallIntegerField" name="action_flag">2</field>
        <field type="TextField" name="change_message">Changed is_active.</field>
    </object>
    <object pk="71" model="admin.logentry">
        <field type="DateTimeField" name="action_time">2011-02-23 03:02:53</field>
        <field to="auth.user" name="user" rel="ManyToOneRel">1</field>
        <field to="contenttypes.contenttype" name="content_type" rel="ManyToOneRel">3</field>
        <field type="TextField" name="object_id">4</field>
        <field type="CharField" name="object_repr">test</field>
        <field type="PositiveSmallIntegerField" name="action_flag">2</field>
        <field type="TextField" name="change_message">Changed is_active.</field>
    </object>
    <object pk="70" model="admin.logentry">
        <field type="DateTimeField" name="action_time">2011-02-23 02:26:47</field>
        <field to="auth.user" name="user" rel="ManyToOneRel">1</field>
        <field to="contenttypes.contenttype" name="content_type" rel="ManyToOneRel">3</field>
        <field type="TextField" name="object_id">4</field>
        <field type="CharField" name="object_repr">test</field>
        <field type="PositiveSmallIntegerField" name="action_flag">2</field>
        <field type="TextField" name="change_message">Changed first_name, last_name and email.</field>
    </object>
    <object pk="69" model="admin.logentry">
        <field type="DateTimeField" name="action_time">2011-02-23 02:26:26</field>
        <field to="auth.user" name="user" rel="ManyToOneRel">1</field>
        <field to="contenttypes.contenttype" name="content_type" rel="ManyToOneRel">3</field>
        <field type="TextField" name="object_id">4</field>
        <field type="CharField" name="object_repr">test</field>
        <field type="PositiveSmallIntegerField" name="action_flag">1</field>
        <field type="TextField" name="change_message"></field>
    </object>
    <object pk="68" model="admin.logentry">
        <field type="DateTimeField" name="action_time">2011-02-22 07:35:34</field>
        <field to="auth.user" name="user" rel="ManyToOneRel">2</field>
        <field to="contenttypes.contenttype" name="content_type" rel="ManyToOneRel">13</field>
        <field type="TextField" name="object_id">6</field>
        <field type="CharField" name="object_repr">Comment object</field>
        <field type="PositiveSmallIntegerField" name="action_flag">1</field>
        <field type="TextField" name="change_message"></field>
    </object>
    <object pk="67" model="admin.logentry">
        <field type="DateTimeField" name="action_time">2011-02-22 07:35:16</field>
        <field to="auth.user" name="user" rel="ManyToOneRel">2</field>
        <field to="contenttypes.contenttype" name="content_type" rel="ManyToOneRel">13</field>
        <field type="TextField" name="object_id">5</field>
        <field type="CharField" name="object_repr">Comment object</field>
        <field type="PositiveSmallIntegerField" name="action_flag">1</field>
        <field type="TextField" name="change_message"></field>
    </object>
    <object pk="66" model="admin.logentry">
        <field type="DateTimeField" name="action_time">2011-02-22 07:34:59</field>
        <field to="auth.user" name="user" rel="ManyToOneRel">2</field>
        <field to="contenttypes.contenttype" name="content_type" rel="ManyToOneRel">13</field>
        <field type="TextField" name="object_id">4</field>
        <field type="CharField" name="object_repr">Comment object</field>
        <field type="PositiveSmallIntegerField" name="action_flag">1</field>
        <field type="TextField" name="change_message"></field>
    </object>
    <object pk="65" model="admin.logentry">
        <field type="DateTimeField" name="action_time">2011-02-22 07:34:37</field>
        <field to="auth.user" name="user" rel="ManyToOneRel">2</field>
        <field to="contenttypes.contenttype" name="content_type" rel="ManyToOneRel">13</field>
        <field type="TextField" name="object_id">3</field>
        <field type="CharField" name="object_repr">Comment object</field>
        <field type="PositiveSmallIntegerField" name="action_flag">1</field>
        <field type="TextField" name="change_message"></field>
    </object>
    <object pk="64" model="admin.logentry">
        <field type="DateTimeField" name="action_time">2011-02-22 07:34:21</field>
        <field to="auth.user" name="user" rel="ManyToOneRel">2</field>
        <field to="contenttypes.contenttype" name="content_type" rel="ManyToOneRel">13</field>
        <field type="TextField" name="object_id">2</field>
        <field type="CharField" name="object_repr">Comment object</field>
        <field type="PositiveSmallIntegerField" name="action_flag">1</field>
        <field type="TextField" name="change_message"></field>
    </object>
    <object pk="63" model="admin.logentry">
        <field type="DateTimeField" name="action_time">2011-02-22 07:33:51</field>
        <field to="auth.user" name="user" rel="ManyToOneRel">2</field>
        <field to="contenttypes.contenttype" name="content_type" rel="ManyToOneRel">13</field>
        <field type="TextField" name="object_id">1</field>
        <field type="CharField" name="object_repr">Comment object</field>
        <field type="PositiveSmallIntegerField" name="action_flag">1</field>
        <field type="TextField" name="change_message"></field>
    </object>
    <object pk="62" model="admin.logentry">
        <field type="DateTimeField" name="action_time">2011-02-22 01:18:35</field>
        <field to="auth.user" name="user" rel="ManyToOneRel">2</field>
        <field to="contenttypes.contenttype" name="content_type" rel="ManyToOneRel">14</field>
        <field type="TextField" name="object_id">3</field>
        <field type="CharField" name="object_repr">Rating object</field>
        <field type="PositiveSmallIntegerField" name="action_flag">1</field>
        <field type="TextField" name="change_message"></field>
    </object>
    <object pk="61" model="admin.logentry">
        <field type="DateTimeField" name="action_time">2011-02-22 01:18:04</field>
        <field to="auth.user" name="user" rel="ManyToOneRel">2</field>
        <field to="contenttypes.contenttype" name="content_type" rel="ManyToOneRel">14</field>
        <field type="TextField" name="object_id">2</field>
        <field type="CharField" name="object_repr">Rating object</field>
        <field type="PositiveSmallIntegerField" name="action_flag">1</field>
        <field type="TextField" name="change_message"></field>
    </object>
    <object pk="60" model="admin.logentry">
        <field type="DateTimeField" name="action_time">2011-02-22 01:10:41</field>
        <field to="auth.user" name="user" rel="ManyToOneRel">2</field>
        <field to="contenttypes.contenttype" name="content_type" rel="ManyToOneRel">14</field>
        <field type="TextField" name="object_id">1</field>
        <field type="CharField" name="object_repr">Rating object</field>
        <field type="PositiveSmallIntegerField" name="action_flag">1</field>
        <field type="TextField" name="change_message"></field>
    </object>
    <object pk="59" model="admin.logentry">
        <field type="DateTimeField" name="action_time">2011-02-21 05:05:36</field>
        <field to="auth.user" name="user" rel="ManyToOneRel">1</field>
        <field to="contenttypes.contenttype" name="content_type" rel="ManyToOneRel">23</field>
        <field type="TextField" name="object_id">1</field>
        <field type="CharField" name="object_repr">Address object</field>
        <field type="PositiveSmallIntegerField" name="action_flag">1</field>
        <field type="TextField" name="change_message"></field>
    </object>
    <object pk="58" model="admin.logentry">
        <field type="DateTimeField" name="action_time">2011-02-21 05:00:59</field>
        <field to="auth.user" name="user" rel="ManyToOneRel">1</field>
        <field to="contenttypes.contenttype" name="content_type" rel="ManyToOneRel">20</field>
        <field type="TextField" name="object_id">1</field>
        <field type="CharField" name="object_repr">Ball (Silver Series), 30.00 €</field>
        <field type="PositiveSmallIntegerField" name="action_flag">1</field>
        <field type="TextField" name="change_message"></field>
    </object>
    <object pk="57" model="admin.logentry">
        <field type="DateTimeField" name="action_time">2011-02-21 02:32:36</field>
        <field to="auth.user" name="user" rel="ManyToOneRel">1</field>
        <field to="contenttypes.contenttype" name="content_type" rel="ManyToOneRel">19</field>
        <field type="TextField" name="object_id">12</field>
        <field type="CharField" name="object_repr">2010 Series</field>
        <field type="PositiveSmallIntegerField" name="action_flag">1</field>
        <field type="TextField" name="change_message"></field>
    </object>
    <object pk="56" model="admin.logentry">
        <field type="DateTimeField" name="action_time">2011-02-21 02:32:25</field>
        <field to="auth.user" name="user" rel="ManyToOneRel">1</field>
        <field to="contenttypes.contenttype" name="content_type" rel="ManyToOneRel">19</field>
        <field type="TextField" name="object_id">11</field>
        <field type="CharField" name="object_repr">Special Series</field>
        <field type="PositiveSmallIntegerField" name="action_flag">1</field>
        <field type="TextField" name="change_message"></field>
    </object>
    <object pk="55" model="admin.logentry">
        <field type="DateTimeField" name="action_time">2011-02-21 02:32:10</field>
        <field to="auth.user" name="user" rel="ManyToOneRel">1</field>
        <field to="contenttypes.contenttype" name="content_type" rel="ManyToOneRel">19</field>
        <field type="TextField" name="object_id">10</field>
        <field type="CharField" name="object_repr">Crystal Screen Series</field>
        <field type="PositiveSmallIntegerField" name="action_flag">1</field>
        <field type="TextField" name="change_message"></field>
    </object>
    <object pk="54" model="admin.logentry">
        <field type="DateTimeField" name="action_time">2011-02-21 02:31:56</field>
        <field to="auth.user" name="user" rel="ManyToOneRel">1</field>
        <field to="contenttypes.contenttype" name="content_type" rel="ManyToOneRel">19</field>
        <field type="TextField" name="object_id">9</field>
        <field type="CharField" name="object_repr">Micro vs. System Series</field>
        <field type="PositiveSmallIntegerField" name="action_flag">1</field>
        <field type="TextField" name="change_message"></field>
    </object>
    <object pk="53" model="admin.logentry">
        <field type="DateTimeField" name="action_time">2011-02-21 02:31:37</field>
        <field to="auth.user" name="user" rel="ManyToOneRel">1</field>
        <field to="contenttypes.contenttype" name="content_type" rel="ManyToOneRel">19</field>
        <field type="TextField" name="object_id">8</field>
        <field type="CharField" name="object_repr">Super Color Series</field>
        <field type="PositiveSmallIntegerField" name="action_flag">1</field>
        <field type="TextField" name="change_message"></field>
    </object>
    <object pk="52" model="admin.logentry">
        <field type="DateTimeField" name="action_time">2011-02-21 02:31:24</field>
        <field to="auth.user" name="user" rel="ManyToOneRel">1</field>
        <field to="contenttypes.contenttype" name="content_type" rel="ManyToOneRel">19</field>
        <field type="TextField" name="object_id">7</field>
        <field type="CharField" name="object_repr">New Wide Screen Series</field>
        <field type="PositiveSmallIntegerField" name="action_flag">1</field>
        <field type="TextField" name="change_message"></field>
    </object>
    <object pk="51" model="admin.logentry">
        <field type="DateTimeField" name="action_time">2011-02-21 02:31:06</field>
        <field to="auth.user" name="user" rel="ManyToOneRel">1</field>
        <field to="contenttypes.contenttype" name="content_type" rel="ManyToOneRel">19</field>
        <field type="TextField" name="object_id">6</field>
        <field type="CharField" name="object_repr">Panorama Screen Series</field>
        <field type="PositiveSmallIntegerField" name="action_flag">1</field>
        <field type="TextField" name="change_message"></field>
    </object>
    <object pk="50" model="admin.logentry">
        <field type="DateTimeField" name="action_time">2011-02-21 02:30:46</field>
        <field to="auth.user" name="user" rel="ManyToOneRel">1</field>
        <field to="contenttypes.contenttype" name="content_type" rel="ManyToOneRel">19</field>
        <field type="TextField" name="object_id">5</field>
        <field type="CharField" name="object_repr">Table Top Series</field>
        <field type="PositiveSmallIntegerField" name="action_flag">1</field>
        <field type="TextField" name="change_message"></field>
    </object>
    <object pk="49" model="admin.logentry">
        <field type="DateTimeField" name="action_time">2011-02-21 02:30:25</field>
        <field to="auth.user" name="user" rel="ManyToOneRel">1</field>
        <field to="contenttypes.contenttype" name="content_type" rel="ManyToOneRel">19</field>
        <field type="TextField" name="object_id">4</field>
        <field type="CharField" name="object_repr">Multi Screen Series</field>
        <field type="PositiveSmallIntegerField" name="action_flag">1</field>
        <field type="TextField" name="change_message"></field>
    </object>
    <object pk="48" model="admin.logentry">
        <field type="DateTimeField" name="action_time">2011-02-21 02:29:54</field>
        <field to="auth.user" name="user" rel="ManyToOneRel">1</field>
        <field to="contenttypes.contenttype" name="content_type" rel="ManyToOneRel">19</field>
        <field type="TextField" name="object_id">3</field>
        <field type="CharField" name="object_repr">Wide Screen Series</field>
        <field type="PositiveSmallIntegerField" name="action_flag">1</field>
        <field type="TextField" name="change_message"></field>
    </object>
    <object pk="47" model="admin.logentry">
        <field type="DateTimeField" name="action_time">2011-02-21 02:29:34</field>
        <field to="auth.user" name="user" rel="ManyToOneRel">1</field>
        <field to="contenttypes.contenttype" name="content_type" rel="ManyToOneRel">19</field>
        <field type="TextField" name="object_id">2</field>
        <field type="CharField" name="object_repr">Gold Series</field>
        <field type="PositiveSmallIntegerField" name="action_flag">1</field>
        <field type="TextField" name="change_message"></field>
    </object>
    <object pk="46" model="admin.logentry">
        <field type="DateTimeField" name="action_time">2011-02-21 02:29:16</field>
        <field to="auth.user" name="user" rel="ManyToOneRel">1</field>
        <field to="contenttypes.contenttype" name="content_type" rel="ManyToOneRel">19</field>
        <field type="TextField" name="object_id">1</field>
        <field type="CharField" name="object_repr">Silver Series</field>
        <field type="PositiveSmallIntegerField" name="action_flag">1</field>
        <field type="TextField" name="change_message"></field>
    </object>
    <object pk="45" model="admin.logentry">
        <field type="DateTimeField" name="action_time">2011-02-21 02:11:18</field>
        <field to="auth.user" name="user" rel="ManyToOneRel">1</field>
        <field to="contenttypes.contenttype" name="content_type" rel="ManyToOneRel">19</field>
        <field type="TextField" name="object_id">1</field>
        <field type="CharField" name="object_repr">Silver Series</field>
        <field type="PositiveSmallIntegerField" name="action_flag">1</field>
        <field type="TextField" name="change_message"></field>
    </object>
    <object pk="44" model="admin.logentry">
        <field type="DateTimeField" name="action_time">2011-02-21 02:03:16</field>
        <field to="auth.user" name="user" rel="ManyToOneRel">1</field>
        <field to="contenttypes.contenttype" name="content_type" rel="ManyToOneRel">11</field>
        <field type="TextField" name="object_id">3</field>
        <field type="CharField" name="object_repr">Judge (green) (Silver Series)</field>
        <field type="PositiveSmallIntegerField" name="action_flag">1</field>
        <field type="TextField" name="change_message"></field>
    </object>
    <object pk="43" model="admin.logentry">
        <field type="DateTimeField" name="action_time">2011-02-19 14:33:09</field>
        <field to="auth.user" name="user" rel="ManyToOneRel">1</field>
        <field to="contenttypes.contenttype" name="content_type" rel="ManyToOneRel">21</field>
        <field type="TextField" name="object_id">2</field>
        <field type="CharField" name="object_repr">Manhole (Gold Series): 3 views</field>
        <field type="PositiveSmallIntegerField" name="action_flag">1</field>
        <field type="TextField" name="change_message"></field>
    </object>
    <object pk="42" model="admin.logentry">
        <field type="DateTimeField" name="action_time">2011-02-19 14:32:49</field>
        <field to="auth.user" name="user" rel="ManyToOneRel">1</field>
        <field to="contenttypes.contenttype" name="content_type" rel="ManyToOneRel">21</field>
        <field type="TextField" name="object_id">1</field>
        <field type="CharField" name="object_repr">Ball (Silver Series): 11 views</field>
        <field type="PositiveSmallIntegerField" name="action_flag">1</field>
        <field type="TextField" name="change_message"></field>
    </object>
    <object pk="41" model="admin.logentry">
        <field type="DateTimeField" name="action_time">2011-02-19 14:32:24</field>
        <field to="auth.user" name="user" rel="ManyToOneRel">1</field>
        <field to="contenttypes.contenttype" name="content_type" rel="ManyToOneRel">11</field>
        <field type="TextField" name="object_id">2</field>
        <field type="CharField" name="object_repr">Manhole (Gold Series)</field>
        <field type="PositiveSmallIntegerField" name="action_flag">1</field>
        <field type="TextField" name="change_message"></field>
    </object>
    <object pk="40" model="admin.logentry">
        <field type="DateTimeField" name="action_time">2011-02-19 14:31:00</field>
        <field to="auth.user" name="user" rel="ManyToOneRel">1</field>
        <field to="contenttypes.contenttype" name="content_type" rel="ManyToOneRel">11</field>
        <field type="TextField" name="object_id">1</field>
        <field type="CharField" name="object_repr">Ball (Silver Series)</field>
        <field type="PositiveSmallIntegerField" name="action_flag">1</field>
        <field type="TextField" name="change_message"></field>
    </object>
    <object pk="39" model="admin.logentry">
        <field type="DateTimeField" name="action_time">2011-02-19 09:26:36</field>
        <field to="auth.user" name="user" rel="ManyToOneRel">1</field>
        <field to="contenttypes.contenttype" name="content_type" rel="ManyToOneRel">20</field>
        <field type="TextField" name="object_id">2</field>
        <field type="CharField" name="object_repr">Ball (2010 Series), 30.00 €</field>
        <field type="PositiveSmallIntegerField" name="action_flag">1</field>
        <field type="TextField" name="change_message"></field>
    </object>
    <object pk="38" model="admin.logentry">
        <field type="DateTimeField" name="action_time">2011-02-19 09:26:11</field>
        <field to="auth.user" name="user" rel="ManyToOneRel">1</field>
        <field to="contenttypes.contenttype" name="content_type" rel="ManyToOneRel">11</field>
        <field type="TextField" name="object_id">1</field>
        <field type="CharField" name="object_repr">Ball (Silver Series)</field>
        <field type="PositiveSmallIntegerField" name="action_flag">2</field>
        <field type="TextField" name="change_message">Changed description.</field>
    </object>
    <object pk="37" model="admin.logentry">
        <field type="DateTimeField" name="action_time">2011-02-19 09:25:34</field>
        <field to="auth.user" name="user" rel="ManyToOneRel">1</field>
        <field to="contenttypes.contenttype" name="content_type" rel="ManyToOneRel">11</field>
        <field type="TextField" name="object_id">2</field>
        <field type="CharField" name="object_repr">Ball (2010 Series)</field>
        <field type="PositiveSmallIntegerField" name="action_flag">1</field>
        <field type="TextField" name="change_message"></field>
    </object>
    <object pk="36" model="admin.logentry">
        <field type="DateTimeField" name="action_time">2011-02-19 09:22:48</field>
        <field to="auth.user" name="user" rel="ManyToOneRel">1</field>
        <field to="contenttypes.contenttype" name="content_type" rel="ManyToOneRel">20</field>
        <field type="TextField" name="object_id">1</field>
        <field type="CharField" name="object_repr">Ball (Silver Series), 60.00 €</field>
        <field type="PositiveSmallIntegerField" name="action_flag">2</field>
        <field type="TextField" name="change_message">Changed price.</field>
    </object>
    <object pk="35" model="admin.logentry">
        <field type="DateTimeField" name="action_time">2011-02-19 09:20:48</field>
        <field to="auth.user" name="user" rel="ManyToOneRel">1</field>
        <field to="contenttypes.contenttype" name="content_type" rel="ManyToOneRel">20</field>
        <field type="TextField" name="object_id">1</field>
        <field type="CharField" name="object_repr">Ball (Silver Series), 400 €</field>
        <field type="PositiveSmallIntegerField" name="action_flag">2</field>
        <field type="TextField" name="change_message">Changed price.</field>
    </object>
    <object pk="34" model="admin.logentry">
        <field type="DateTimeField" name="action_time">2011-02-19 09:20:38</field>
        <field to="auth.user" name="user" rel="ManyToOneRel">1</field>
        <field to="contenttypes.contenttype" name="content_type" rel="ManyToOneRel">20</field>
        <field type="TextField" name="object_id">1</field>
        <field type="CharField" name="object_repr">Ball (Silver Series), 400 €</field>
        <field type="PositiveSmallIntegerField" name="action_flag">2</field>
        <field type="TextField" name="change_message">Changed price.</field>
    </object>
    <object pk="33" model="admin.logentry">
        <field type="DateTimeField" name="action_time">2011-02-19 09:19:19</field>
        <field to="auth.user" name="user" rel="ManyToOneRel">1</field>
        <field to="contenttypes.contenttype" name="content_type" rel="ManyToOneRel">20</field>
        <field type="TextField" name="object_id">1</field>
        <field type="CharField" name="object_repr">Ball (Silver Series), 400 \u20AC</field>
        <field type="PositiveSmallIntegerField" name="action_flag">1</field>
        <field type="TextField" name="change_message"></field>
    </object>
    <object pk="32" model="admin.logentry">
        <field type="DateTimeField" name="action_time">2011-02-19 08:57:09</field>
        <field to="auth.user" name="user" rel="ManyToOneRel">1</field>
        <field to="contenttypes.contenttype" name="content_type" rel="ManyToOneRel">11</field>
        <field type="TextField" name="object_id">1</field>
        <field type="CharField" name="object_repr">Ball (Silver Series)</field>
        <field type="PositiveSmallIntegerField" name="action_flag">1</field>
        <field type="TextField" name="change_message"></field>
    </object>
    <object pk="31" model="admin.logentry">
        <field type="DateTimeField" name="action_time">2011-02-19 08:39:44</field>
        <field to="auth.user" name="user" rel="ManyToOneRel">1</field>
        <field to="contenttypes.contenttype" name="content_type" rel="ManyToOneRel">11</field>
        <field type="TextField" name="object_id">2</field>
        <field type="CharField" name="object_repr">Flagman (Silver Series)</field>
        <field type="PositiveSmallIntegerField" name="action_flag">2</field>
        <field type="TextField" name="change_message">Changed description and image.</field>
    </object>
    <object pk="30" model="admin.logentry">
        <field type="DateTimeField" name="action_time">2011-02-19 08:26:43</field>
        <field to="auth.user" name="user" rel="ManyToOneRel">1</field>
        <field to="contenttypes.contenttype" name="content_type" rel="ManyToOneRel">11</field>
        <field type="TextField" name="object_id">1</field>
        <field type="CharField" name="object_repr">Ball (Silver)</field>
        <field type="PositiveSmallIntegerField" name="action_flag">2</field>
        <field type="TextField" name="change_message">Changed image.</field>
    </object>
    <object pk="29" model="admin.logentry">
        <field type="DateTimeField" name="action_time">2011-02-19 07:57:08</field>
        <field to="auth.user" name="user" rel="ManyToOneRel">1</field>
        <field to="contenttypes.contenttype" name="content_type" rel="ManyToOneRel">11</field>
        <field type="TextField" name="object_id">1</field>
        <field type="CharField" name="object_repr">Ball (Silver)</field>
        <field type="PositiveSmallIntegerField" name="action_flag">1</field>
        <field type="TextField" name="change_message"></field>
    </object>
    <object pk="28" model="admin.logentry">
        <field type="DateTimeField" name="action_time">2011-02-19 05:37:56</field>
        <field to="auth.user" name="user" rel="ManyToOneRel">1</field>
        <field to="contenttypes.contenttype" name="content_type" rel="ManyToOneRel">11</field>
        <field type="TextField" name="object_id">2</field>
        <field type="CharField" name="object_repr">Ball (2010)</field>
        <field type="PositiveSmallIntegerField" name="action_flag">1</field>
        <field type="TextField" name="change_message"></field>
    </object>
    <object pk="27" model="admin.logentry">
        <field type="DateTimeField" name="action_time">2011-02-19 05:36:38</field>
        <field to="auth.user" name="user" rel="ManyToOneRel">1</field>
        <field to="contenttypes.contenttype" name="content_type" rel="ManyToOneRel">11</field>
        <field type="TextField" name="object_id">1</field>
        <field type="CharField" name="object_repr">Ball (Silver)</field>
        <field type="PositiveSmallIntegerField" name="action_flag">1</field>
        <field type="TextField" name="change_message"></field>
    </object>
    <object pk="26" model="admin.logentry">
        <field type="DateTimeField" name="action_time">2011-02-19 05:05:58</field>
        <field to="auth.user" name="user" rel="ManyToOneRel">1</field>
        <field to="contenttypes.contenttype" name="content_type" rel="ManyToOneRel">11</field>
        <field type="TextField" name="object_id">2</field>
        <field type="CharField" name="object_repr">Flagman</field>
        <field type="PositiveSmallIntegerField" name="action_flag">1</field>
        <field type="TextField" name="change_message"></field>
    </object>
    <object pk="25" model="admin.logentry">
        <field type="DateTimeField" name="action_time">2011-02-19 05:05:33</field>
        <field to="auth.user" name="user" rel="ManyToOneRel">1</field>
        <field to="contenttypes.contenttype" name="content_type" rel="ManyToOneRel">11</field>
        <field type="TextField" name="object_id">1</field>
        <field type="CharField" name="object_repr">Ball</field>
        <field type="PositiveSmallIntegerField" name="action_flag">1</field>
        <field type="TextField" name="change_message"></field>
    </object>
    <object pk="24" model="admin.logentry">
        <field type="DateTimeField" name="action_time">2011-02-19 04:23:00</field>
        <field to="auth.user" name="user" rel="ManyToOneRel">1</field>
        <field to="contenttypes.contenttype" name="content_type" rel="ManyToOneRel">19</field>
        <field type="TextField" name="object_id">12</field>
        <field type="CharField" name="object_repr">2010</field>
        <field type="PositiveSmallIntegerField" name="action_flag">1</field>
        <field type="TextField" name="change_message"></field>
    </object>
    <object pk="23" model="admin.logentry">
        <field type="DateTimeField" name="action_time">2011-02-19 04:22:56</field>
        <field to="auth.user" name="user" rel="ManyToOneRel">1</field>
        <field to="contenttypes.contenttype" name="content_type" rel="ManyToOneRel">19</field>
        <field type="TextField" name="object_id">11</field>
        <field type="CharField" name="object_repr">Special</field>
        <field type="PositiveSmallIntegerField" name="action_flag">1</field>
        <field type="TextField" name="change_message"></field>
    </object>
    <object pk="22" model="admin.logentry">
        <field type="DateTimeField" name="action_time">2011-02-19 04:22:53</field>
        <field to="auth.user" name="user" rel="ManyToOneRel">1</field>
        <field to="contenttypes.contenttype" name="content_type" rel="ManyToOneRel">19</field>
        <field type="TextField" name="object_id">10</field>
        <field type="CharField" name="object_repr">Crystal Screen</field>
        <field type="PositiveSmallIntegerField" name="action_flag">1</field>
        <field type="TextField" name="change_message"></field>
    </object>
    <object pk="21" model="admin.logentry">
        <field type="DateTimeField" name="action_time">2011-02-19 04:22:44</field>
        <field to="auth.user" name="user" rel="ManyToOneRel">1</field>
        <field to="contenttypes.contenttype" name="content_type" rel="ManyToOneRel">19</field>
        <field type="TextField" name="object_id">9</field>
        <field type="CharField" name="object_repr">Micro vs. System</field>
        <field type="PositiveSmallIntegerField" name="action_flag">1</field>
        <field type="TextField" name="change_message"></field>
    </object>
    <object pk="20" model="admin.logentry">
        <field type="DateTimeField" name="action_time">2011-02-19 04:22:36</field>
        <field to="auth.user" name="user" rel="ManyToOneRel">1</field>
        <field to="contenttypes.contenttype" name="content_type" rel="ManyToOneRel">19</field>
        <field type="TextField" name="object_id">8</field>
        <field type="CharField" name="object_repr">Super Color</field>
        <field type="PositiveSmallIntegerField" name="action_flag">1</field>
        <field type="TextField" name="change_message"></field>
    </object>
    <object pk="19" model="admin.logentry">
        <field type="DateTimeField" name="action_time">2011-02-19 04:22:29</field>
        <field to="auth.user" name="user" rel="ManyToOneRel">1</field>
        <field to="contenttypes.contenttype" name="content_type" rel="ManyToOneRel">19</field>
        <field type="TextField" name="object_id">7</field>
        <field type="CharField" name="object_repr">New Wide Screen</field>
        <field type="PositiveSmallIntegerField" name="action_flag">1</field>
        <field type="TextField" name="change_message"></field>
    </object>
    <object pk="18" model="admin.logentry">
        <field type="DateTimeField" name="action_time">2011-02-19 04:22:22</field>
        <field to="auth.user" name="user" rel="ManyToOneRel">1</field>
        <field to="contenttypes.contenttype" name="content_type" rel="ManyToOneRel">19</field>
        <field type="TextField" name="object_id">6</field>
        <field type="CharField" name="object_repr">Panorama Screen</field>
        <field type="PositiveSmallIntegerField" name="action_flag">1</field>
        <field type="TextField" name="change_message"></field>
    </object>
    <object pk="17" model="admin.logentry">
        <field type="DateTimeField" name="action_time">2011-02-19 04:22:14</field>
        <field to="auth.user" name="user" rel="ManyToOneRel">1</field>
        <field to="contenttypes.contenttype" name="content_type" rel="ManyToOneRel">19</field>
        <field type="TextField" name="object_id">5</field>
        <field type="CharField" name="object_repr">Table Top</field>
        <field type="PositiveSmallIntegerField" name="action_flag">1</field>
        <field type="TextField" name="change_message"></field>
    </object>
    <object pk="16" model="admin.logentry">
        <field type="DateTimeField" name="action_time">2011-02-19 04:22:06</field>
        <field to="auth.user" name="user" rel="ManyToOneRel">1</field>
        <field to="contenttypes.contenttype" name="content_type" rel="ManyToOneRel">19</field>
        <field type="TextField" name="object_id">4</field>
        <field type="CharField" name="object_repr">Multi Screen</field>
        <field type="PositiveSmallIntegerField" name="action_flag">1</field>
        <field type="TextField" name="change_message"></field>
    </object>
    <object pk="15" model="admin.logentry">
        <field type="DateTimeField" name="action_time">2011-02-19 04:21:59</field>
        <field to="auth.user" name="user" rel="ManyToOneRel">1</field>
        <field to="contenttypes.contenttype" name="content_type" rel="ManyToOneRel">19</field>
        <field type="TextField" name="object_id">3</field>
        <field type="CharField" name="object_repr">Wide Screen</field>
        <field type="PositiveSmallIntegerField" name="action_flag">1</field>
        <field type="TextField" name="change_message"></field>
    </object>
    <object pk="14" model="admin.logentry">
        <field type="DateTimeField" name="action_time">2011-02-19 04:18:30</field>
        <field to="auth.user" name="user" rel="ManyToOneRel">1</field>
        <field to="contenttypes.contenttype" name="content_type" rel="ManyToOneRel">19</field>
        <field type="TextField" name="object_id">2</field>
        <field type="CharField" name="object_repr">Type object</field>
        <field type="PositiveSmallIntegerField" name="action_flag">1</field>
        <field type="TextField" name="change_message"></field>
    </object>
    <object pk="13" model="admin.logentry">
        <field type="DateTimeField" name="action_time">2011-02-19 04:18:24</field>
        <field to="auth.user" name="user" rel="ManyToOneRel">1</field>
        <field to="contenttypes.contenttype" name="content_type" rel="ManyToOneRel">19</field>
        <field type="TextField" name="object_id">1</field>
        <field type="CharField" name="object_repr">Type object</field>
        <field type="PositiveSmallIntegerField" name="action_flag">2</field>
        <field type="TextField" name="change_message">No fields changed.</field>
    </object>
    <object pk="12" model="admin.logentry">
        <field type="DateTimeField" name="action_time">2011-02-19 04:18:19</field>
        <field to="auth.user" name="user" rel="ManyToOneRel">1</field>
        <field to="contenttypes.contenttype" name="content_type" rel="ManyToOneRel">19</field>
        <field type="TextField" name="object_id">1</field>
        <field type="CharField" name="object_repr">Type object</field>
        <field type="PositiveSmallIntegerField" name="action_flag">1</field>
        <field type="TextField" name="change_message"></field>
    </object>
    <object pk="10" model="admin.logentry">
        <field type="DateTimeField" name="action_time">2011-02-19 01:55:16</field>
        <field to="auth.user" name="user" rel="ManyToOneRel">1</field>
        <field to="contenttypes.contenttype" name="content_type" rel="ManyToOneRel">11</field>
        <field type="TextField" name="object_id">1</field>
        <field type="CharField" name="object_repr">Product object</field>
        <field type="PositiveSmallIntegerField" name="action_flag">2</field>
        <field type="TextField" name="change_message">No fields changed.</field>
    </object>
    <object pk="9" model="admin.logentry">
        <field type="DateTimeField" name="action_time">2011-02-19 01:55:13</field>
        <field to="auth.user" name="user" rel="ManyToOneRel">1</field>
        <field to="contenttypes.contenttype" name="content_type" rel="ManyToOneRel">11</field>
        <field type="TextField" name="object_id">1</field>
        <field type="CharField" name="object_repr">Product object</field>
        <field type="PositiveSmallIntegerField" name="action_flag">1</field>
        <field type="TextField" name="change_message"></field>
    </object>
    <object pk="8" model="admin.logentry">
        <field type="DateTimeField" name="action_time">2011-02-18 14:36:05</field>
        <field to="auth.user" name="user" rel="ManyToOneRel">1</field>
        <field to="contenttypes.contenttype" name="content_type" rel="ManyToOneRel">8</field>
        <field type="TextField" name="object_id">1</field>
        <field type="CharField" name="object_repr">What is my name?</field>
        <field type="PositiveSmallIntegerField" name="action_flag">2</field>
        <field type="TextField" name="change_message">No fields changed.</field>
    </object>
    <object pk="7" model="admin.logentry">
        <field type="DateTimeField" name="action_time">2011-02-18 14:36:01</field>
        <field to="auth.user" name="user" rel="ManyToOneRel">1</field>
        <field to="contenttypes.contenttype" name="content_type" rel="ManyToOneRel">8</field>
        <field type="TextField" name="object_id">1</field>
        <field type="CharField" name="object_repr">What is my name?</field>
        <field type="PositiveSmallIntegerField" name="action_flag">1</field>
        <field type="TextField" name="change_message"></field>
    </object>
    <object pk="6" model="admin.logentry">
        <field type="DateTimeField" name="action_time">2011-02-18 14:35:20</field>
        <field to="auth.user" name="user" rel="ManyToOneRel">1</field>
        <field to="contenttypes.contenttype" name="content_type" rel="ManyToOneRel">3</field>
        <field type="TextField" name="object_id">3</field>
        <field type="CharField" name="object_repr">juha</field>
        <field type="PositiveSmallIntegerField" name="action_flag">2</field>
        <field type="TextField" name="change_message">Changed first_name, last_name, email, is_staff and is_superuser.</field>
    </object>
    <object pk="5" model="admin.logentry">
        <field type="DateTimeField" name="action_time">2011-02-18 14:34:38</field>
        <field to="auth.user" name="user" rel="ManyToOneRel">1</field>
        <field to="contenttypes.contenttype" name="content_type" rel="ManyToOneRel">3</field>
        <field type="TextField" name="object_id">3</field>
        <field type="CharField" name="object_repr">juha</field>
        <field type="PositiveSmallIntegerField" name="action_flag">1</field>
        <field type="TextField" name="change_message"></field>
    </object>
    <object pk="4" model="admin.logentry">
        <field type="DateTimeField" name="action_time">2011-02-18 14:34:25</field>
        <field to="auth.user" name="user" rel="ManyToOneRel">1</field>
        <field to="contenttypes.contenttype" name="content_type" rel="ManyToOneRel">3</field>
        <field type="TextField" name="object_id">2</field>
        <field type="CharField" name="object_repr">kalle</field>
        <field type="PositiveSmallIntegerField" name="action_flag">2</field>
        <field type="TextField" name="change_message">Changed is_staff.</field>
    </object>
    <object pk="3" model="admin.logentry">
        <field type="DateTimeField" name="action_time">2011-02-18 14:34:18</field>
        <field to="auth.user" name="user" rel="ManyToOneRel">1</field>
        <field to="contenttypes.contenttype" name="content_type" rel="ManyToOneRel">3</field>
        <field type="TextField" name="object_id">1</field>
        <field type="CharField" name="object_repr">markku</field>
        <field type="PositiveSmallIntegerField" name="action_flag">2</field>
        <field type="TextField" name="change_message">Changed first_name and last_name.</field>
    </object>
    <object pk="2" model="admin.logentry">
        <field type="DateTimeField" name="action_time">2011-02-18 14:33:55</field>
        <field to="auth.user" name="user" rel="ManyToOneRel">1</field>
        <field to="contenttypes.contenttype" name="content_type" rel="ManyToOneRel">3</field>
        <field type="TextField" name="object_id">2</field>
        <field type="CharField" name="object_repr">kalle</field>
        <field type="PositiveSmallIntegerField" name="action_flag">2</field>
        <field type="TextField" name="change_message">Changed first_name, last_name, email and is_superuser.</field>
    </object>
    <object pk="1" model="admin.logentry">
        <field type="DateTimeField" name="action_time">2011-02-18 14:33:32</field>
        <field to="auth.user" name="user" rel="ManyToOneRel">1</field>
        <field to="contenttypes.contenttype" name="content_type" rel="ManyToOneRel">3</field>
        <field type="TextField" name="object_id">2</field>
        <field type="CharField" name="object_repr">kalle</field>
        <field type="PositiveSmallIntegerField" name="action_flag">1</field>
        <field type="TextField" name="change_message"></field>
    </object>
    <object pk="52" model="auth.permission">
        <field type="CharField" name="name">Can add log entry</field>
        <field to="contenttypes.contenttype" name="content_type" rel="ManyToOneRel">18</field>
        <field type="CharField" name="codename">add_logentry</field>
    </object>
    <object pk="53" model="auth.permission">
        <field type="CharField" name="name">Can change log entry</field>
        <field to="contenttypes.contenttype" name="content_type" rel="ManyToOneRel">18</field>
        <field type="CharField" name="codename">change_logentry</field>
    </object>
    <object pk="54" model="auth.permission">
        <field type="CharField" name="name">Can delete log entry</field>
        <field to="contenttypes.contenttype" name="content_type" rel="ManyToOneRel">18</field>
        <field type="CharField" name="codename">delete_logentry</field>
    </object>
    <object pk="4" model="auth.permission">
        <field type="CharField" name="name">Can add group</field>
        <field to="contenttypes.contenttype" name="content_type" rel="ManyToOneRel">2</field>
        <field type="CharField" name="codename">add_group</field>
    </object>
    <object pk="5" model="auth.permission">
        <field type="CharField" name="name">Can change group</field>
        <field to="contenttypes.contenttype" name="content_type" rel="ManyToOneRel">2</field>
        <field type="CharField" name="codename">change_group</field>
    </object>
    <object pk="6" model="auth.permission">
        <field type="CharField" name="name">Can delete group</field>
        <field to="contenttypes.contenttype" name="content_type" rel="ManyToOneRel">2</field>
        <field type="CharField" name="codename">delete_group</field>
    </object>
    <object pk="10" model="auth.permission">
        <field type="CharField" name="name">Can add message</field>
        <field to="contenttypes.contenttype" name="content_type" rel="ManyToOneRel">4</field>
        <field type="CharField" name="codename">add_message</field>
    </object>
    <object pk="11" model="auth.permission">
        <field type="CharField" name="name">Can change message</field>
        <field to="contenttypes.contenttype" name="content_type" rel="ManyToOneRel">4</field>
        <field type="CharField" name="codename">change_message</field>
    </object>
    <object pk="12" model="auth.permission">
        <field type="CharField" name="name">Can delete message</field>
        <field to="contenttypes.contenttype" name="content_type" rel="ManyToOneRel">4</field>
        <field type="CharField" name="codename">delete_message</field>
    </object>
    <object pk="1" model="auth.permission">
        <field type="CharField" name="name">Can add permission</field>
        <field to="contenttypes.contenttype" name="content_type" rel="ManyToOneRel">1</field>
        <field type="CharField" name="codename">add_permission</field>
    </object>
    <object pk="2" model="auth.permission">
        <field type="CharField" name="name">Can change permission</field>
        <field to="contenttypes.contenttype" name="content_type" rel="ManyToOneRel">1</field>
        <field type="CharField" name="codename">change_permission</field>
    </object>
    <object pk="3" model="auth.permission">
        <field type="CharField" name="name">Can delete permission</field>
        <field to="contenttypes.contenttype" name="content_type" rel="ManyToOneRel">1</field>
        <field type="CharField" name="codename">delete_permission</field>
    </object>
    <object pk="7" model="auth.permission">
        <field type="CharField" name="name">Can add user</field>
        <field to="contenttypes.contenttype" name="content_type" rel="ManyToOneRel">3</field>
        <field type="CharField" name="codename">add_user</field>
    </object>
    <object pk="8" model="auth.permission">
        <field type="CharField" name="name">Can change user</field>
        <field to="contenttypes.contenttype" name="content_type" rel="ManyToOneRel">3</field>
        <field type="CharField" name="codename">change_user</field>
    </object>
    <object pk="9" model="auth.permission">
        <field type="CharField" name="name">Can delete user</field>
        <field to="contenttypes.contenttype" name="content_type" rel="ManyToOneRel">3</field>
        <field type="CharField" name="codename">delete_user</field>
    </object>
    <object pk="13" model="auth.permission">
        <field type="CharField" name="name">Can add content type</field>
        <field to="contenttypes.contenttype" name="content_type" rel="ManyToOneRel">5</field>
        <field type="CharField" name="codename">add_contenttype</field>
    </object>
    <object pk="14" model="auth.permission">
        <field type="CharField" name="name">Can change content type</field>
        <field to="contenttypes.contenttype" name="content_type" rel="ManyToOneRel">5</field>
        <field type="CharField" name="codename">change_contenttype</field>
    </object>
    <object pk="15" model="auth.permission">
        <field type="CharField" name="name">Can delete content type</field>
        <field to="contenttypes.contenttype" name="content_type" rel="ManyToOneRel">5</field>
        <field type="CharField" name="codename">delete_contenttype</field>
    </object>
    <object pk="25" model="auth.permission">
        <field type="CharField" name="name">Can add choice</field>
        <field to="contenttypes.contenttype" name="content_type" rel="ManyToOneRel">9</field>
        <field type="CharField" name="codename">add_choice</field>
    </object>
    <object pk="26" model="auth.permission">
        <field type="CharField" name="name">Can change choice</field>
        <field to="contenttypes.contenttype" name="content_type" rel="ManyToOneRel">9</field>
        <field type="CharField" name="codename">change_choice</field>
    </object>
    <object pk="27" model="auth.permission">
        <field type="CharField" name="name">Can delete choice</field>
        <field to="contenttypes.contenttype" name="content_type" rel="ManyToOneRel">9</field>
        <field type="CharField" name="codename">delete_choice</field>
    </object>
    <object pk="22" model="auth.permission">
        <field type="CharField" name="name">Can add poll</field>
        <field to="contenttypes.contenttype" name="content_type" rel="ManyToOneRel">8</field>
        <field type="CharField" name="codename">add_poll</field>
    </object>
    <object pk="23" model="auth.permission">
        <field type="CharField" name="name">Can change poll</field>
        <field to="contenttypes.contenttype" name="content_type" rel="ManyToOneRel">8</field>
        <field type="CharField" name="codename">change_poll</field>
    </object>
    <object pk="24" model="auth.permission">
        <field type="CharField" name="name">Can delete poll</field>
        <field to="contenttypes.contenttype" name="content_type" rel="ManyToOneRel">8</field>
        <field type="CharField" name="codename">delete_poll</field>
    </object>
    <object pk="16" model="auth.permission">
        <field type="CharField" name="name">Can add session</field>
        <field to="contenttypes.contenttype" name="content_type" rel="ManyToOneRel">6</field>
        <field type="CharField" name="codename">add_session</field>
    </object>
    <object pk="17" model="auth.permission">
        <field type="CharField" name="name">Can change session</field>
        <field to="contenttypes.contenttype" name="content_type" rel="ManyToOneRel">6</field>
        <field type="CharField" name="codename">change_session</field>
    </object>
    <object pk="18" model="auth.permission">
        <field type="CharField" name="name">Can delete session</field>
        <field to="contenttypes.contenttype" name="content_type" rel="ManyToOneRel">6</field>
        <field type="CharField" name="codename">delete_session</field>
    </object>
    <object pk="19" model="auth.permission">
        <field type="CharField" name="name">Can add site</field>
        <field to="contenttypes.contenttype" name="content_type" rel="ManyToOneRel">7</field>
        <field type="CharField" name="codename">add_site</field>
    </object>
    <object pk="20" model="auth.permission">
        <field type="CharField" name="name">Can change site</field>
        <field to="contenttypes.contenttype" name="content_type" rel="ManyToOneRel">7</field>
        <field type="CharField" name="codename">change_site</field>
    </object>
    <object pk="21" model="auth.permission">
        <field type="CharField" name="name">Can delete site</field>
        <field to="contenttypes.contenttype" name="content_type" rel="ManyToOneRel">7</field>
        <field type="CharField" name="codename">delete_site</field>
    </object>
    <object pk="67" model="auth.permission">
        <field type="CharField" name="name">Can add address</field>
        <field to="contenttypes.contenttype" name="content_type" rel="ManyToOneRel">23</field>
        <field type="CharField" name="codename">add_address</field>
    </object>
    <object pk="68" model="auth.permission">
        <field type="CharField" name="name">Can change address</field>
        <field to="contenttypes.contenttype" name="content_type" rel="ManyToOneRel">23</field>
        <field type="CharField" name="codename">change_address</field>
    </object>
    <object pk="69" model="auth.permission">
        <field type="CharField" name="name">Can delete address</field>
        <field to="contenttypes.contenttype" name="content_type" rel="ManyToOneRel">23</field>
        <field type="CharField" name="codename">delete_address</field>
    </object>
    <object pk="37" model="auth.permission">
        <field type="CharField" name="name">Can add comment</field>
        <field to="contenttypes.contenttype" name="content_type" rel="ManyToOneRel">13</field>
        <field type="CharField" name="codename">add_comment</field>
    </object>
    <object pk="38" model="auth.permission">
        <field type="CharField" name="name">Can change comment</field>
        <field to="contenttypes.contenttype" name="content_type" rel="ManyToOneRel">13</field>
        <field type="CharField" name="codename">change_comment</field>
    </object>
    <object pk="39" model="auth.permission">
        <field type="CharField" name="name">Can delete comment</field>
        <field to="contenttypes.contenttype" name="content_type" rel="ManyToOneRel">13</field>
        <field type="CharField" name="codename">delete_comment</field>
    </object>
    <object pk="43" model="auth.permission">
        <field type="CharField" name="name">Can add order</field>
        <field to="contenttypes.contenttype" name="content_type" rel="ManyToOneRel">15</field>
        <field type="CharField" name="codename">add_order</field>
    </object>
    <object pk="44" model="auth.permission">
        <field type="CharField" name="name">Can change order</field>
        <field to="contenttypes.contenttype" name="content_type" rel="ManyToOneRel">15</field>
        <field type="CharField" name="codename">change_order</field>
    </object>
    <object pk="45" model="auth.permission">
        <field type="CharField" name="name">Can delete order</field>
        <field to="contenttypes.contenttype" name="content_type" rel="ManyToOneRel">15</field>
        <field type="CharField" name="codename">delete_order</field>
    </object>
    <object pk="70" model="auth.permission">
        <field type="CharField" name="name">Can add order item</field>
        <field to="contenttypes.contenttype" name="content_type" rel="ManyToOneRel">24</field>
        <field type="CharField" name="codename">add_orderitem</field>
    </object>
    <object pk="71" model="auth.permission">
        <field type="CharField" name="name">Can change order item</field>
        <field to="contenttypes.contenttype" name="content_type" rel="ManyToOneRel">24</field>
        <field type="CharField" name="codename">change_orderitem</field>
    </object>
    <object pk="72" model="auth.permission">
        <field type="CharField" name="name">Can delete order item</field>
        <field to="contenttypes.contenttype" name="content_type" rel="ManyToOneRel">24</field>
        <field type="CharField" name="codename">delete_orderitem</field>
    </object>
    <object pk="31" model="auth.permission">
        <field type="CharField" name="name">Can add product</field>
        <field to="contenttypes.contenttype" name="content_type" rel="ManyToOneRel">11</field>
        <field type="CharField" name="codename">add_product</field>
    </object>
    <object pk="32" model="auth.permission">
        <field type="CharField" name="name">Can change product</field>
        <field to="contenttypes.contenttype" name="content_type" rel="ManyToOneRel">11</field>
        <field type="CharField" name="codename">change_product</field>
    </object>
    <object pk="33" model="auth.permission">
        <field type="CharField" name="name">Can delete product</field>
        <field to="contenttypes.contenttype" name="content_type" rel="ManyToOneRel">11</field>
        <field type="CharField" name="codename">delete_product</field>
    </object>
    <object pk="40" model="auth.permission">
        <field type="CharField" name="name">Can add rating</field>
        <field to="contenttypes.contenttype" name="content_type" rel="ManyToOneRel">14</field>
        <field type="CharField" name="codename">add_rating</field>
    </object>
    <object pk="41" model="auth.permission">
        <field type="CharField" name="name">Can change rating</field>
        <field to="contenttypes.contenttype" name="content_type" rel="ManyToOneRel">14</field>
        <field type="CharField" name="codename">change_rating</field>
    </object>
    <object pk="42" model="auth.permission">
        <field type="CharField" name="name">Can delete rating</field>
        <field to="contenttypes.contenttype" name="content_type" rel="ManyToOneRel">14</field>
        <field type="CharField" name="codename">delete_rating</field>
    </object>
    <object pk="58" model="auth.permission">
        <field type="CharField" name="name">Can add sale item</field>
        <field to="contenttypes.contenttype" name="content_type" rel="ManyToOneRel">20</field>
        <field type="CharField" name="codename">add_saleitem</field>
    </object>
    <object pk="59" model="auth.permission">
        <field type="CharField" name="name">Can change sale item</field>
        <field to="contenttypes.contenttype" name="content_type" rel="ManyToOneRel">20</field>
        <field type="CharField" name="codename">change_saleitem</field>
    </object>
    <object pk="60" model="auth.permission">
        <field type="CharField" name="name">Can delete sale item</field>
        <field to="contenttypes.contenttype" name="content_type" rel="ManyToOneRel">20</field>
        <field type="CharField" name="codename">delete_saleitem</field>
    </object>
    <object pk="73" model="auth.permission">
        <field type="CharField" name="name">Can add shipping method</field>
        <field to="contenttypes.contenttype" name="content_type" rel="ManyToOneRel">25</field>
        <field type="CharField" name="codename">add_shippingmethod</field>
    </object>
    <object pk="74" model="auth.permission">
        <field type="CharField" name="name">Can change shipping method</field>
        <field to="contenttypes.contenttype" name="content_type" rel="ManyToOneRel">25</field>
        <field type="CharField" name="codename">change_shippingmethod</field>
    </object>
    <object pk="75" model="auth.permission">
        <field type="CharField" name="name">Can delete shipping method</field>
        <field to="contenttypes.contenttype" name="content_type" rel="ManyToOneRel">25</field>
        <field type="CharField" name="codename">delete_shippingmethod</field>
    </object>
    <object pk="61" model="auth.permission">
        <field type="CharField" name="name">Can add statistic</field>
        <field to="contenttypes.contenttype" name="content_type" rel="ManyToOneRel">21</field>
        <field type="CharField" name="codename">add_statistic</field>
    </object>
    <object pk="62" model="auth.permission">
        <field type="CharField" name="name">Can change statistic</field>
        <field to="contenttypes.contenttype" name="content_type" rel="ManyToOneRel">21</field>
        <field type="CharField" name="codename">change_statistic</field>
    </object>
    <object pk="63" model="auth.permission">
        <field type="CharField" name="name">Can delete statistic</field>
        <field to="contenttypes.contenttype" name="content_type" rel="ManyToOneRel">21</field>
        <field type="CharField" name="codename">delete_statistic</field>
    </object>
    <object pk="55" model="auth.permission">
        <field type="CharField" name="name">Can add type</field>
        <field to="contenttypes.contenttype" name="content_type" rel="ManyToOneRel">19</field>
        <field type="CharField" name="codename">add_type</field>
    </object>
    <object pk="56" model="auth.permission">
        <field type="CharField" name="name">Can change type</field>
        <field to="contenttypes.contenttype" name="content_type" rel="ManyToOneRel">19</field>
        <field type="CharField" name="codename">change_type</field>
    </object>
    <object pk="57" model="auth.permission">
        <field type="CharField" name="name">Can delete type</field>
        <field to="contenttypes.contenttype" name="content_type" rel="ManyToOneRel">19</field>
        <field type="CharField" name="codename">delete_type</field>
    </object>
    <object pk="1" model="auth.user">
        <field type="CharField" name="username">administrator</field>
        <field type="CharField" name="first_name">Andy</field>
        <field type="CharField" name="last_name">Administrator</field>
        <field type="CharField" name="email">administrator@example.org</field>
        <field type="CharField" name="password">sha1$f3e8e$a88c93cc1a54baaaab1388f172725d5c2583fb63</field>
        <field type="BooleanField" name="is_staff">True</field>
        <field type="BooleanField" name="is_active">True</field>
        <field type="BooleanField" name="is_superuser">True</field>
        <field type="DateTimeField" name="last_login">2011-03-11 04:17:06</field>
        <field type="DateTimeField" name="date_joined">2011-03-10 05:22:04</field>
        <field to="auth.group" name="groups" rel="ManyToManyRel"></field>
        <field to="auth.permission" name="user_permissions" rel="ManyToManyRel"></field>
    </object>
    <object pk="2" model="auth.user">
        <field type="CharField" name="username">user</field>
        <field type="CharField" name="first_name">Udo</field>
        <field type="CharField" name="last_name">User</field>
        <field type="CharField" name="email">user@example.org</field>
        <field type="CharField" name="password">sha1$bb912$f55ef031f9a18fbac0717d88348333b9e35e5925</field>
        <field type="BooleanField" name="is_staff">False</field>
        <field type="BooleanField" name="is_active">True</field>
        <field type="BooleanField" name="is_superuser">False</field>
        <field type="DateTimeField" name="last_login">2011-03-11 04:16:45</field>
        <field type="DateTimeField" name="date_joined">2011-03-10 05:34:12</field>
        <field to="auth.group" name="groups" rel="ManyToManyRel"></field>
        <field to="auth.permission" name="user_permissions" rel="ManyToManyRel"></field>
    </object>
</django-objects>